{"obj": {"type": "AssignString", "path": ["sys", "name"], "value": "Untitled"}, "version": 1}
{"obj": {"type": "AssignString", "path": ["sys", "description"], "value": ""}, "version": 2}
{"obj": {"type": "AssignString", "path": ["sys", "hostname"], "value": "dst-mikrowelle"}, "version": 3}
{"obj": {"type": "AssignBool", "path": ["sys", "failed"], "value": false}, "version": 4}
{"obj": {"type": "ClearStringLog", "path": ["monitoring", "stdout"]}, "version": 5}
{"obj": {"type": "ClearStringLog", "path": ["monitoring", "stderr"]}, "version": 6}
{"obj": {"type": "AssignString", "path": ["source_code", "entrypoint"], "value": "main.py"}, "version": 7}
{"obj": {"type": "UploadFileSet", "path": ["source_code", "files"], "file_globs": ["/home/ndip/CenterNet/src/main.py"], "reset": "False"}, "version": 8}
{"obj": {"type": "ConfigFloatSeries", "path": ["monitoring", "cpu"], "min": 0.0, "max": 100.0, "unit": "%"}, "version": 9}
{"obj": {"type": "ClearFloatLog", "path": ["monitoring", "cpu"]}, "version": 10}
{"obj": {"type": "ConfigFloatSeries", "path": ["monitoring", "memory"], "min": 0.0, "max": 62.64727783203125, "unit": "GB"}, "version": 11}
{"obj": {"type": "ClearFloatLog", "path": ["monitoring", "memory"]}, "version": 12}
{"obj": {"type": "ConfigFloatSeries", "path": ["monitoring", "gpu"], "min": 0.0, "max": 100.0, "unit": "%"}, "version": 13}
{"obj": {"type": "ClearFloatLog", "path": ["monitoring", "gpu"]}, "version": 14}
{"obj": {"type": "ConfigFloatSeries", "path": ["monitoring", "gpu_memory"], "min": 0.0, "max": 24.0, "unit": "GB"}, "version": 15}
{"obj": {"type": "ClearFloatLog", "path": ["monitoring", "gpu_memory"]}, "version": 16}
{"obj": {"type": "LogStrings", "path": ["monitoring", "stdout"], "values": [{"value": "Creating model...", "step": null, "ts": 1651886584.0951676}]}, "version": 17}
{"obj": {"type": "LogStrings", "path": ["monitoring", "stdout"], "values": [{"value": "\n", "step": null, "ts": 1651886584.095395}]}, "version": 18}
{"obj": {"type": "LogFloats", "path": ["monitoring", "cpu"], "values": [{"value": 2.6, "step": null, "ts": 1651886584.0893035}]}, "version": 19}
{"obj": {"type": "LogFloats", "path": ["monitoring", "memory"], "values": [{"value": 1.7231864929199219, "step": null, "ts": 1651886584.0893035}]}, "version": 20}
{"obj": {"type": "LogFloats", "path": ["monitoring", "gpu_memory"], "values": [{"value": 0.35302734375, "step": null, "ts": 1651886584.0893035}]}, "version": 21}
{"obj": {"type": "LogStrings", "path": ["monitoring", "stdout"], "values": [{"value": "loaded /home/ndip/CenterNet/src/lib/../../exp/multi_pose/dla_1x/model_last.pth, epoch 35", "step": null, "ts": 1651886584.506624}]}, "version": 22}
{"obj": {"type": "LogStrings", "path": ["monitoring", "stdout"], "values": [{"value": "\n", "step": null, "ts": 1651886584.506857}]}, "version": 23}
{"obj": {"type": "LogStrings", "path": ["monitoring", "stdout"], "values": [{"value": "Resumed optimizer with start lr", "step": null, "ts": 1651886584.5876572}]}, "version": 24}
{"obj": {"type": "LogStrings", "path": ["monitoring", "stdout"], "values": [{"value": " ", "step": null, "ts": 1651886584.5878408}]}, "version": 25}
{"obj": {"type": "LogStrings", "path": ["monitoring", "stdout"], "values": [{"value": "9e-06", "step": null, "ts": 1651886584.5879138}]}, "version": 26}
{"obj": {"type": "LogStrings", "path": ["monitoring", "stdout"], "values": [{"value": "\n", "step": null, "ts": 1651886584.5879972}]}, "version": 27}
{"obj": {"type": "LogStrings", "path": ["monitoring", "stdout"], "values": [{"value": "Setting up data...", "step": null, "ts": 1651886586.135243}]}, "version": 28}
{"obj": {"type": "LogStrings", "path": ["monitoring", "stdout"], "values": [{"value": "\n", "step": null, "ts": 1651886586.1354601}]}, "version": 29}
{"obj": {"type": "LogStrings", "path": ["monitoring", "stdout"], "values": [{"value": "==> initializing theodore valid data.", "step": null, "ts": 1651886586.1359441}]}, "version": 30}
{"obj": {"type": "LogStrings", "path": ["monitoring", "stdout"], "values": [{"value": "\n", "step": null, "ts": 1651886586.1360219}]}, "version": 31}
{"obj": {"type": "LogStrings", "path": ["monitoring", "stdout"], "values": [{"value": "loading annotations into memory...", "step": null, "ts": 1651886586.1361039}]}, "version": 32}
{"obj": {"type": "LogStrings", "path": ["monitoring", "stdout"], "values": [{"value": "\n", "step": null, "ts": 1651886586.1361694}]}, "version": 33}
{"obj": {"type": "LogStrings", "path": ["monitoring", "stdout"], "values": [{"value": "Done (t=0.54s)", "step": null, "ts": 1651886586.6725922}]}, "version": 34}
{"obj": {"type": "LogStrings", "path": ["monitoring", "stdout"], "values": [{"value": "\n", "step": null, "ts": 1651886586.672794}]}, "version": 35}
{"obj": {"type": "LogStrings", "path": ["monitoring", "stdout"], "values": [{"value": "creating index...", "step": null, "ts": 1651886586.672866}]}, "version": 36}
{"obj": {"type": "LogStrings", "path": ["monitoring", "stdout"], "values": [{"value": "\n", "step": null, "ts": 1651886586.67293}]}, "version": 37}
{"obj": {"type": "LogStrings", "path": ["monitoring", "stdout"], "values": [{"value": "index created!", "step": null, "ts": 1651886586.6833003}]}, "version": 38}
{"obj": {"type": "LogStrings", "path": ["monitoring", "stdout"], "values": [{"value": "\n", "step": null, "ts": 1651886586.6835098}]}, "version": 39}
{"obj": {"type": "LogStrings", "path": ["monitoring", "stdout"], "values": [{"value": "Loaded valid 6250 samples", "step": null, "ts": 1651886586.6837244}]}, "version": 40}
{"obj": {"type": "LogStrings", "path": ["monitoring", "stdout"], "values": [{"value": "\n", "step": null, "ts": 1651886586.6837907}]}, "version": 41}
{"obj": {"type": "LogStrings", "path": ["monitoring", "stdout"], "values": [{"value": "==> initializing theodore train data.", "step": null, "ts": 1651886586.6841662}]}, "version": 42}
{"obj": {"type": "LogStrings", "path": ["monitoring", "stdout"], "values": [{"value": "\n", "step": null, "ts": 1651886586.6842372}]}, "version": 43}
{"obj": {"type": "LogStrings", "path": ["monitoring", "stdout"], "values": [{"value": "loading annotations into memory...", "step": null, "ts": 1651886586.684301}]}, "version": 44}
{"obj": {"type": "LogStrings", "path": ["monitoring", "stdout"], "values": [{"value": "\n", "step": null, "ts": 1651886586.6843636}]}, "version": 45}
{"obj": {"type": "LogStrings", "path": ["monitoring", "stdout"], "values": [{"value": "Done (t=2.29s)", "step": null, "ts": 1651886588.972866}]}, "version": 46}
{"obj": {"type": "LogStrings", "path": ["monitoring", "stdout"], "values": [{"value": "\n", "step": null, "ts": 1651886588.9730906}]}, "version": 47}
{"obj": {"type": "LogStrings", "path": ["monitoring", "stdout"], "values": [{"value": "creating index...", "step": null, "ts": 1651886588.9731622}]}, "version": 48}
{"obj": {"type": "LogStrings", "path": ["monitoring", "stdout"], "values": [{"value": "\n", "step": null, "ts": 1651886588.973228}]}, "version": 49}
{"obj": {"type": "LogStrings", "path": ["monitoring", "stdout"], "values": [{"value": "index created!", "step": null, "ts": 1651886589.0487056}]}, "version": 50}
{"obj": {"type": "LogStrings", "path": ["monitoring", "stdout"], "values": [{"value": "\n", "step": null, "ts": 1651886589.0489206}]}, "version": 51}
{"obj": {"type": "LogStrings", "path": ["monitoring", "stdout"], "values": [{"value": "Loaded train 49917 samples", "step": null, "ts": 1651886589.1707673}]}, "version": 52}
{"obj": {"type": "LogStrings", "path": ["monitoring", "stdout"], "values": [{"value": "\n", "step": null, "ts": 1651886589.170969}]}, "version": 53}
{"obj": {"type": "AssignFloat", "path": ["parameters", "learning_rate"], "value": 9e-06}, "version": 54}
{"obj": {"type": "AssignString", "path": ["parameters", "optimizer"], "value": "Adam (\nParameter Group 0\n    amsgrad: False\n    betas: (0.9, 0.999)\n    eps: 1e-08\n    lr: 9e-06\n    weight_decay: 0\n)"}, "version": 55}
{"obj": {"type": "LogStrings", "path": ["monitoring", "stdout"], "values": [{"value": "Starting training...", "step": null, "ts": 1651886589.1722972}]}, "version": 56}
{"obj": {"type": "LogStrings", "path": ["monitoring", "stdout"], "values": [{"value": "\n", "step": null, "ts": 1651886589.1723745}]}, "version": 57}
{"obj": {"type": "LogFloats", "path": ["loss"], "values": [{"value": 0.022528399544939195, "step": null, "ts": 1651886589.1724524}]}, "version": 58}
{"obj": {"type": "LogFloats", "path": ["monitoring", "cpu"], "values": [{"value": 5.1, "step": null, "ts": 1651886594.099794}]}, "version": 59}
{"obj": {"type": "LogFloats", "path": ["monitoring", "memory"], "values": [{"value": 4.100849151611328, "step": null, "ts": 1651886594.099794}]}, "version": 60}
{"obj": {"type": "LogFloats", "path": ["monitoring", "gpu_memory"], "values": [{"value": 1.36846923828125, "step": null, "ts": 1651886594.099794}]}, "version": 61}
{"obj": {"type": "LogStrings", "path": ["monitoring", "stderr"], "values": [{"value": "/home/ndip/miniconda3/envs/CenterNet/lib/python3.6/site-packages/torch/nn/functional.py:52: UserWarning: size_average and reduce args will be deprecated, please use reduction='sum' instead.\n  warnings.warn(warning.format(ret))\n", "step": null, "ts": 1651886598.210123}]}, "version": 62}
{"obj": {"type": "LogFloats", "path": ["monitoring", "cpu"], "values": [{"value": 8.4, "step": null, "ts": 1651886604.101986}]}, "version": 63}
{"obj": {"type": "LogFloats", "path": ["monitoring", "memory"], "values": [{"value": 4.6092681884765625, "step": null, "ts": 1651886604.101986}]}, "version": 64}
{"obj": {"type": "LogFloats", "path": ["monitoring", "gpu"], "values": [{"value": 100.0, "step": null, "ts": 1651886604.101986}]}, "version": 65}
{"obj": {"type": "LogFloats", "path": ["monitoring", "gpu_memory"], "values": [{"value": 13.32354736328125, "step": null, "ts": 1651886604.101986}]}, "version": 66}
{"obj": {"type": "LogFloats", "path": ["monitoring", "cpu"], "values": [{"value": 9.4, "step": null, "ts": 1651886614.104277}]}, "version": 67}
{"obj": {"type": "LogFloats", "path": ["monitoring", "memory"], "values": [{"value": 4.668426513671875, "step": null, "ts": 1651886614.104277}]}, "version": 68}
{"obj": {"type": "LogFloats", "path": ["monitoring", "gpu"], "values": [{"value": 76.0, "step": null, "ts": 1651886614.104277}]}, "version": 69}
{"obj": {"type": "LogFloats", "path": ["monitoring", "gpu_memory"], "values": [{"value": 13.32354736328125, "step": null, "ts": 1651886614.104277}]}, "version": 70}
{"obj": {"type": "LogFloats", "path": ["monitoring", "cpu"], "values": [{"value": 8.3, "step": null, "ts": 1651886624.1067245}]}, "version": 71}
{"obj": {"type": "LogFloats", "path": ["monitoring", "memory"], "values": [{"value": 4.731113433837891, "step": null, "ts": 1651886624.1067245}]}, "version": 72}
{"obj": {"type": "LogFloats", "path": ["monitoring", "gpu"], "values": [{"value": 94.0, "step": null, "ts": 1651886624.1067245}]}, "version": 73}
{"obj": {"type": "LogFloats", "path": ["monitoring", "gpu_memory"], "values": [{"value": 13.32354736328125, "step": null, "ts": 1651886624.1067245}]}, "version": 74}
{"obj": {"type": "LogFloats", "path": ["monitoring", "cpu"], "values": [{"value": 8.4, "step": null, "ts": 1651886634.1089313}]}, "version": 75}
{"obj": {"type": "LogFloats", "path": ["monitoring", "memory"], "values": [{"value": 4.673439025878906, "step": null, "ts": 1651886634.1089313}]}, "version": 76}
{"obj": {"type": "LogFloats", "path": ["monitoring", "gpu"], "values": [{"value": 100.0, "step": null, "ts": 1651886634.1089313}]}, "version": 77}
{"obj": {"type": "LogFloats", "path": ["monitoring", "gpu_memory"], "values": [{"value": 13.32354736328125, "step": null, "ts": 1651886634.1089313}]}, "version": 78}
{"obj": {"type": "LogFloats", "path": ["monitoring", "cpu"], "values": [{"value": 7.9, "step": null, "ts": 1651886644.1105494}]}, "version": 79}
{"obj": {"type": "LogFloats", "path": ["monitoring", "memory"], "values": [{"value": 4.78680419921875, "step": null, "ts": 1651886644.1105494}]}, "version": 80}
{"obj": {"type": "LogFloats", "path": ["monitoring", "gpu_memory"], "values": [{"value": 13.32354736328125, "step": null, "ts": 1651886644.1105494}]}, "version": 81}
{"obj": {"type": "LogFloats", "path": ["monitoring", "cpu"], "values": [{"value": 8.4, "step": null, "ts": 1651886654.1124032}]}, "version": 82}
{"obj": {"type": "LogFloats", "path": ["monitoring", "memory"], "values": [{"value": 4.6790008544921875, "step": null, "ts": 1651886654.1124032}]}, "version": 83}
{"obj": {"type": "LogFloats", "path": ["monitoring", "gpu_memory"], "values": [{"value": 13.32354736328125, "step": null, "ts": 1651886654.1124032}]}, "version": 84}
{"obj": {"type": "LogFloats", "path": ["monitoring", "cpu"], "values": [{"value": 8.7, "step": null, "ts": 1651886664.1142154}]}, "version": 85}
{"obj": {"type": "LogFloats", "path": ["monitoring", "memory"], "values": [{"value": 4.6820831298828125, "step": null, "ts": 1651886664.1142154}]}, "version": 86}
{"obj": {"type": "LogFloats", "path": ["monitoring", "gpu"], "values": [{"value": 100.0, "step": null, "ts": 1651886664.1142154}]}, "version": 87}
{"obj": {"type": "LogFloats", "path": ["monitoring", "gpu_memory"], "values": [{"value": 13.32354736328125, "step": null, "ts": 1651886664.1142154}]}, "version": 88}
{"obj": {"type": "LogFloats", "path": ["monitoring", "cpu"], "values": [{"value": 8.9, "step": null, "ts": 1651886674.1159484}]}, "version": 89}
{"obj": {"type": "LogFloats", "path": ["monitoring", "memory"], "values": [{"value": 4.685718536376953, "step": null, "ts": 1651886674.1159484}]}, "version": 90}
{"obj": {"type": "LogFloats", "path": ["monitoring", "gpu"], "values": [{"value": 38.0, "step": null, "ts": 1651886674.1159484}]}, "version": 91}
{"obj": {"type": "LogFloats", "path": ["monitoring", "gpu_memory"], "values": [{"value": 13.32354736328125, "step": null, "ts": 1651886674.1159484}]}, "version": 92}
{"obj": {"type": "LogFloats", "path": ["monitoring", "cpu"], "values": [{"value": 8.5, "step": null, "ts": 1651886684.1189606}]}, "version": 93}
{"obj": {"type": "LogFloats", "path": ["monitoring", "memory"], "values": [{"value": 4.691310882568359, "step": null, "ts": 1651886684.1189606}]}, "version": 94}
{"obj": {"type": "LogFloats", "path": ["monitoring", "gpu"], "values": [{"value": 93.0, "step": null, "ts": 1651886684.1189606}]}, "version": 95}
{"obj": {"type": "LogFloats", "path": ["monitoring", "gpu_memory"], "values": [{"value": 13.32354736328125, "step": null, "ts": 1651886684.1189606}]}, "version": 96}
{"obj": {"type": "LogFloats", "path": ["monitoring", "cpu"], "values": [{"value": 8.7, "step": null, "ts": 1651886694.1209385}]}, "version": 97}
{"obj": {"type": "LogFloats", "path": ["monitoring", "memory"], "values": [{"value": 4.693603515625, "step": null, "ts": 1651886694.1209385}]}, "version": 98}
{"obj": {"type": "LogFloats", "path": ["monitoring", "gpu"], "values": [{"value": 1.0, "step": null, "ts": 1651886694.1209385}]}, "version": 99}
{"obj": {"type": "LogFloats", "path": ["monitoring", "gpu_memory"], "values": [{"value": 13.32354736328125, "step": null, "ts": 1651886694.1209385}]}, "version": 100}
{"obj": {"type": "LogFloats", "path": ["monitoring", "cpu"], "values": [{"value": 9.3, "step": null, "ts": 1651886704.1228905}]}, "version": 101}
{"obj": {"type": "LogFloats", "path": ["monitoring", "memory"], "values": [{"value": 4.695869445800781, "step": null, "ts": 1651886704.1228905}]}, "version": 102}
{"obj": {"type": "LogFloats", "path": ["monitoring", "gpu"], "values": [{"value": 100.0, "step": null, "ts": 1651886704.1228905}]}, "version": 103}
{"obj": {"type": "LogFloats", "path": ["monitoring", "gpu_memory"], "values": [{"value": 13.32354736328125, "step": null, "ts": 1651886704.1228905}]}, "version": 104}
{"obj": {"type": "LogFloats", "path": ["monitoring", "cpu"], "values": [{"value": 8.7, "step": null, "ts": 1651886714.1248198}]}, "version": 105}
{"obj": {"type": "LogFloats", "path": ["monitoring", "memory"], "values": [{"value": 4.694122314453125, "step": null, "ts": 1651886714.1248198}]}, "version": 106}
{"obj": {"type": "LogFloats", "path": ["monitoring", "gpu"], "values": [{"value": 100.0, "step": null, "ts": 1651886714.1248198}]}, "version": 107}
{"obj": {"type": "LogFloats", "path": ["monitoring", "gpu_memory"], "values": [{"value": 13.32354736328125, "step": null, "ts": 1651886714.1248198}]}, "version": 108}
{"obj": {"type": "LogFloats", "path": ["monitoring", "cpu"], "values": [{"value": 9.1, "step": null, "ts": 1651886724.1271036}]}, "version": 109}
{"obj": {"type": "LogFloats", "path": ["monitoring", "memory"], "values": [{"value": 4.701408386230469, "step": null, "ts": 1651886724.1271036}]}, "version": 110}
{"obj": {"type": "LogFloats", "path": ["monitoring", "gpu"], "values": [{"value": 67.0, "step": null, "ts": 1651886724.1271036}]}, "version": 111}
{"obj": {"type": "LogFloats", "path": ["monitoring", "gpu_memory"], "values": [{"value": 13.32354736328125, "step": null, "ts": 1651886724.1271036}]}, "version": 112}
{"obj": {"type": "LogFloats", "path": ["monitoring", "cpu"], "values": [{"value": 9.7, "step": null, "ts": 1651886734.1290069}]}, "version": 113}
{"obj": {"type": "LogFloats", "path": ["monitoring", "memory"], "values": [{"value": 4.703388214111328, "step": null, "ts": 1651886734.1290069}]}, "version": 114}
{"obj": {"type": "LogFloats", "path": ["monitoring", "gpu"], "values": [{"value": 68.0, "step": null, "ts": 1651886734.1290069}]}, "version": 115}
{"obj": {"type": "LogFloats", "path": ["monitoring", "gpu_memory"], "values": [{"value": 13.32354736328125, "step": null, "ts": 1651886734.1290069}]}, "version": 116}
{"obj": {"type": "LogFloats", "path": ["monitoring", "cpu"], "values": [{"value": 8.8, "step": null, "ts": 1651886744.1310036}]}, "version": 117}
{"obj": {"type": "LogFloats", "path": ["monitoring", "memory"], "values": [{"value": 4.705970764160156, "step": null, "ts": 1651886744.1310036}]}, "version": 118}
{"obj": {"type": "LogFloats", "path": ["monitoring", "gpu"], "values": [{"value": 100.0, "step": null, "ts": 1651886744.1310036}]}, "version": 119}
{"obj": {"type": "LogFloats", "path": ["monitoring", "gpu_memory"], "values": [{"value": 13.32354736328125, "step": null, "ts": 1651886744.1310036}]}, "version": 120}
{"obj": {"type": "LogFloats", "path": ["monitoring", "cpu"], "values": [{"value": 9.3, "step": null, "ts": 1651886754.1336367}]}, "version": 121}
{"obj": {"type": "LogFloats", "path": ["monitoring", "memory"], "values": [{"value": 4.712043762207031, "step": null, "ts": 1651886754.1336367}]}, "version": 122}
{"obj": {"type": "LogFloats", "path": ["monitoring", "gpu"], "values": [{"value": 100.0, "step": null, "ts": 1651886754.1336367}]}, "version": 123}
{"obj": {"type": "LogFloats", "path": ["monitoring", "gpu_memory"], "values": [{"value": 13.32354736328125, "step": null, "ts": 1651886754.1336367}]}, "version": 124}
{"obj": {"type": "LogFloats", "path": ["monitoring", "cpu"], "values": [{"value": 8.5, "step": null, "ts": 1651886764.1355684}]}, "version": 125}
{"obj": {"type": "LogFloats", "path": ["monitoring", "memory"], "values": [{"value": 4.710186004638672, "step": null, "ts": 1651886764.1355684}]}, "version": 126}
{"obj": {"type": "LogFloats", "path": ["monitoring", "gpu_memory"], "values": [{"value": 13.32354736328125, "step": null, "ts": 1651886764.1355684}]}, "version": 127}
{"obj": {"type": "LogFloats", "path": ["monitoring", "cpu"], "values": [{"value": 9.9, "step": null, "ts": 1651886774.1374073}]}, "version": 128}
{"obj": {"type": "LogFloats", "path": ["monitoring", "memory"], "values": [{"value": 4.71710205078125, "step": null, "ts": 1651886774.1374073}]}, "version": 129}
{"obj": {"type": "LogFloats", "path": ["monitoring", "gpu"], "values": [{"value": 100.0, "step": null, "ts": 1651886774.1374073}]}, "version": 130}
{"obj": {"type": "LogFloats", "path": ["monitoring", "gpu_memory"], "values": [{"value": 13.32354736328125, "step": null, "ts": 1651886774.1374073}]}, "version": 131}
{"obj": {"type": "LogFloats", "path": ["monitoring", "cpu"], "values": [{"value": 11.0, "step": null, "ts": 1651886784.1394207}]}, "version": 132}
{"obj": {"type": "LogFloats", "path": ["monitoring", "memory"], "values": [{"value": 4.721187591552734, "step": null, "ts": 1651886784.1394207}]}, "version": 133}
{"obj": {"type": "LogFloats", "path": ["monitoring", "gpu_memory"], "values": [{"value": 13.32354736328125, "step": null, "ts": 1651886784.1394207}]}, "version": 134}
{"obj": {"type": "LogFloats", "path": ["monitoring", "cpu"], "values": [{"value": 11.4, "step": null, "ts": 1651886794.141234}]}, "version": 135}
{"obj": {"type": "LogFloats", "path": ["monitoring", "memory"], "values": [{"value": 4.723011016845703, "step": null, "ts": 1651886794.141234}]}, "version": 136}
{"obj": {"type": "LogFloats", "path": ["monitoring", "gpu"], "values": [{"value": 91.0, "step": null, "ts": 1651886794.141234}]}, "version": 137}
{"obj": {"type": "LogFloats", "path": ["monitoring", "gpu_memory"], "values": [{"value": 13.32354736328125, "step": null, "ts": 1651886794.141234}]}, "version": 138}
{"obj": {"type": "LogFloats", "path": ["monitoring", "cpu"], "values": [{"value": 11.6, "step": null, "ts": 1651886804.1468084}]}, "version": 139}
{"obj": {"type": "LogFloats", "path": ["monitoring", "memory"], "values": [{"value": 4.732173919677734, "step": null, "ts": 1651886804.1468084}]}, "version": 140}
{"obj": {"type": "LogFloats", "path": ["monitoring", "gpu"], "values": [{"value": 99.0, "step": null, "ts": 1651886804.1468084}]}, "version": 141}
{"obj": {"type": "LogFloats", "path": ["monitoring", "gpu_memory"], "values": [{"value": 13.32354736328125, "step": null, "ts": 1651886804.1468084}]}, "version": 142}
{"obj": {"type": "LogFloats", "path": ["monitoring", "cpu"], "values": [{"value": 17.9, "step": null, "ts": 1651886814.1486318}]}, "version": 143}
{"obj": {"type": "LogFloats", "path": ["monitoring", "memory"], "values": [{"value": 4.9843292236328125, "step": null, "ts": 1651886814.1486318}]}, "version": 144}
{"obj": {"type": "LogFloats", "path": ["monitoring", "gpu"], "values": [{"value": 100.0, "step": null, "ts": 1651886814.1486318}]}, "version": 145}
{"obj": {"type": "LogFloats", "path": ["monitoring", "gpu_memory"], "values": [{"value": 13.32354736328125, "step": null, "ts": 1651886814.1486318}]}, "version": 146}
{"obj": {"type": "LogFloats", "path": ["monitoring", "cpu"], "values": [{"value": 14.1, "step": null, "ts": 1651886824.1507504}]}, "version": 147}
{"obj": {"type": "LogFloats", "path": ["monitoring", "memory"], "values": [{"value": 4.988391876220703, "step": null, "ts": 1651886824.1507504}]}, "version": 148}
{"obj": {"type": "LogFloats", "path": ["monitoring", "gpu"], "values": [{"value": 98.0, "step": null, "ts": 1651886824.1507504}]}, "version": 149}
{"obj": {"type": "LogFloats", "path": ["monitoring", "gpu_memory"], "values": [{"value": 13.32354736328125, "step": null, "ts": 1651886824.1507504}]}, "version": 150}
{"obj": {"type": "LogFloats", "path": ["monitoring", "cpu"], "values": [{"value": 14.3, "step": null, "ts": 1651886834.1530025}]}, "version": 151}
{"obj": {"type": "LogFloats", "path": ["monitoring", "memory"], "values": [{"value": 4.994144439697266, "step": null, "ts": 1651886834.1530025}]}, "version": 152}
{"obj": {"type": "LogFloats", "path": ["monitoring", "gpu"], "values": [{"value": 100.0, "step": null, "ts": 1651886834.1530025}]}, "version": 153}
{"obj": {"type": "LogFloats", "path": ["monitoring", "gpu_memory"], "values": [{"value": 13.32354736328125, "step": null, "ts": 1651886834.1530025}]}, "version": 154}
{"obj": {"type": "LogFloats", "path": ["monitoring", "cpu"], "values": [{"value": 13.3, "step": null, "ts": 1651886844.1549096}]}, "version": 155}
{"obj": {"type": "LogFloats", "path": ["monitoring", "memory"], "values": [{"value": 4.998134613037109, "step": null, "ts": 1651886844.1549096}]}, "version": 156}
{"obj": {"type": "LogFloats", "path": ["monitoring", "gpu"], "values": [{"value": 100.0, "step": null, "ts": 1651886844.1549096}]}, "version": 157}
{"obj": {"type": "LogFloats", "path": ["monitoring", "gpu_memory"], "values": [{"value": 13.32354736328125, "step": null, "ts": 1651886844.1549096}]}, "version": 158}
{"obj": {"type": "LogFloats", "path": ["monitoring", "cpu"], "values": [{"value": 13.4, "step": null, "ts": 1651886854.1569483}]}, "version": 159}
{"obj": {"type": "LogFloats", "path": ["monitoring", "memory"], "values": [{"value": 5.003780364990234, "step": null, "ts": 1651886854.1569483}]}, "version": 160}
{"obj": {"type": "LogFloats", "path": ["monitoring", "gpu"], "values": [{"value": 100.0, "step": null, "ts": 1651886854.1569483}]}, "version": 161}
{"obj": {"type": "LogFloats", "path": ["monitoring", "gpu_memory"], "values": [{"value": 13.32354736328125, "step": null, "ts": 1651886854.1569483}]}, "version": 162}
{"obj": {"type": "LogFloats", "path": ["monitoring", "cpu"], "values": [{"value": 13.9, "step": null, "ts": 1651886864.159646}]}, "version": 163}
{"obj": {"type": "LogFloats", "path": ["monitoring", "memory"], "values": [{"value": 5.00384521484375, "step": null, "ts": 1651886864.159646}]}, "version": 164}
{"obj": {"type": "LogFloats", "path": ["monitoring", "gpu"], "values": [{"value": 100.0, "step": null, "ts": 1651886864.159646}]}, "version": 165}
{"obj": {"type": "LogFloats", "path": ["monitoring", "gpu_memory"], "values": [{"value": 13.32354736328125, "step": null, "ts": 1651886864.159646}]}, "version": 166}
{"obj": {"type": "LogFloats", "path": ["monitoring", "cpu"], "values": [{"value": 12.5, "step": null, "ts": 1651886874.1617322}]}, "version": 167}
{"obj": {"type": "LogFloats", "path": ["monitoring", "memory"], "values": [{"value": 5.008384704589844, "step": null, "ts": 1651886874.1617322}]}, "version": 168}
{"obj": {"type": "LogFloats", "path": ["monitoring", "gpu"], "values": [{"value": 56.0, "step": null, "ts": 1651886874.1617322}]}, "version": 169}
{"obj": {"type": "LogFloats", "path": ["monitoring", "gpu_memory"], "values": [{"value": 13.32354736328125, "step": null, "ts": 1651886874.1617322}]}, "version": 170}
{"obj": {"type": "LogFloats", "path": ["monitoring", "cpu"], "values": [{"value": 12.5, "step": null, "ts": 1651886884.165536}]}, "version": 171}
{"obj": {"type": "LogFloats", "path": ["monitoring", "memory"], "values": [{"value": 5.010601043701172, "step": null, "ts": 1651886884.165536}]}, "version": 172}
{"obj": {"type": "LogFloats", "path": ["monitoring", "gpu"], "values": [{"value": 56.0, "step": null, "ts": 1651886884.165536}]}, "version": 173}
{"obj": {"type": "LogFloats", "path": ["monitoring", "gpu_memory"], "values": [{"value": 13.32354736328125, "step": null, "ts": 1651886884.165536}]}, "version": 174}
{"obj": {"type": "LogFloats", "path": ["monitoring", "cpu"], "values": [{"value": 13.2, "step": null, "ts": 1651886894.167506}]}, "version": 175}
{"obj": {"type": "LogFloats", "path": ["monitoring", "memory"], "values": [{"value": 5.012382507324219, "step": null, "ts": 1651886894.167506}]}, "version": 176}
{"obj": {"type": "LogFloats", "path": ["monitoring", "gpu"], "values": [{"value": 99.0, "step": null, "ts": 1651886894.167506}]}, "version": 177}
{"obj": {"type": "LogFloats", "path": ["monitoring", "gpu_memory"], "values": [{"value": 13.32354736328125, "step": null, "ts": 1651886894.167506}]}, "version": 178}
{"obj": {"type": "LogFloats", "path": ["monitoring", "cpu"], "values": [{"value": 12.4, "step": null, "ts": 1651886904.1694129}]}, "version": 179}
{"obj": {"type": "LogFloats", "path": ["monitoring", "memory"], "values": [{"value": 5.011554718017578, "step": null, "ts": 1651886904.1694129}]}, "version": 180}
{"obj": {"type": "LogFloats", "path": ["monitoring", "gpu"], "values": [{"value": 100.0, "step": null, "ts": 1651886904.1694129}]}, "version": 181}
{"obj": {"type": "LogFloats", "path": ["monitoring", "gpu_memory"], "values": [{"value": 13.32354736328125, "step": null, "ts": 1651886904.1694129}]}, "version": 182}
{"obj": {"type": "LogFloats", "path": ["monitoring", "cpu"], "values": [{"value": 9.0, "step": null, "ts": 1651886914.1716998}]}, "version": 183}
{"obj": {"type": "LogFloats", "path": ["monitoring", "memory"], "values": [{"value": 5.013797760009766, "step": null, "ts": 1651886914.1716998}]}, "version": 184}
{"obj": {"type": "LogFloats", "path": ["monitoring", "gpu"], "values": [{"value": 68.0, "step": null, "ts": 1651886914.1716998}]}, "version": 185}
{"obj": {"type": "LogFloats", "path": ["monitoring", "gpu_memory"], "values": [{"value": 13.32354736328125, "step": null, "ts": 1651886914.1716998}]}, "version": 186}
{"obj": {"type": "LogStrings", "path": ["monitoring", "traceback"], "values": [{"value": "An uncaught exception occurred while run was active on worker dst-mikrowelle.", "step": null, "ts": 1651886919.8222897}, {"value": "Marking run as failed", "step": null, "ts": 1651886919.8222897}, {"value": "Traceback:", "step": null, "ts": 1651886919.8222897}, {"value": "  File \"main.py\", line 115, in <module>\n    main(opt)\n", "step": null, "ts": 1651886919.8222897}, {"value": "  File \"main.py\", line 81, in main\n    log_dict_train, _ = trainer.train(epoch, train_loader)\n", "step": null, "ts": 1651886919.8222897}, {"value": "  File \"/home/ndip/CenterNet/src/lib/trains/base_trainer.py\", line 119, in train\n    return self.run_epoch('train', epoch, data_loader)\n", "step": null, "ts": 1651886919.8222897}, {"value": "  File \"/home/ndip/CenterNet/src/lib/trains/base_trainer.py\", line 69, in run_epoch\n    output, loss, loss_stats = model_with_loss(batch)\n", "step": null, "ts": 1651886919.8222897}, {"value": "  File \"/home/ndip/miniconda3/envs/CenterNet/lib/python3.6/site-packages/torch/nn/modules/module.py\", line 477, in __call__\n    result = self.forward(*input, **kwargs)\n", "step": null, "ts": 1651886919.8222897}, {"value": "  File \"/home/ndip/CenterNet/src/lib/trains/base_trainer.py\", line 19, in forward\n    outputs = self.model(batch['input'])\n", "step": null, "ts": 1651886919.8222897}, {"value": "  File \"/home/ndip/miniconda3/envs/CenterNet/lib/python3.6/site-packages/torch/nn/modules/module.py\", line 477, in __call__\n    result = self.forward(*input, **kwargs)\n", "step": null, "ts": 1651886919.8222897}]}, "version": 187}
{"obj": {"type": "LogStrings", "path": ["monitoring", "traceback"], "values": [{"value": "  File \"/home/ndip/CenterNet/src/lib/models/networks/pose_dla_dcn.py\", line 472, in forward\n    x = self.dla_up(x)\n", "step": null, "ts": 1651886919.8222897}, {"value": "  File \"/home/ndip/miniconda3/envs/CenterNet/lib/python3.6/site-packages/torch/nn/modules/module.py\", line 477, in __call__\n    result = self.forward(*input, **kwargs)\n", "step": null, "ts": 1651886919.8222897}, {"value": "  File \"/home/ndip/CenterNet/src/lib/models/networks/pose_dla_dcn.py\", line 411, in forward\n    ida(layers, len(layers) -i - 2, len(layers))\n", "step": null, "ts": 1651886919.8222897}, {"value": "  File \"/home/ndip/miniconda3/envs/CenterNet/lib/python3.6/site-packages/torch/nn/modules/module.py\", line 477, in __call__\n    result = self.forward(*input, **kwargs)\n", "step": null, "ts": 1651886919.8222897}, {"value": "  File \"/home/ndip/CenterNet/src/lib/models/networks/pose_dla_dcn.py\", line 386, in forward\n    layers[i] = node(layers[i] + layers[i - 1])\n", "step": null, "ts": 1651886919.8222897}, {"value": "  File \"/home/ndip/miniconda3/envs/CenterNet/lib/python3.6/site-packages/torch/nn/modules/module.py\", line 477, in __call__\n    result = self.forward(*input, **kwargs)\n", "step": null, "ts": 1651886919.8222897}, {"value": "  File \"/home/ndip/CenterNet/src/lib/models/networks/pose_dla_dcn.py\", line 355, in forward\n    x = self.conv(x)\n", "step": null, "ts": 1651886919.8222897}, {"value": "  File \"/home/ndip/miniconda3/envs/CenterNet/lib/python3.6/site-packages/torch/nn/modules/module.py\", line 477, in __call__\n    result = self.forward(*input, **kwargs)\n", "step": null, "ts": 1651886919.8222897}, {"value": "  File \"/home/ndip/CenterNet/src/lib/models/networks/DCNv2/dcn_v2.py\", line 70, in forward\n    return func(input, offset, mask, self.weight, self.bias)\n", "step": null, "ts": 1651886919.8222897}, {"value": "  File \"/home/ndip/CenterNet/src/lib/models/networks/DCNv2/dcn_v2_func.py\", line 37, in forward\n    self.deformable_groups)\n", "step": null, "ts": 1651886919.8222897}]}, "version": 188}
{"obj": {"type": "LogStrings", "path": ["monitoring", "traceback"], "values": [{"value": "  File \"/home/ndip/miniconda3/envs/CenterNet/lib/python3.6/site-packages/torch/utils/ffi/__init__.py\", line 202, in safe_call\n    result = torch._C._safe_call(*args, **kwargs)\n", "step": null, "ts": 1651886919.8222897}, {"value": "", "step": null, "ts": 1651886919.8222897}]}, "version": 189}
{"obj": {"type": "AssignBool", "path": ["sys", "failed"], "value": true}, "version": 190}
{"obj": {"type": "LogStrings", "path": ["monitoring", "stderr"], "values": [{"value": "Traceback (most recent call last):\n", "step": null, "ts": 1651886919.8230138}]}, "version": 191}
{"obj": {"type": "LogStrings", "path": ["monitoring", "stderr"], "values": [{"value": "  File \"main.py\", line 115, in <module>\n", "step": null, "ts": 1651886919.823142}]}, "version": 192}
{"obj": {"type": "LogStrings", "path": ["monitoring", "stderr"], "values": [{"value": "    ", "step": null, "ts": 1651886919.823343}]}, "version": 193}
{"obj": {"type": "LogStrings", "path": ["monitoring", "stderr"], "values": [{"value": "main(opt)", "step": null, "ts": 1651886919.82345}]}, "version": 194}
{"obj": {"type": "LogStrings", "path": ["monitoring", "stderr"], "values": [{"value": "\n", "step": null, "ts": 1651886919.8235593}]}, "version": 195}
{"obj": {"type": "LogStrings", "path": ["monitoring", "stderr"], "values": [{"value": "  File \"main.py\", line 81, in main\n", "step": null, "ts": 1651886919.8236694}]}, "version": 196}
{"obj": {"type": "LogStrings", "path": ["monitoring", "stderr"], "values": [{"value": "    ", "step": null, "ts": 1651886919.8238387}]}, "version": 197}
{"obj": {"type": "LogStrings", "path": ["monitoring", "stderr"], "values": [{"value": "log_dict_train, _ = trainer.train(epoch, train_loader)", "step": null, "ts": 1651886919.8239422}]}, "version": 198}
{"obj": {"type": "LogStrings", "path": ["monitoring", "stderr"], "values": [{"value": "\n", "step": null, "ts": 1651886919.8240638}]}, "version": 199}
{"obj": {"type": "LogStrings", "path": ["monitoring", "stderr"], "values": [{"value": "  File \"/home/ndip/CenterNet/src/lib/trains/base_trainer.py\", line 119, in train\n", "step": null, "ts": 1651886919.8241818}]}, "version": 200}
{"obj": {"type": "LogStrings", "path": ["monitoring", "stderr"], "values": [{"value": "    ", "step": null, "ts": 1651886919.8243694}]}, "version": 201}
{"obj": {"type": "LogStrings", "path": ["monitoring", "stderr"], "values": [{"value": "return self.run_epoch('train', epoch, data_loader)", "step": null, "ts": 1651886919.8244734}]}, "version": 202}
{"obj": {"type": "LogStrings", "path": ["monitoring", "stderr"], "values": [{"value": "\n", "step": null, "ts": 1651886919.8245792}]}, "version": 203}
{"obj": {"type": "LogStrings", "path": ["monitoring", "stderr"], "values": [{"value": "  File \"/home/ndip/CenterNet/src/lib/trains/base_trainer.py\", line 69, in run_epoch\n", "step": null, "ts": 1651886919.8246927}]}, "version": 204}
{"obj": {"type": "LogStrings", "path": ["monitoring", "stderr"], "values": [{"value": "    ", "step": null, "ts": 1651886919.8248625}]}, "version": 205}
{"obj": {"type": "LogStrings", "path": ["monitoring", "stderr"], "values": [{"value": "output, loss, loss_stats = model_with_loss(batch)", "step": null, "ts": 1651886919.824975}]}, "version": 206}
{"obj": {"type": "LogStrings", "path": ["monitoring", "stderr"], "values": [{"value": "\n", "step": null, "ts": 1651886919.8251271}]}, "version": 207}
{"obj": {"type": "LogStrings", "path": ["monitoring", "stderr"], "values": [{"value": "  File \"/home/ndip/miniconda3/envs/CenterNet/lib/python3.6/site-packages/torch/nn/modules/module.py\", line 477, in __call__\n", "step": null, "ts": 1651886919.8252385}]}, "version": 208}
{"obj": {"type": "LogStrings", "path": ["monitoring", "stderr"], "values": [{"value": "    ", "step": null, "ts": 1651886919.8255098}]}, "version": 209}
{"obj": {"type": "LogStrings", "path": ["monitoring", "stderr"], "values": [{"value": "result = self.forward(*input, **kwargs)", "step": null, "ts": 1651886919.825614}]}, "version": 210}
{"obj": {"type": "LogStrings", "path": ["monitoring", "stderr"], "values": [{"value": "\n", "step": null, "ts": 1651886919.825721}]}, "version": 211}
{"obj": {"type": "LogStrings", "path": ["monitoring", "stderr"], "values": [{"value": "  File \"/home/ndip/CenterNet/src/lib/trains/base_trainer.py\", line 19, in forward\n", "step": null, "ts": 1651886919.8258288}]}, "version": 212}
{"obj": {"type": "LogStrings", "path": ["monitoring", "stderr"], "values": [{"value": "    ", "step": null, "ts": 1651886919.8260117}]}, "version": 213}
{"obj": {"type": "LogStrings", "path": ["monitoring", "stderr"], "values": [{"value": "outputs = self.model(batch['input'])", "step": null, "ts": 1651886919.8261101}]}, "version": 214}
{"obj": {"type": "LogStrings", "path": ["monitoring", "stderr"], "values": [{"value": "\n", "step": null, "ts": 1651886919.8262014}]}, "version": 215}
{"obj": {"type": "LogStrings", "path": ["monitoring", "stderr"], "values": [{"value": "  File \"/home/ndip/miniconda3/envs/CenterNet/lib/python3.6/site-packages/torch/nn/modules/module.py\", line 477, in __call__\n", "step": null, "ts": 1651886919.8262951}]}, "version": 216}
{"obj": {"type": "LogStrings", "path": ["monitoring", "stderr"], "values": [{"value": "    ", "step": null, "ts": 1651886919.8265224}]}, "version": 217}
{"obj": {"type": "LogStrings", "path": ["monitoring", "stderr"], "values": [{"value": "result = self.forward(*input, **kwargs)", "step": null, "ts": 1651886919.8266134}]}, "version": 218}
{"obj": {"type": "LogStrings", "path": ["monitoring", "stderr"], "values": [{"value": "\n", "step": null, "ts": 1651886919.8267055}]}, "version": 219}
{"obj": {"type": "LogStrings", "path": ["monitoring", "stderr"], "values": [{"value": "  File \"/home/ndip/CenterNet/src/lib/models/networks/pose_dla_dcn.py\", line 472, in forward\n", "step": null, "ts": 1651886919.8267994}]}, "version": 220}
{"obj": {"type": "LogStrings", "path": ["monitoring", "stderr"], "values": [{"value": "    ", "step": null, "ts": 1651886919.8270211}]}, "version": 221}
{"obj": {"type": "LogStrings", "path": ["monitoring", "stderr"], "values": [{"value": "x = self.dla_up(x)", "step": null, "ts": 1651886919.82711}]}, "version": 222}
{"obj": {"type": "LogStrings", "path": ["monitoring", "stderr"], "values": [{"value": "\n", "step": null, "ts": 1651886919.8272023}]}, "version": 223}
{"obj": {"type": "LogStrings", "path": ["monitoring", "stderr"], "values": [{"value": "  File \"/home/ndip/miniconda3/envs/CenterNet/lib/python3.6/site-packages/torch/nn/modules/module.py\", line 477, in __call__\n", "step": null, "ts": 1651886919.827296}]}, "version": 224}
{"obj": {"type": "LogStrings", "path": ["monitoring", "stderr"], "values": [{"value": "    ", "step": null, "ts": 1651886919.82752}]}, "version": 225}
{"obj": {"type": "LogStrings", "path": ["monitoring", "stderr"], "values": [{"value": "result = self.forward(*input, **kwargs)", "step": null, "ts": 1651886919.8276088}]}, "version": 226}
{"obj": {"type": "LogStrings", "path": ["monitoring", "stderr"], "values": [{"value": "\n", "step": null, "ts": 1651886919.8277001}]}, "version": 227}
{"obj": {"type": "LogStrings", "path": ["monitoring", "stderr"], "values": [{"value": "  File \"/home/ndip/CenterNet/src/lib/models/networks/pose_dla_dcn.py\", line 411, in forward\n", "step": null, "ts": 1651886919.8277938}]}, "version": 228}
{"obj": {"type": "LogStrings", "path": ["monitoring", "stderr"], "values": [{"value": "    ", "step": null, "ts": 1651886919.828001}]}, "version": 229}
{"obj": {"type": "LogStrings", "path": ["monitoring", "stderr"], "values": [{"value": "ida(layers, len(layers) -i - 2, len(layers))", "step": null, "ts": 1651886919.8280916}]}, "version": 230}
{"obj": {"type": "LogStrings", "path": ["monitoring", "stderr"], "values": [{"value": "\n", "step": null, "ts": 1651886919.8281834}]}, "version": 231}
{"obj": {"type": "LogStrings", "path": ["monitoring", "stderr"], "values": [{"value": "  File \"/home/ndip/miniconda3/envs/CenterNet/lib/python3.6/site-packages/torch/nn/modules/module.py\", line 477, in __call__\n", "step": null, "ts": 1651886919.8282762}]}, "version": 232}
{"obj": {"type": "LogStrings", "path": ["monitoring", "stderr"], "values": [{"value": "    ", "step": null, "ts": 1651886919.8284986}]}, "version": 233}
{"obj": {"type": "LogStrings", "path": ["monitoring", "stderr"], "values": [{"value": "result = self.forward(*input, **kwargs)", "step": null, "ts": 1651886919.8285873}]}, "version": 234}
{"obj": {"type": "LogStrings", "path": ["monitoring", "stderr"], "values": [{"value": "\n", "step": null, "ts": 1651886919.8286784}]}, "version": 235}
{"obj": {"type": "LogStrings", "path": ["monitoring", "stderr"], "values": [{"value": "  File \"/home/ndip/CenterNet/src/lib/models/networks/pose_dla_dcn.py\", line 386, in forward\n", "step": null, "ts": 1651886919.8287716}]}, "version": 236}
{"obj": {"type": "LogStrings", "path": ["monitoring", "stderr"], "values": [{"value": "    ", "step": null, "ts": 1651886919.8289788}]}, "version": 237}
{"obj": {"type": "LogStrings", "path": ["monitoring", "stderr"], "values": [{"value": "layers[i] = node(layers[i] + layers[i - 1])", "step": null, "ts": 1651886919.8290703}]}, "version": 238}
{"obj": {"type": "LogStrings", "path": ["monitoring", "stderr"], "values": [{"value": "\n", "step": null, "ts": 1651886919.8291621}]}, "version": 239}
{"obj": {"type": "LogStrings", "path": ["monitoring", "stderr"], "values": [{"value": "  File \"/home/ndip/miniconda3/envs/CenterNet/lib/python3.6/site-packages/torch/nn/modules/module.py\", line 477, in __call__\n", "step": null, "ts": 1651886919.8292558}]}, "version": 240}
{"obj": {"type": "LogStrings", "path": ["monitoring", "stderr"], "values": [{"value": "    ", "step": null, "ts": 1651886919.8294787}]}, "version": 241}
{"obj": {"type": "LogStrings", "path": ["monitoring", "stderr"], "values": [{"value": "result = self.forward(*input, **kwargs)", "step": null, "ts": 1651886919.829567}]}, "version": 242}
{"obj": {"type": "LogStrings", "path": ["monitoring", "stderr"], "values": [{"value": "\n", "step": null, "ts": 1651886919.8296597}]}, "version": 243}
{"obj": {"type": "LogStrings", "path": ["monitoring", "stderr"], "values": [{"value": "  File \"/home/ndip/CenterNet/src/lib/models/networks/pose_dla_dcn.py\", line 355, in forward\n", "step": null, "ts": 1651886919.829754}]}, "version": 244}
{"obj": {"type": "LogStrings", "path": ["monitoring", "stderr"], "values": [{"value": "    ", "step": null, "ts": 1651886919.8299487}]}, "version": 245}
{"obj": {"type": "LogStrings", "path": ["monitoring", "stderr"], "values": [{"value": "x = self.conv(x)", "step": null, "ts": 1651886919.8300369}]}, "version": 246}
{"obj": {"type": "LogStrings", "path": ["monitoring", "stderr"], "values": [{"value": "\n", "step": null, "ts": 1651886919.8301282}]}, "version": 247}
{"obj": {"type": "LogStrings", "path": ["monitoring", "stderr"], "values": [{"value": "  File \"/home/ndip/miniconda3/envs/CenterNet/lib/python3.6/site-packages/torch/nn/modules/module.py\", line 477, in __call__\n", "step": null, "ts": 1651886919.830222}]}, "version": 248}
{"obj": {"type": "LogStrings", "path": ["monitoring", "stderr"], "values": [{"value": "    ", "step": null, "ts": 1651886919.8304424}]}, "version": 249}
{"obj": {"type": "LogStrings", "path": ["monitoring", "stderr"], "values": [{"value": "result = self.forward(*input, **kwargs)", "step": null, "ts": 1651886919.830547}]}, "version": 250}
{"obj": {"type": "LogStrings", "path": ["monitoring", "stderr"], "values": [{"value": "\n", "step": null, "ts": 1651886919.830639}]}, "version": 251}
{"obj": {"type": "LogStrings", "path": ["monitoring", "stderr"], "values": [{"value": "  File \"/home/ndip/CenterNet/src/lib/models/networks/DCNv2/dcn_v2.py\", line 70, in forward\n", "step": null, "ts": 1651886919.8307319}]}, "version": 252}
{"obj": {"type": "LogStrings", "path": ["monitoring", "stderr"], "values": [{"value": "    ", "step": null, "ts": 1651886919.8308742}]}, "version": 253}
{"obj": {"type": "LogStrings", "path": ["monitoring", "stderr"], "values": [{"value": "return func(input, offset, mask, self.weight, self.bias)", "step": null, "ts": 1651886919.830963}]}, "version": 254}
{"obj": {"type": "LogStrings", "path": ["monitoring", "stderr"], "values": [{"value": "\n", "step": null, "ts": 1651886919.831054}]}, "version": 255}
{"obj": {"type": "LogStrings", "path": ["monitoring", "stderr"], "values": [{"value": "  File \"/home/ndip/CenterNet/src/lib/models/networks/DCNv2/dcn_v2_func.py\", line 37, in forward\n", "step": null, "ts": 1651886919.8311481}]}, "version": 256}
{"obj": {"type": "LogStrings", "path": ["monitoring", "stderr"], "values": [{"value": "    ", "step": null, "ts": 1651886919.8313084}]}, "version": 257}
{"obj": {"type": "LogStrings", "path": ["monitoring", "stderr"], "values": [{"value": "self.deformable_groups)", "step": null, "ts": 1651886919.8313978}]}, "version": 258}
{"obj": {"type": "LogStrings", "path": ["monitoring", "stderr"], "values": [{"value": "\n", "step": null, "ts": 1651886919.8314888}]}, "version": 259}
{"obj": {"type": "LogStrings", "path": ["monitoring", "stderr"], "values": [{"value": "  File \"/home/ndip/miniconda3/envs/CenterNet/lib/python3.6/site-packages/torch/utils/ffi/__init__.py\", line 202, in safe_call\n", "step": null, "ts": 1651886919.831582}]}, "version": 260}
{"obj": {"type": "LogStrings", "path": ["monitoring", "stderr"], "values": [{"value": "    ", "step": null, "ts": 1651886919.831749}]}, "version": 261}
{"obj": {"type": "LogStrings", "path": ["monitoring", "stderr"], "values": [{"value": "result = torch._C._safe_call(*args, **kwargs)", "step": null, "ts": 1651886919.831838}]}, "version": 262}
{"obj": {"type": "LogStrings", "path": ["monitoring", "stderr"], "values": [{"value": "\n", "step": null, "ts": 1651886919.8319294}]}, "version": 263}
{"obj": {"type": "LogStrings", "path": ["monitoring", "stderr"], "values": [{"value": "KeyboardInterrupt", "step": null, "ts": 1651886919.8320258}]}, "version": 264}
{"obj": {"type": "LogStrings", "path": ["monitoring", "stderr"], "values": [{"value": "", "step": null, "ts": 1651886919.8321118}]}, "version": 265}
{"obj": {"type": "LogStrings", "path": ["monitoring", "stderr"], "values": [{"value": "\n", "step": null, "ts": 1651886919.8322024}]}, "version": 266}
{"obj": {"type": "LogStrings", "path": ["monitoring", "stdout"], "values": [{"value": "", "step": null, "ts": 1651886919.832431}]}, "version": 267}
{"obj": {"type": "LogStrings", "path": ["monitoring", "stdout"], "values": [{"value": "Shutting down background jobs, please wait a moment...\n", "step": null, "ts": 1651886919.832596}]}, "version": 268}
{"obj": {"type": "ConfigFloatSeries", "path": ["monitoring", "cpu"], "min": 0.0, "max": 100.0, "unit": "%"}, "version": 9}
{"obj": {"type": "ClearFloatLog", "path": ["monitoring", "cpu"]}, "version": 10}
{"obj": {"type": "ConfigFloatSeries", "path": ["monitoring", "memory"], "min": 0.0, "max": 62.64727783203125, "unit": "GB"}, "version": 11}
{"obj": {"type": "ClearFloatLog", "path": ["monitoring", "memory"]}, "version": 12}
{"obj": {"type": "ConfigFloatSeries", "path": ["monitoring", "gpu"], "min": 0.0, "max": 100.0, "unit": "%"}, "version": 13}
{"obj": {"type": "ClearFloatLog", "path": ["monitoring", "gpu"]}, "version": 14}
{"obj": {"type": "ConfigFloatSeries", "path": ["monitoring", "gpu_memory"], "min": 0.0, "max": 24.0, "unit": "GB"}, "version": 15}
{"obj": {"type": "ClearFloatLog", "path": ["monitoring", "gpu_memory"]}, "version": 16}
{"obj": {"type": "LogStrings", "path": ["monitoring", "stdout"], "values": [{"value": "Creating model...", "step": null, "ts": 1651886584.0951676}]}, "version": 17}
{"obj": {"type": "LogStrings", "path": ["monitoring", "stdout"], "values": [{"value": "\n", "step": null, "ts": 1651886584.095395}]}, "version": 18}
{"obj": {"type": "LogFloats", "path": ["monitoring", "cpu"], "values": [{"value": 2.6, "step": null, "ts": 1651886584.0893035}]}, "version": 19}
{"obj": {"type": "LogFloats", "path": ["monitoring", "memory"], "values": [{"value": 1.7231864929199219, "step": null, "ts": 1651886584.0893035}]}, "version": 20}
{"obj": {"type": "LogFloats", "path": ["monitoring", "gpu_memory"], "values": [{"value": 0.35302734375, "step": null, "ts": 1651886584.0893035}]}, "version": 21}
{"obj": {"type": "LogStrings", "path": ["monitoring", "stdout"], "values": [{"value": "loaded /home/ndip/CenterNet/src/lib/../../exp/multi_pose/dla_1x/model_last.pth, epoch 35", "step": null, "ts": 1651886584.506624}]}, "version": 22}
{"obj": {"type": "LogStrings", "path": ["monitoring", "stdout"], "values": [{"value": "\n", "step": null, "ts": 1651886584.506857}]}, "version": 23}
{"obj": {"type": "LogStrings", "path": ["monitoring", "stdout"], "values": [{"value": "Resumed optimizer with start lr", "step": null, "ts": 1651886584.5876572}]}, "version": 24}
{"obj": {"type": "LogStrings", "path": ["monitoring", "stdout"], "values": [{"value": " ", "step": null, "ts": 1651886584.5878408}]}, "version": 25}
{"obj": {"type": "LogStrings", "path": ["monitoring", "stdout"], "values": [{"value": "9e-06", "step": null, "ts": 1651886584.5879138}]}, "version": 26}
{"obj": {"type": "LogStrings", "path": ["monitoring", "stdout"], "values": [{"value": "\n", "step": null, "ts": 1651886584.5879972}]}, "version": 27}
{"obj": {"type": "LogStrings", "path": ["monitoring", "stdout"], "values": [{"value": "Setting up data...", "step": null, "ts": 1651886586.135243}]}, "version": 28}
{"obj": {"type": "LogStrings", "path": ["monitoring", "stdout"], "values": [{"value": "\n", "step": null, "ts": 1651886586.1354601}]}, "version": 29}
{"obj": {"type": "LogStrings", "path": ["monitoring", "stdout"], "values": [{"value": "==> initializing theodore valid data.", "step": null, "ts": 1651886586.1359441}]}, "version": 30}
{"obj": {"type": "LogStrings", "path": ["monitoring", "stdout"], "values": [{"value": "\n", "step": null, "ts": 1651886586.1360219}]}, "version": 31}
{"obj": {"type": "LogStrings", "path": ["monitoring", "stdout"], "values": [{"value": "loading annotations into memory...", "step": null, "ts": 1651886586.1361039}]}, "version": 32}
{"obj": {"type": "LogStrings", "path": ["monitoring", "stdout"], "values": [{"value": "\n", "step": null, "ts": 1651886586.1361694}]}, "version": 33}
{"obj": {"type": "LogStrings", "path": ["monitoring", "stdout"], "values": [{"value": "Done (t=0.54s)", "step": null, "ts": 1651886586.6725922}]}, "version": 34}
{"obj": {"type": "LogStrings", "path": ["monitoring", "stdout"], "values": [{"value": "\n", "step": null, "ts": 1651886586.672794}]}, "version": 35}
{"obj": {"type": "LogStrings", "path": ["monitoring", "stdout"], "values": [{"value": "creating index...", "step": null, "ts": 1651886586.672866}]}, "version": 36}
{"obj": {"type": "LogStrings", "path": ["monitoring", "stdout"], "values": [{"value": "\n", "step": null, "ts": 1651886586.67293}]}, "version": 37}
{"obj": {"type": "LogStrings", "path": ["monitoring", "stdout"], "values": [{"value": "index created!", "step": null, "ts": 1651886586.6833003}]}, "version": 38}
{"obj": {"type": "LogStrings", "path": ["monitoring", "stdout"], "values": [{"value": "\n", "step": null, "ts": 1651886586.6835098}]}, "version": 39}
{"obj": {"type": "LogStrings", "path": ["monitoring", "stdout"], "values": [{"value": "Loaded valid 6250 samples", "step": null, "ts": 1651886586.6837244}]}, "version": 40}
{"obj": {"type": "LogStrings", "path": ["monitoring", "stdout"], "values": [{"value": "\n", "step": null, "ts": 1651886586.6837907}]}, "version": 41}
{"obj": {"type": "LogStrings", "path": ["monitoring", "stdout"], "values": [{"value": "==> initializing theodore train data.", "step": null, "ts": 1651886586.6841662}]}, "version": 42}
{"obj": {"type": "LogStrings", "path": ["monitoring", "stdout"], "values": [{"value": "\n", "step": null, "ts": 1651886586.6842372}]}, "version": 43}
{"obj": {"type": "LogStrings", "path": ["monitoring", "stdout"], "values": [{"value": "loading annotations into memory...", "step": null, "ts": 1651886586.684301}]}, "version": 44}
{"obj": {"type": "LogStrings", "path": ["monitoring", "stdout"], "values": [{"value": "\n", "step": null, "ts": 1651886586.6843636}]}, "version": 45}
{"obj": {"type": "LogStrings", "path": ["monitoring", "stdout"], "values": [{"value": "Done (t=2.29s)", "step": null, "ts": 1651886588.972866}]}, "version": 46}
{"obj": {"type": "LogStrings", "path": ["monitoring", "stdout"], "values": [{"value": "\n", "step": null, "ts": 1651886588.9730906}]}, "version": 47}
{"obj": {"type": "LogStrings", "path": ["monitoring", "stdout"], "values": [{"value": "creating index...", "step": null, "ts": 1651886588.9731622}]}, "version": 48}
{"obj": {"type": "LogStrings", "path": ["monitoring", "stdout"], "values": [{"value": "\n", "step": null, "ts": 1651886588.973228}]}, "version": 49}
{"obj": {"type": "LogStrings", "path": ["monitoring", "stdout"], "values": [{"value": "index created!", "step": null, "ts": 1651886589.0487056}]}, "version": 50}
{"obj": {"type": "LogStrings", "path": ["monitoring", "stdout"], "values": [{"value": "\n", "step": null, "ts": 1651886589.0489206}]}, "version": 51}
{"obj": {"type": "LogStrings", "path": ["monitoring", "stdout"], "values": [{"value": "Loaded train 49917 samples", "step": null, "ts": 1651886589.1707673}]}, "version": 52}
{"obj": {"type": "LogStrings", "path": ["monitoring", "stdout"], "values": [{"value": "\n", "step": null, "ts": 1651886589.170969}]}, "version": 53}
{"obj": {"type": "AssignFloat", "path": ["parameters", "learning_rate"], "value": 9e-06}, "version": 54}
{"obj": {"type": "AssignString", "path": ["parameters", "optimizer"], "value": "Adam (\nParameter Group 0\n    amsgrad: False\n    betas: (0.9, 0.999)\n    eps: 1e-08\n    lr: 9e-06\n    weight_decay: 0\n)"}, "version": 55}
{"obj": {"type": "LogStrings", "path": ["monitoring", "stdout"], "values": [{"value": "Starting training...", "step": null, "ts": 1651886589.1722972}]}, "version": 56}
{"obj": {"type": "LogStrings", "path": ["monitoring", "stdout"], "values": [{"value": "\n", "step": null, "ts": 1651886589.1723745}]}, "version": 57}
{"obj": {"type": "LogFloats", "path": ["loss"], "values": [{"value": 0.022528399544939195, "step": null, "ts": 1651886589.1724524}]}, "version": 58}
{"obj": {"type": "LogStrings", "path": ["monitoring", "stderr"], "values": [{"value": "Process Process-4:\n", "step": null, "ts": 1651886919.8602526}]}, "version": 59}
{"obj": {"type": "LogStrings", "path": ["monitoring", "stderr"], "values": [{"value": "Traceback (most recent call last):\n", "step": null, "ts": 1651886919.8641791}]}, "version": 60}
{"obj": {"type": "LogStrings", "path": ["monitoring", "stderr"], "values": [{"value": "", "step": null, "ts": 1651886919.8642628}]}, "version": 61}
{"obj": {"type": "LogStrings", "path": ["monitoring", "stderr"], "values": [{"value": "  File \"/home/ndip/miniconda3/envs/CenterNet/lib/python3.6/multiprocessing/process.py\", line 258, in _bootstrap\n    self.run()\n", "step": null, "ts": 1651886919.8643577}]}, "version": 62}
{"obj": {"type": "ConfigFloatSeries", "path": ["monitoring", "cpu"], "min": 0.0, "max": 100.0, "unit": "%"}, "version": 9}
{"obj": {"type": "ClearFloatLog", "path": ["monitoring", "cpu"]}, "version": 10}
{"obj": {"type": "ConfigFloatSeries", "path": ["monitoring", "memory"], "min": 0.0, "max": 62.64727783203125, "unit": "GB"}, "version": 11}
{"obj": {"type": "ClearFloatLog", "path": ["monitoring", "memory"]}, "version": 12}
{"obj": {"type": "ConfigFloatSeries", "path": ["monitoring", "gpu"], "min": 0.0, "max": 100.0, "unit": "%"}, "version": 13}
{"obj": {"type": "ClearFloatLog", "path": ["monitoring", "gpu"]}, "version": 14}
{"obj": {"type": "ConfigFloatSeries", "path": ["monitoring", "gpu_memory"], "min": 0.0, "max": 24.0, "unit": "GB"}, "version": 15}
{"obj": {"type": "ClearFloatLog", "path": ["monitoring", "gpu_memory"]}, "version": 16}
{"obj": {"type": "LogStrings", "path": ["monitoring", "stdout"], "values": [{"value": "Creating model...", "step": null, "ts": 1651886584.0951676}]}, "version": 17}
{"obj": {"type": "LogStrings", "path": ["monitoring", "stdout"], "values": [{"value": "\n", "step": null, "ts": 1651886584.095395}]}, "version": 18}
{"obj": {"type": "LogFloats", "path": ["monitoring", "cpu"], "values": [{"value": 2.6, "step": null, "ts": 1651886584.0893035}]}, "version": 19}
{"obj": {"type": "LogFloats", "path": ["monitoring", "memory"], "values": [{"value": 1.7231864929199219, "step": null, "ts": 1651886584.0893035}]}, "version": 20}
{"obj": {"type": "LogFloats", "path": ["monitoring", "gpu_memory"], "values": [{"value": 0.35302734375, "step": null, "ts": 1651886584.0893035}]}, "version": 21}
{"obj": {"type": "LogStrings", "path": ["monitoring", "stdout"], "values": [{"value": "loaded /home/ndip/CenterNet/src/lib/../../exp/multi_pose/dla_1x/model_last.pth, epoch 35", "step": null, "ts": 1651886584.506624}]}, "version": 22}
{"obj": {"type": "LogStrings", "path": ["monitoring", "stdout"], "values": [{"value": "\n", "step": null, "ts": 1651886584.506857}]}, "version": 23}
{"obj": {"type": "LogStrings", "path": ["monitoring", "stdout"], "values": [{"value": "Resumed optimizer with start lr", "step": null, "ts": 1651886584.5876572}]}, "version": 24}
{"obj": {"type": "LogStrings", "path": ["monitoring", "stdout"], "values": [{"value": " ", "step": null, "ts": 1651886584.5878408}]}, "version": 25}
{"obj": {"type": "LogStrings", "path": ["monitoring", "stdout"], "values": [{"value": "9e-06", "step": null, "ts": 1651886584.5879138}]}, "version": 26}
{"obj": {"type": "LogStrings", "path": ["monitoring", "stdout"], "values": [{"value": "\n", "step": null, "ts": 1651886584.5879972}]}, "version": 27}
{"obj": {"type": "LogStrings", "path": ["monitoring", "stdout"], "values": [{"value": "Setting up data...", "step": null, "ts": 1651886586.135243}]}, "version": 28}
{"obj": {"type": "LogStrings", "path": ["monitoring", "stdout"], "values": [{"value": "\n", "step": null, "ts": 1651886586.1354601}]}, "version": 29}
{"obj": {"type": "LogStrings", "path": ["monitoring", "stdout"], "values": [{"value": "==> initializing theodore valid data.", "step": null, "ts": 1651886586.1359441}]}, "version": 30}
{"obj": {"type": "LogStrings", "path": ["monitoring", "stdout"], "values": [{"value": "\n", "step": null, "ts": 1651886586.1360219}]}, "version": 31}
{"obj": {"type": "LogStrings", "path": ["monitoring", "stdout"], "values": [{"value": "loading annotations into memory...", "step": null, "ts": 1651886586.1361039}]}, "version": 32}
{"obj": {"type": "LogStrings", "path": ["monitoring", "stdout"], "values": [{"value": "\n", "step": null, "ts": 1651886586.1361694}]}, "version": 33}
{"obj": {"type": "LogStrings", "path": ["monitoring", "stdout"], "values": [{"value": "Done (t=0.54s)", "step": null, "ts": 1651886586.6725922}]}, "version": 34}
{"obj": {"type": "LogStrings", "path": ["monitoring", "stdout"], "values": [{"value": "\n", "step": null, "ts": 1651886586.672794}]}, "version": 35}
{"obj": {"type": "LogStrings", "path": ["monitoring", "stdout"], "values": [{"value": "creating index...", "step": null, "ts": 1651886586.672866}]}, "version": 36}
{"obj": {"type": "LogStrings", "path": ["monitoring", "stdout"], "values": [{"value": "\n", "step": null, "ts": 1651886586.67293}]}, "version": 37}
{"obj": {"type": "LogStrings", "path": ["monitoring", "stdout"], "values": [{"value": "index created!", "step": null, "ts": 1651886586.6833003}]}, "version": 38}
{"obj": {"type": "LogStrings", "path": ["monitoring", "stdout"], "values": [{"value": "\n", "step": null, "ts": 1651886586.6835098}]}, "version": 39}
{"obj": {"type": "LogStrings", "path": ["monitoring", "stdout"], "values": [{"value": "Loaded valid 6250 samples", "step": null, "ts": 1651886586.6837244}]}, "version": 40}
{"obj": {"type": "LogStrings", "path": ["monitoring", "stdout"], "values": [{"value": "\n", "step": null, "ts": 1651886586.6837907}]}, "version": 41}
{"obj": {"type": "LogStrings", "path": ["monitoring", "stdout"], "values": [{"value": "==> initializing theodore train data.", "step": null, "ts": 1651886586.6841662}]}, "version": 42}
{"obj": {"type": "LogStrings", "path": ["monitoring", "stdout"], "values": [{"value": "\n", "step": null, "ts": 1651886586.6842372}]}, "version": 43}
{"obj": {"type": "LogStrings", "path": ["monitoring", "stdout"], "values": [{"value": "loading annotations into memory...", "step": null, "ts": 1651886586.684301}]}, "version": 44}
{"obj": {"type": "LogStrings", "path": ["monitoring", "stdout"], "values": [{"value": "\n", "step": null, "ts": 1651886586.6843636}]}, "version": 45}
{"obj": {"type": "LogStrings", "path": ["monitoring", "stdout"], "values": [{"value": "Done (t=2.29s)", "step": null, "ts": 1651886588.972866}]}, "version": 46}
{"obj": {"type": "LogStrings", "path": ["monitoring", "stdout"], "values": [{"value": "\n", "step": null, "ts": 1651886588.9730906}]}, "version": 47}
{"obj": {"type": "LogStrings", "path": ["monitoring", "stdout"], "values": [{"value": "creating index...", "step": null, "ts": 1651886588.9731622}]}, "version": 48}
{"obj": {"type": "LogStrings", "path": ["monitoring", "stdout"], "values": [{"value": "\n", "step": null, "ts": 1651886588.973228}]}, "version": 49}
{"obj": {"type": "LogStrings", "path": ["monitoring", "stdout"], "values": [{"value": "index created!", "step": null, "ts": 1651886589.0487056}]}, "version": 50}
{"obj": {"type": "LogStrings", "path": ["monitoring", "stdout"], "values": [{"value": "\n", "step": null, "ts": 1651886589.0489206}]}, "version": 51}
{"obj": {"type": "LogStrings", "path": ["monitoring", "stdout"], "values": [{"value": "Loaded train 49917 samples", "step": null, "ts": 1651886589.1707673}]}, "version": 52}
{"obj": {"type": "LogStrings", "path": ["monitoring", "stdout"], "values": [{"value": "\n", "step": null, "ts": 1651886589.170969}]}, "version": 53}
{"obj": {"type": "AssignFloat", "path": ["parameters", "learning_rate"], "value": 9e-06}, "version": 54}
{"obj": {"type": "AssignString", "path": ["parameters", "optimizer"], "value": "Adam (\nParameter Group 0\n    amsgrad: False\n    betas: (0.9, 0.999)\n    eps: 1e-08\n    lr: 9e-06\n    weight_decay: 0\n)"}, "version": 55}
{"obj": {"type": "LogStrings", "path": ["monitoring", "stdout"], "values": [{"value": "Starting training...", "step": null, "ts": 1651886589.1722972}]}, "version": 56}
{"obj": {"type": "LogStrings", "path": ["monitoring", "stdout"], "values": [{"value": "\n", "step": null, "ts": 1651886589.1723745}]}, "version": 57}
{"obj": {"type": "LogFloats", "path": ["loss"], "values": [{"value": 0.022528399544939195, "step": null, "ts": 1651886589.1724524}]}, "version": 58}
{"obj": {"type": "LogStrings", "path": ["monitoring", "stderr"], "values": [{"value": "Process Process-3:\n", "step": null, "ts": 1651886919.9710536}]}, "version": 59}
{"obj": {"type": "LogStrings", "path": ["monitoring", "stderr"], "values": [{"value": "Traceback (most recent call last):\n", "step": null, "ts": 1651886919.9723096}]}, "version": 60}
{"obj": {"type": "LogStrings", "path": ["monitoring", "stderr"], "values": [{"value": "", "step": null, "ts": 1651886919.9724483}]}, "version": 61}
{"obj": {"type": "LogStrings", "path": ["monitoring", "stderr"], "values": [{"value": "  File \"/home/ndip/miniconda3/envs/CenterNet/lib/python3.6/multiprocessing/process.py\", line 258, in _bootstrap\n    self.run()\n", "step": null, "ts": 1651886919.972591}]}, "version": 62}
{"obj": {"type": "ConfigFloatSeries", "path": ["monitoring", "cpu"], "min": 0.0, "max": 100.0, "unit": "%"}, "version": 9}
{"obj": {"type": "ClearFloatLog", "path": ["monitoring", "cpu"]}, "version": 10}
{"obj": {"type": "ConfigFloatSeries", "path": ["monitoring", "memory"], "min": 0.0, "max": 62.64727783203125, "unit": "GB"}, "version": 11}
{"obj": {"type": "ClearFloatLog", "path": ["monitoring", "memory"]}, "version": 12}
{"obj": {"type": "ConfigFloatSeries", "path": ["monitoring", "gpu"], "min": 0.0, "max": 100.0, "unit": "%"}, "version": 13}
{"obj": {"type": "ClearFloatLog", "path": ["monitoring", "gpu"]}, "version": 14}
{"obj": {"type": "ConfigFloatSeries", "path": ["monitoring", "gpu_memory"], "min": 0.0, "max": 24.0, "unit": "GB"}, "version": 15}
{"obj": {"type": "ClearFloatLog", "path": ["monitoring", "gpu_memory"]}, "version": 16}
{"obj": {"type": "LogStrings", "path": ["monitoring", "stdout"], "values": [{"value": "Creating model...", "step": null, "ts": 1651886584.0951676}]}, "version": 17}
{"obj": {"type": "LogStrings", "path": ["monitoring", "stdout"], "values": [{"value": "\n", "step": null, "ts": 1651886584.095395}]}, "version": 18}
{"obj": {"type": "LogFloats", "path": ["monitoring", "cpu"], "values": [{"value": 2.6, "step": null, "ts": 1651886584.0893035}]}, "version": 19}
{"obj": {"type": "LogFloats", "path": ["monitoring", "memory"], "values": [{"value": 1.7231864929199219, "step": null, "ts": 1651886584.0893035}]}, "version": 20}
{"obj": {"type": "LogFloats", "path": ["monitoring", "gpu_memory"], "values": [{"value": 0.35302734375, "step": null, "ts": 1651886584.0893035}]}, "version": 21}
{"obj": {"type": "LogStrings", "path": ["monitoring", "stdout"], "values": [{"value": "loaded /home/ndip/CenterNet/src/lib/../../exp/multi_pose/dla_1x/model_last.pth, epoch 35", "step": null, "ts": 1651886584.506624}]}, "version": 22}
{"obj": {"type": "LogStrings", "path": ["monitoring", "stdout"], "values": [{"value": "\n", "step": null, "ts": 1651886584.506857}]}, "version": 23}
{"obj": {"type": "LogStrings", "path": ["monitoring", "stdout"], "values": [{"value": "Resumed optimizer with start lr", "step": null, "ts": 1651886584.5876572}]}, "version": 24}
{"obj": {"type": "LogStrings", "path": ["monitoring", "stdout"], "values": [{"value": " ", "step": null, "ts": 1651886584.5878408}]}, "version": 25}
{"obj": {"type": "LogStrings", "path": ["monitoring", "stdout"], "values": [{"value": "9e-06", "step": null, "ts": 1651886584.5879138}]}, "version": 26}
{"obj": {"type": "LogStrings", "path": ["monitoring", "stdout"], "values": [{"value": "\n", "step": null, "ts": 1651886584.5879972}]}, "version": 27}
{"obj": {"type": "LogStrings", "path": ["monitoring", "stdout"], "values": [{"value": "Setting up data...", "step": null, "ts": 1651886586.135243}]}, "version": 28}
{"obj": {"type": "LogStrings", "path": ["monitoring", "stdout"], "values": [{"value": "\n", "step": null, "ts": 1651886586.1354601}]}, "version": 29}
{"obj": {"type": "LogStrings", "path": ["monitoring", "stdout"], "values": [{"value": "==> initializing theodore valid data.", "step": null, "ts": 1651886586.1359441}]}, "version": 30}
{"obj": {"type": "LogStrings", "path": ["monitoring", "stdout"], "values": [{"value": "\n", "step": null, "ts": 1651886586.1360219}]}, "version": 31}
{"obj": {"type": "LogStrings", "path": ["monitoring", "stdout"], "values": [{"value": "loading annotations into memory...", "step": null, "ts": 1651886586.1361039}]}, "version": 32}
{"obj": {"type": "LogStrings", "path": ["monitoring", "stdout"], "values": [{"value": "\n", "step": null, "ts": 1651886586.1361694}]}, "version": 33}
{"obj": {"type": "LogStrings", "path": ["monitoring", "stdout"], "values": [{"value": "Done (t=0.54s)", "step": null, "ts": 1651886586.6725922}]}, "version": 34}
{"obj": {"type": "LogStrings", "path": ["monitoring", "stdout"], "values": [{"value": "\n", "step": null, "ts": 1651886586.672794}]}, "version": 35}
{"obj": {"type": "LogStrings", "path": ["monitoring", "stdout"], "values": [{"value": "creating index...", "step": null, "ts": 1651886586.672866}]}, "version": 36}
{"obj": {"type": "LogStrings", "path": ["monitoring", "stdout"], "values": [{"value": "\n", "step": null, "ts": 1651886586.67293}]}, "version": 37}
{"obj": {"type": "LogStrings", "path": ["monitoring", "stdout"], "values": [{"value": "index created!", "step": null, "ts": 1651886586.6833003}]}, "version": 38}
{"obj": {"type": "LogStrings", "path": ["monitoring", "stdout"], "values": [{"value": "\n", "step": null, "ts": 1651886586.6835098}]}, "version": 39}
{"obj": {"type": "LogStrings", "path": ["monitoring", "stdout"], "values": [{"value": "Loaded valid 6250 samples", "step": null, "ts": 1651886586.6837244}]}, "version": 40}
{"obj": {"type": "LogStrings", "path": ["monitoring", "stdout"], "values": [{"value": "\n", "step": null, "ts": 1651886586.6837907}]}, "version": 41}
{"obj": {"type": "LogStrings", "path": ["monitoring", "stdout"], "values": [{"value": "==> initializing theodore train data.", "step": null, "ts": 1651886586.6841662}]}, "version": 42}
{"obj": {"type": "LogStrings", "path": ["monitoring", "stdout"], "values": [{"value": "\n", "step": null, "ts": 1651886586.6842372}]}, "version": 43}
{"obj": {"type": "LogStrings", "path": ["monitoring", "stdout"], "values": [{"value": "loading annotations into memory...", "step": null, "ts": 1651886586.684301}]}, "version": 44}
{"obj": {"type": "LogStrings", "path": ["monitoring", "stdout"], "values": [{"value": "\n", "step": null, "ts": 1651886586.6843636}]}, "version": 45}
{"obj": {"type": "LogStrings", "path": ["monitoring", "stdout"], "values": [{"value": "Done (t=2.29s)", "step": null, "ts": 1651886588.972866}]}, "version": 46}
{"obj": {"type": "LogStrings", "path": ["monitoring", "stdout"], "values": [{"value": "\n", "step": null, "ts": 1651886588.9730906}]}, "version": 47}
{"obj": {"type": "LogStrings", "path": ["monitoring", "stdout"], "values": [{"value": "creating index...", "step": null, "ts": 1651886588.9731622}]}, "version": 48}
{"obj": {"type": "LogStrings", "path": ["monitoring", "stdout"], "values": [{"value": "\n", "step": null, "ts": 1651886588.973228}]}, "version": 49}
{"obj": {"type": "LogStrings", "path": ["monitoring", "stdout"], "values": [{"value": "index created!", "step": null, "ts": 1651886589.0487056}]}, "version": 50}
{"obj": {"type": "LogStrings", "path": ["monitoring", "stdout"], "values": [{"value": "\n", "step": null, "ts": 1651886589.0489206}]}, "version": 51}
{"obj": {"type": "LogStrings", "path": ["monitoring", "stdout"], "values": [{"value": "Loaded train 49917 samples", "step": null, "ts": 1651886589.1707673}]}, "version": 52}
{"obj": {"type": "LogStrings", "path": ["monitoring", "stdout"], "values": [{"value": "\n", "step": null, "ts": 1651886589.170969}]}, "version": 53}
{"obj": {"type": "AssignFloat", "path": ["parameters", "learning_rate"], "value": 9e-06}, "version": 54}
{"obj": {"type": "AssignString", "path": ["parameters", "optimizer"], "value": "Adam (\nParameter Group 0\n    amsgrad: False\n    betas: (0.9, 0.999)\n    eps: 1e-08\n    lr: 9e-06\n    weight_decay: 0\n)"}, "version": 55}
{"obj": {"type": "LogStrings", "path": ["monitoring", "stdout"], "values": [{"value": "Starting training...", "step": null, "ts": 1651886589.1722972}]}, "version": 56}
{"obj": {"type": "LogStrings", "path": ["monitoring", "stdout"], "values": [{"value": "\n", "step": null, "ts": 1651886589.1723745}]}, "version": 57}
{"obj": {"type": "LogFloats", "path": ["loss"], "values": [{"value": 0.022528399544939195, "step": null, "ts": 1651886589.1724524}]}, "version": 58}
{"obj": {"type": "LogStrings", "path": ["monitoring", "stderr"], "values": [{"value": "Process Process-1:\n", "step": null, "ts": 1651886920.0221155}]}, "version": 59}
{"obj": {"type": "LogStrings", "path": ["monitoring", "stderr"], "values": [{"value": "Traceback (most recent call last):\n", "step": null, "ts": 1651886920.023062}]}, "version": 60}
{"obj": {"type": "LogStrings", "path": ["monitoring", "stderr"], "values": [{"value": "", "step": null, "ts": 1651886920.023139}]}, "version": 61}
{"obj": {"type": "LogStrings", "path": ["monitoring", "stderr"], "values": [{"value": "  File \"/home/ndip/miniconda3/envs/CenterNet/lib/python3.6/multiprocessing/process.py\", line 258, in _bootstrap\n    self.run()\n", "step": null, "ts": 1651886920.0232332}]}, "version": 62}
