{"obj": {"type": "AssignString", "path": ["sys", "name"], "value": "Untitled"}, "version": 1}
{"obj": {"type": "AssignString", "path": ["sys", "description"], "value": ""}, "version": 2}
{"obj": {"type": "AssignString", "path": ["sys", "hostname"], "value": "dst-mikrowelle"}, "version": 3}
{"obj": {"type": "AssignBool", "path": ["sys", "failed"], "value": false}, "version": 4}
{"obj": {"type": "ClearStringLog", "path": ["monitoring", "stdout"]}, "version": 5}
{"obj": {"type": "ClearStringLog", "path": ["monitoring", "stderr"]}, "version": 6}
{"obj": {"type": "AssignString", "path": ["source_code", "entrypoint"], "value": "main.py"}, "version": 7}
{"obj": {"type": "UploadFileSet", "path": ["source_code", "files"], "file_globs": ["/home/ndip/CenterNet/src/main.py"], "reset": "False"}, "version": 8}
{"obj": {"type": "ConfigFloatSeries", "path": ["monitoring", "cpu"], "min": 0.0, "max": 100.0, "unit": "%"}, "version": 9}
{"obj": {"type": "ClearFloatLog", "path": ["monitoring", "cpu"]}, "version": 10}
{"obj": {"type": "ConfigFloatSeries", "path": ["monitoring", "memory"], "min": 0.0, "max": 62.64727783203125, "unit": "GB"}, "version": 11}
{"obj": {"type": "ClearFloatLog", "path": ["monitoring", "memory"]}, "version": 12}
{"obj": {"type": "ConfigFloatSeries", "path": ["monitoring", "gpu"], "min": 0.0, "max": 100.0, "unit": "%"}, "version": 13}
{"obj": {"type": "ClearFloatLog", "path": ["monitoring", "gpu"]}, "version": 14}
{"obj": {"type": "ConfigFloatSeries", "path": ["monitoring", "gpu_memory"], "min": 0.0, "max": 24.0, "unit": "GB"}, "version": 15}
{"obj": {"type": "ClearFloatLog", "path": ["monitoring", "gpu_memory"]}, "version": 16}
{"obj": {"type": "LogStrings", "path": ["monitoring", "stdout"], "values": [{"value": "Creating model...", "step": null, "ts": 1651923776.7860656}]}, "version": 17}
{"obj": {"type": "LogFloats", "path": ["monitoring", "cpu"], "values": [{"value": 2.9, "step": null, "ts": 1651923776.779892}]}, "version": 18}
{"obj": {"type": "LogStrings", "path": ["monitoring", "stdout"], "values": [{"value": "\n", "step": null, "ts": 1651923776.7872808}]}, "version": 19}
{"obj": {"type": "LogFloats", "path": ["monitoring", "memory"], "values": [{"value": 3.224742889404297, "step": null, "ts": 1651923776.779892}]}, "version": 20}
{"obj": {"type": "LogFloats", "path": ["monitoring", "gpu_memory"], "values": [{"value": 1.36846923828125, "step": null, "ts": 1651923776.779892}]}, "version": 21}
{"obj": {"type": "LogStrings", "path": ["monitoring", "stdout"], "values": [{"value": "loaded /home/ndip/CenterNet/src/lib/../../exp/multi_pose/dla_1x/model_last.pth, epoch 38", "step": null, "ts": 1651923777.1207907}]}, "version": 22}
{"obj": {"type": "LogStrings", "path": ["monitoring", "stdout"], "values": [{"value": "\n", "step": null, "ts": 1651923777.1210818}]}, "version": 23}
{"obj": {"type": "LogStrings", "path": ["monitoring", "stdout"], "values": [{"value": "Resumed optimizer with start lr", "step": null, "ts": 1651923777.2017052}]}, "version": 24}
{"obj": {"type": "LogStrings", "path": ["monitoring", "stdout"], "values": [{"value": " ", "step": null, "ts": 1651923777.2018955}]}, "version": 25}
{"obj": {"type": "LogStrings", "path": ["monitoring", "stdout"], "values": [{"value": "3e-06", "step": null, "ts": 1651923777.201975}]}, "version": 26}
{"obj": {"type": "LogStrings", "path": ["monitoring", "stdout"], "values": [{"value": "\n", "step": null, "ts": 1651923777.2020686}]}, "version": 27}
{"obj": {"type": "LogStrings", "path": ["monitoring", "stdout"], "values": [{"value": "Setting up data...", "step": null, "ts": 1651923778.6940305}]}, "version": 28}
{"obj": {"type": "LogStrings", "path": ["monitoring", "stdout"], "values": [{"value": "\n", "step": null, "ts": 1651923778.694249}]}, "version": 29}
{"obj": {"type": "LogStrings", "path": ["monitoring", "stdout"], "values": [{"value": "==> initializing theodore valid data.", "step": null, "ts": 1651923778.6947324}]}, "version": 30}
{"obj": {"type": "LogStrings", "path": ["monitoring", "stdout"], "values": [{"value": "\n", "step": null, "ts": 1651923778.6948116}]}, "version": 31}
{"obj": {"type": "LogStrings", "path": ["monitoring", "stdout"], "values": [{"value": "loading annotations into memory...", "step": null, "ts": 1651923778.6948972}]}, "version": 32}
{"obj": {"type": "LogStrings", "path": ["monitoring", "stdout"], "values": [{"value": "\n", "step": null, "ts": 1651923778.694964}]}, "version": 33}
{"obj": {"type": "LogStrings", "path": ["monitoring", "stdout"], "values": [{"value": "Done (t=0.25s)", "step": null, "ts": 1651923778.9447806}]}, "version": 34}
{"obj": {"type": "LogStrings", "path": ["monitoring", "stdout"], "values": [{"value": "\n", "step": null, "ts": 1651923778.9450026}]}, "version": 35}
{"obj": {"type": "LogStrings", "path": ["monitoring", "stdout"], "values": [{"value": "creating index...", "step": null, "ts": 1651923778.9450765}]}, "version": 36}
{"obj": {"type": "LogStrings", "path": ["monitoring", "stdout"], "values": [{"value": "\n", "step": null, "ts": 1651923778.9451418}]}, "version": 37}
{"obj": {"type": "LogStrings", "path": ["monitoring", "stdout"], "values": [{"value": "index created!", "step": null, "ts": 1651923778.9555585}]}, "version": 38}
{"obj": {"type": "LogStrings", "path": ["monitoring", "stdout"], "values": [{"value": "\n", "step": null, "ts": 1651923778.9557698}]}, "version": 39}
{"obj": {"type": "LogStrings", "path": ["monitoring", "stdout"], "values": [{"value": "Loaded valid 6250 samples", "step": null, "ts": 1651923778.9559848}]}, "version": 40}
{"obj": {"type": "LogStrings", "path": ["monitoring", "stdout"], "values": [{"value": "\n", "step": null, "ts": 1651923778.956053}]}, "version": 41}
{"obj": {"type": "LogStrings", "path": ["monitoring", "stdout"], "values": [{"value": "==> initializing theodore train data.", "step": null, "ts": 1651923778.9564357}]}, "version": 42}
{"obj": {"type": "LogStrings", "path": ["monitoring", "stdout"], "values": [{"value": "\n", "step": null, "ts": 1651923778.9565084}]}, "version": 43}
{"obj": {"type": "LogStrings", "path": ["monitoring", "stdout"], "values": [{"value": "loading annotations into memory...", "step": null, "ts": 1651923778.956574}]}, "version": 44}
{"obj": {"type": "LogStrings", "path": ["monitoring", "stdout"], "values": [{"value": "\n", "step": null, "ts": 1651923778.956639}]}, "version": 45}
{"obj": {"type": "LogStrings", "path": ["monitoring", "stdout"], "values": [{"value": "Done (t=1.96s)", "step": null, "ts": 1651923780.916678}]}, "version": 46}
{"obj": {"type": "LogStrings", "path": ["monitoring", "stdout"], "values": [{"value": "\n", "step": null, "ts": 1651923780.9168928}]}, "version": 47}
{"obj": {"type": "LogStrings", "path": ["monitoring", "stdout"], "values": [{"value": "creating index...", "step": null, "ts": 1651923780.9171262}]}, "version": 48}
{"obj": {"type": "LogStrings", "path": ["monitoring", "stdout"], "values": [{"value": "\n", "step": null, "ts": 1651923780.917199}]}, "version": 49}
{"obj": {"type": "LogStrings", "path": ["monitoring", "stdout"], "values": [{"value": "index created!", "step": null, "ts": 1651923780.9899473}]}, "version": 50}
{"obj": {"type": "LogStrings", "path": ["monitoring", "stdout"], "values": [{"value": "\n", "step": null, "ts": 1651923780.9901628}]}, "version": 51}
{"obj": {"type": "LogStrings", "path": ["monitoring", "stdout"], "values": [{"value": "Loaded train 49917 samples", "step": null, "ts": 1651923781.1068122}]}, "version": 52}
{"obj": {"type": "LogStrings", "path": ["monitoring", "stdout"], "values": [{"value": "\n", "step": null, "ts": 1651923781.107015}]}, "version": 53}
{"obj": {"type": "AssignFloat", "path": ["parameters", "learning_rate"], "value": 3e-06}, "version": 54}
{"obj": {"type": "AssignString", "path": ["parameters", "optimizer"], "value": "Adam (\nParameter Group 0\n    amsgrad: False\n    betas: (0.9, 0.999)\n    eps: 1e-08\n    lr: 3e-06\n    weight_decay: 0\n)"}, "version": 55}
{"obj": {"type": "LogStrings", "path": ["monitoring", "stdout"], "values": [{"value": "Starting training...", "step": null, "ts": 1651923781.10832}]}, "version": 56}
{"obj": {"type": "LogStrings", "path": ["monitoring", "stdout"], "values": [{"value": "\n", "step": null, "ts": 1651923781.1083949}]}, "version": 57}
{"obj": {"type": "LogFloats", "path": ["loss"], "values": [{"value": 0.016423203268260675, "step": null, "ts": 1651923781.108474}]}, "version": 58}
{"obj": {"type": "LogStrings", "path": ["monitoring", "stderr"], "values": [{"value": "/home/ndip/miniconda3/envs/CenterNet/lib/python3.6/site-packages/torch/nn/functional.py:52: UserWarning: size_average and reduce args will be deprecated, please use reduction='sum' instead.\n  warnings.warn(warning.format(ret))\n", "step": null, "ts": 1651923783.8361273}]}, "version": 59}
{"obj": {"type": "LogFloats", "path": ["monitoring", "cpu"], "values": [{"value": 10.1, "step": null, "ts": 1651923786.7907982}]}, "version": 60}
{"obj": {"type": "LogFloats", "path": ["monitoring", "memory"], "values": [{"value": 6.3312530517578125, "step": null, "ts": 1651923786.7907982}]}, "version": 61}
{"obj": {"type": "LogFloats", "path": ["monitoring", "gpu"], "values": [{"value": 98.0, "step": null, "ts": 1651923786.7907982}]}, "version": 62}
{"obj": {"type": "LogFloats", "path": ["monitoring", "gpu_memory"], "values": [{"value": 12.51593017578125, "step": null, "ts": 1651923786.7907982}]}, "version": 63}
{"obj": {"type": "LogFloats", "path": ["monitoring", "cpu"], "values": [{"value": 13.9, "step": null, "ts": 1651923796.793559}]}, "version": 64}
{"obj": {"type": "LogFloats", "path": ["monitoring", "memory"], "values": [{"value": 6.343177795410156, "step": null, "ts": 1651923796.793559}]}, "version": 65}
{"obj": {"type": "LogFloats", "path": ["monitoring", "gpu"], "values": [{"value": 100.0, "step": null, "ts": 1651923796.793559}]}, "version": 66}
{"obj": {"type": "LogFloats", "path": ["monitoring", "gpu_memory"], "values": [{"value": 13.22296142578125, "step": null, "ts": 1651923796.793559}]}, "version": 67}
{"obj": {"type": "ConfigFloatSeries", "path": ["monitoring", "cpu"], "min": 0.0, "max": 100.0, "unit": "%"}, "version": 9}
{"obj": {"type": "ClearFloatLog", "path": ["monitoring", "cpu"]}, "version": 10}
{"obj": {"type": "ConfigFloatSeries", "path": ["monitoring", "memory"], "min": 0.0, "max": 62.64727783203125, "unit": "GB"}, "version": 11}
{"obj": {"type": "ClearFloatLog", "path": ["monitoring", "memory"]}, "version": 12}
{"obj": {"type": "ConfigFloatSeries", "path": ["monitoring", "gpu"], "min": 0.0, "max": 100.0, "unit": "%"}, "version": 13}
{"obj": {"type": "ClearFloatLog", "path": ["monitoring", "gpu"]}, "version": 14}
{"obj": {"type": "ConfigFloatSeries", "path": ["monitoring", "gpu_memory"], "min": 0.0, "max": 24.0, "unit": "GB"}, "version": 15}
{"obj": {"type": "ClearFloatLog", "path": ["monitoring", "gpu_memory"]}, "version": 16}
{"obj": {"type": "LogStrings", "path": ["monitoring", "stdout"], "values": [{"value": "Creating model...", "step": null, "ts": 1651923776.7860656}]}, "version": 17}
{"obj": {"type": "LogFloats", "path": ["monitoring", "cpu"], "values": [{"value": 2.9, "step": null, "ts": 1651923776.779892}]}, "version": 18}
{"obj": {"type": "LogStrings", "path": ["monitoring", "stdout"], "values": [{"value": "\n", "step": null, "ts": 1651923776.7872808}]}, "version": 19}
{"obj": {"type": "LogFloats", "path": ["monitoring", "memory"], "values": [{"value": 3.224742889404297, "step": null, "ts": 1651923776.779892}]}, "version": 20}
{"obj": {"type": "LogFloats", "path": ["monitoring", "gpu_memory"], "values": [{"value": 1.36846923828125, "step": null, "ts": 1651923776.779892}]}, "version": 21}
{"obj": {"type": "LogStrings", "path": ["monitoring", "stdout"], "values": [{"value": "loaded /home/ndip/CenterNet/src/lib/../../exp/multi_pose/dla_1x/model_last.pth, epoch 38", "step": null, "ts": 1651923777.1207907}]}, "version": 22}
{"obj": {"type": "LogStrings", "path": ["monitoring", "stdout"], "values": [{"value": "\n", "step": null, "ts": 1651923777.1210818}]}, "version": 23}
{"obj": {"type": "LogStrings", "path": ["monitoring", "stdout"], "values": [{"value": "Resumed optimizer with start lr", "step": null, "ts": 1651923777.2017052}]}, "version": 24}
{"obj": {"type": "LogStrings", "path": ["monitoring", "stdout"], "values": [{"value": " ", "step": null, "ts": 1651923777.2018955}]}, "version": 25}
{"obj": {"type": "LogStrings", "path": ["monitoring", "stdout"], "values": [{"value": "3e-06", "step": null, "ts": 1651923777.201975}]}, "version": 26}
{"obj": {"type": "LogStrings", "path": ["monitoring", "stdout"], "values": [{"value": "\n", "step": null, "ts": 1651923777.2020686}]}, "version": 27}
{"obj": {"type": "LogStrings", "path": ["monitoring", "stdout"], "values": [{"value": "Setting up data...", "step": null, "ts": 1651923778.6940305}]}, "version": 28}
{"obj": {"type": "LogStrings", "path": ["monitoring", "stdout"], "values": [{"value": "\n", "step": null, "ts": 1651923778.694249}]}, "version": 29}
{"obj": {"type": "LogStrings", "path": ["monitoring", "stdout"], "values": [{"value": "==> initializing theodore valid data.", "step": null, "ts": 1651923778.6947324}]}, "version": 30}
{"obj": {"type": "LogStrings", "path": ["monitoring", "stdout"], "values": [{"value": "\n", "step": null, "ts": 1651923778.6948116}]}, "version": 31}
{"obj": {"type": "LogStrings", "path": ["monitoring", "stdout"], "values": [{"value": "loading annotations into memory...", "step": null, "ts": 1651923778.6948972}]}, "version": 32}
{"obj": {"type": "LogStrings", "path": ["monitoring", "stdout"], "values": [{"value": "\n", "step": null, "ts": 1651923778.694964}]}, "version": 33}
{"obj": {"type": "LogStrings", "path": ["monitoring", "stdout"], "values": [{"value": "Done (t=0.25s)", "step": null, "ts": 1651923778.9447806}]}, "version": 34}
{"obj": {"type": "LogStrings", "path": ["monitoring", "stdout"], "values": [{"value": "\n", "step": null, "ts": 1651923778.9450026}]}, "version": 35}
{"obj": {"type": "LogStrings", "path": ["monitoring", "stdout"], "values": [{"value": "creating index...", "step": null, "ts": 1651923778.9450765}]}, "version": 36}
{"obj": {"type": "LogStrings", "path": ["monitoring", "stdout"], "values": [{"value": "\n", "step": null, "ts": 1651923778.9451418}]}, "version": 37}
{"obj": {"type": "LogStrings", "path": ["monitoring", "stdout"], "values": [{"value": "index created!", "step": null, "ts": 1651923778.9555585}]}, "version": 38}
{"obj": {"type": "LogStrings", "path": ["monitoring", "stdout"], "values": [{"value": "\n", "step": null, "ts": 1651923778.9557698}]}, "version": 39}
{"obj": {"type": "LogStrings", "path": ["monitoring", "stdout"], "values": [{"value": "Loaded valid 6250 samples", "step": null, "ts": 1651923778.9559848}]}, "version": 40}
{"obj": {"type": "LogStrings", "path": ["monitoring", "stdout"], "values": [{"value": "\n", "step": null, "ts": 1651923778.956053}]}, "version": 41}
{"obj": {"type": "LogStrings", "path": ["monitoring", "stdout"], "values": [{"value": "==> initializing theodore train data.", "step": null, "ts": 1651923778.9564357}]}, "version": 42}
{"obj": {"type": "LogStrings", "path": ["monitoring", "stdout"], "values": [{"value": "\n", "step": null, "ts": 1651923778.9565084}]}, "version": 43}
{"obj": {"type": "LogStrings", "path": ["monitoring", "stdout"], "values": [{"value": "loading annotations into memory...", "step": null, "ts": 1651923778.956574}]}, "version": 44}
{"obj": {"type": "LogStrings", "path": ["monitoring", "stdout"], "values": [{"value": "\n", "step": null, "ts": 1651923778.956639}]}, "version": 45}
{"obj": {"type": "LogStrings", "path": ["monitoring", "stdout"], "values": [{"value": "Done (t=1.96s)", "step": null, "ts": 1651923780.916678}]}, "version": 46}
{"obj": {"type": "LogStrings", "path": ["monitoring", "stdout"], "values": [{"value": "\n", "step": null, "ts": 1651923780.9168928}]}, "version": 47}
{"obj": {"type": "LogStrings", "path": ["monitoring", "stdout"], "values": [{"value": "creating index...", "step": null, "ts": 1651923780.9171262}]}, "version": 48}
{"obj": {"type": "LogStrings", "path": ["monitoring", "stdout"], "values": [{"value": "\n", "step": null, "ts": 1651923780.917199}]}, "version": 49}
{"obj": {"type": "LogStrings", "path": ["monitoring", "stdout"], "values": [{"value": "index created!", "step": null, "ts": 1651923780.9899473}]}, "version": 50}
{"obj": {"type": "LogStrings", "path": ["monitoring", "stdout"], "values": [{"value": "\n", "step": null, "ts": 1651923780.9901628}]}, "version": 51}
{"obj": {"type": "LogStrings", "path": ["monitoring", "stdout"], "values": [{"value": "Loaded train 49917 samples", "step": null, "ts": 1651923781.1068122}]}, "version": 52}
{"obj": {"type": "LogStrings", "path": ["monitoring", "stdout"], "values": [{"value": "\n", "step": null, "ts": 1651923781.107015}]}, "version": 53}
{"obj": {"type": "AssignFloat", "path": ["parameters", "learning_rate"], "value": 3e-06}, "version": 54}
{"obj": {"type": "AssignString", "path": ["parameters", "optimizer"], "value": "Adam (\nParameter Group 0\n    amsgrad: False\n    betas: (0.9, 0.999)\n    eps: 1e-08\n    lr: 3e-06\n    weight_decay: 0\n)"}, "version": 55}
{"obj": {"type": "LogStrings", "path": ["monitoring", "stdout"], "values": [{"value": "Starting training...", "step": null, "ts": 1651923781.10832}]}, "version": 56}
{"obj": {"type": "LogStrings", "path": ["monitoring", "stdout"], "values": [{"value": "\n", "step": null, "ts": 1651923781.1083949}]}, "version": 57}
{"obj": {"type": "LogFloats", "path": ["loss"], "values": [{"value": 0.016423203268260675, "step": null, "ts": 1651923781.108474}]}, "version": 58}
{"obj": {"type": "LogStrings", "path": ["monitoring", "stderr"], "values": [{"value": "Process Process-3:\n", "step": null, "ts": 1651923803.6245694}]}, "version": 59}
{"obj": {"type": "LogStrings", "path": ["monitoring", "stderr"], "values": [{"value": "Traceback (most recent call last):\n", "step": null, "ts": 1651923803.6257098}]}, "version": 60}
{"obj": {"type": "LogStrings", "path": ["monitoring", "stderr"], "values": [{"value": "", "step": null, "ts": 1651923803.6258316}]}, "version": 61}
{"obj": {"type": "LogStrings", "path": ["monitoring", "stderr"], "values": [{"value": "  File \"/home/ndip/miniconda3/envs/CenterNet/lib/python3.6/multiprocessing/process.py\", line 258, in _bootstrap\n    self.run()\n", "step": null, "ts": 1651923803.6259751}]}, "version": 62}
{"obj": {"type": "LogStrings", "path": ["monitoring", "traceback"], "values": [{"value": "An uncaught exception occurred while run was active on worker dst-mikrowelle.", "step": null, "ts": 1651923803.6011734}, {"value": "Marking run as failed", "step": null, "ts": 1651923803.6011734}, {"value": "Traceback:", "step": null, "ts": 1651923803.6011734}, {"value": "  File \"main.py\", line 115, in <module>\n    main(opt)\n", "step": null, "ts": 1651923803.6011734}, {"value": "  File \"main.py\", line 81, in main\n    log_dict_train, _ = trainer.train(epoch, train_loader)\n", "step": null, "ts": 1651923803.6011734}, {"value": "  File \"/home/ndip/CenterNet/src/lib/trains/base_trainer.py\", line 119, in train\n    return self.run_epoch('train', epoch, data_loader)\n", "step": null, "ts": 1651923803.6011734}, {"value": "  File \"/home/ndip/CenterNet/src/lib/trains/base_trainer.py\", line 73, in run_epoch\n    loss.backward()\n", "step": null, "ts": 1651923803.6011734}, {"value": "  File \"/home/ndip/miniconda3/envs/CenterNet/lib/python3.6/site-packages/torch/tensor.py\", line 93, in backward\n    torch.autograd.backward(self, gradient, retain_graph, create_graph)\n", "step": null, "ts": 1651923803.6011734}, {"value": "  File \"/home/ndip/miniconda3/envs/CenterNet/lib/python3.6/site-packages/torch/autograd/__init__.py\", line 90, in backward\n    allow_unreachable=True)  # allow_unreachable flag\n", "step": null, "ts": 1651923803.6011734}, {"value": "", "step": null, "ts": 1651923803.6011734}]}, "version": 68}
{"obj": {"type": "AssignBool", "path": ["sys", "failed"], "value": true}, "version": 69}
{"obj": {"type": "LogStrings", "path": ["monitoring", "stderr"], "values": [{"value": "Traceback (most recent call last):\n", "step": null, "ts": 1651923803.6016877}]}, "version": 70}
{"obj": {"type": "LogStrings", "path": ["monitoring", "stderr"], "values": [{"value": "  File \"main.py\", line 115, in <module>\n", "step": null, "ts": 1651923803.6018336}]}, "version": 71}
{"obj": {"type": "LogStrings", "path": ["monitoring", "stderr"], "values": [{"value": "    ", "step": null, "ts": 1651923803.6020691}]}, "version": 72}
{"obj": {"type": "LogStrings", "path": ["monitoring", "stderr"], "values": [{"value": "main(opt)", "step": null, "ts": 1651923803.602197}]}, "version": 73}
{"obj": {"type": "LogStrings", "path": ["monitoring", "stderr"], "values": [{"value": "\n", "step": null, "ts": 1651923803.6023514}]}, "version": 74}
{"obj": {"type": "LogStrings", "path": ["monitoring", "stderr"], "values": [{"value": "  File \"main.py\", line 81, in main\n", "step": null, "ts": 1651923803.6024902}]}, "version": 75}
{"obj": {"type": "LogStrings", "path": ["monitoring", "stderr"], "values": [{"value": "    ", "step": null, "ts": 1651923803.6027024}]}, "version": 76}
{"obj": {"type": "LogStrings", "path": ["monitoring", "stderr"], "values": [{"value": "log_dict_train, _ = trainer.train(epoch, train_loader)", "step": null, "ts": 1651923803.602831}]}, "version": 77}
{"obj": {"type": "LogStrings", "path": ["monitoring", "stderr"], "values": [{"value": "\n", "step": null, "ts": 1651923803.6029613}]}, "version": 78}
{"obj": {"type": "LogStrings", "path": ["monitoring", "stderr"], "values": [{"value": "  File \"/home/ndip/CenterNet/src/lib/trains/base_trainer.py\", line 119, in train\n", "step": null, "ts": 1651923803.6030955}]}, "version": 79}
{"obj": {"type": "LogStrings", "path": ["monitoring", "stderr"], "values": [{"value": "    ", "step": null, "ts": 1651923803.603318}]}, "version": 80}
{"obj": {"type": "LogStrings", "path": ["monitoring", "stderr"], "values": [{"value": "return self.run_epoch('train', epoch, data_loader)", "step": null, "ts": 1651923803.6034446}]}, "version": 81}
{"obj": {"type": "LogStrings", "path": ["monitoring", "stderr"], "values": [{"value": "\n", "step": null, "ts": 1651923803.6035752}]}, "version": 82}
{"obj": {"type": "LogStrings", "path": ["monitoring", "stderr"], "values": [{"value": "  File \"/home/ndip/CenterNet/src/lib/trains/base_trainer.py\", line 73, in run_epoch\n", "step": null, "ts": 1651923803.6037087}]}, "version": 83}
{"obj": {"type": "LogStrings", "path": ["monitoring", "stderr"], "values": [{"value": "    ", "step": null, "ts": 1651923803.6039135}]}, "version": 84}
{"obj": {"type": "LogStrings", "path": ["monitoring", "stderr"], "values": [{"value": "loss.backward()", "step": null, "ts": 1651923803.6040406}]}, "version": 85}
{"obj": {"type": "LogStrings", "path": ["monitoring", "stderr"], "values": [{"value": "\n", "step": null, "ts": 1651923803.604171}]}, "version": 86}
{"obj": {"type": "LogStrings", "path": ["monitoring", "stderr"], "values": [{"value": "  File \"/home/ndip/miniconda3/envs/CenterNet/lib/python3.6/site-packages/torch/tensor.py\", line 93, in backward\n", "step": null, "ts": 1651923803.6043034}]}, "version": 87}
{"obj": {"type": "LogStrings", "path": ["monitoring", "stderr"], "values": [{"value": "    ", "step": null, "ts": 1651923803.604522}]}, "version": 88}
{"obj": {"type": "LogStrings", "path": ["monitoring", "stderr"], "values": [{"value": "torch.autograd.backward(self, gradient, retain_graph, create_graph)", "step": null, "ts": 1651923803.604649}]}, "version": 89}
{"obj": {"type": "LogStrings", "path": ["monitoring", "stderr"], "values": [{"value": "\n", "step": null, "ts": 1651923803.6047785}]}, "version": 90}
{"obj": {"type": "LogStrings", "path": ["monitoring", "stderr"], "values": [{"value": "  File \"/home/ndip/miniconda3/envs/CenterNet/lib/python3.6/site-packages/torch/autograd/__init__.py\", line 90, in backward\n", "step": null, "ts": 1651923803.6049128}]}, "version": 91}
{"obj": {"type": "LogStrings", "path": ["monitoring", "stderr"], "values": [{"value": "    ", "step": null, "ts": 1651923803.605164}]}, "version": 92}
{"obj": {"type": "LogStrings", "path": ["monitoring", "stderr"], "values": [{"value": "allow_unreachable=True)  # allow_unreachable flag", "step": null, "ts": 1651923803.6052907}]}, "version": 93}
{"obj": {"type": "LogStrings", "path": ["monitoring", "stderr"], "values": [{"value": "\n", "step": null, "ts": 1651923803.6054301}]}, "version": 94}
{"obj": {"type": "LogStrings", "path": ["monitoring", "stderr"], "values": [{"value": "KeyboardInterrupt", "step": null, "ts": 1651923803.6055658}]}, "version": 95}
{"obj": {"type": "LogStrings", "path": ["monitoring", "stderr"], "values": [{"value": "", "step": null, "ts": 1651923803.6056883}]}, "version": 96}
{"obj": {"type": "LogStrings", "path": ["monitoring", "stderr"], "values": [{"value": "\n", "step": null, "ts": 1651923803.6058164}]}, "version": 97}
{"obj": {"type": "LogStrings", "path": ["monitoring", "stdout"], "values": [{"value": "", "step": null, "ts": 1651923803.6061082}]}, "version": 98}
{"obj": {"type": "LogStrings", "path": ["monitoring", "stdout"], "values": [{"value": "Shutting down background jobs, please wait a moment...\n", "step": null, "ts": 1651923803.606317}]}, "version": 99}
{"obj": {"type": "ConfigFloatSeries", "path": ["monitoring", "cpu"], "min": 0.0, "max": 100.0, "unit": "%"}, "version": 9}
{"obj": {"type": "ClearFloatLog", "path": ["monitoring", "cpu"]}, "version": 10}
{"obj": {"type": "ConfigFloatSeries", "path": ["monitoring", "memory"], "min": 0.0, "max": 62.64727783203125, "unit": "GB"}, "version": 11}
{"obj": {"type": "ClearFloatLog", "path": ["monitoring", "memory"]}, "version": 12}
{"obj": {"type": "ConfigFloatSeries", "path": ["monitoring", "gpu"], "min": 0.0, "max": 100.0, "unit": "%"}, "version": 13}
{"obj": {"type": "ClearFloatLog", "path": ["monitoring", "gpu"]}, "version": 14}
{"obj": {"type": "ConfigFloatSeries", "path": ["monitoring", "gpu_memory"], "min": 0.0, "max": 24.0, "unit": "GB"}, "version": 15}
{"obj": {"type": "ClearFloatLog", "path": ["monitoring", "gpu_memory"]}, "version": 16}
{"obj": {"type": "LogStrings", "path": ["monitoring", "stdout"], "values": [{"value": "Creating model...", "step": null, "ts": 1651923776.7860656}]}, "version": 17}
{"obj": {"type": "LogFloats", "path": ["monitoring", "cpu"], "values": [{"value": 2.9, "step": null, "ts": 1651923776.779892}]}, "version": 18}
{"obj": {"type": "LogStrings", "path": ["monitoring", "stdout"], "values": [{"value": "\n", "step": null, "ts": 1651923776.7872808}]}, "version": 19}
{"obj": {"type": "LogFloats", "path": ["monitoring", "memory"], "values": [{"value": 3.224742889404297, "step": null, "ts": 1651923776.779892}]}, "version": 20}
{"obj": {"type": "LogFloats", "path": ["monitoring", "gpu_memory"], "values": [{"value": 1.36846923828125, "step": null, "ts": 1651923776.779892}]}, "version": 21}
{"obj": {"type": "LogStrings", "path": ["monitoring", "stdout"], "values": [{"value": "loaded /home/ndip/CenterNet/src/lib/../../exp/multi_pose/dla_1x/model_last.pth, epoch 38", "step": null, "ts": 1651923777.1207907}]}, "version": 22}
{"obj": {"type": "LogStrings", "path": ["monitoring", "stdout"], "values": [{"value": "\n", "step": null, "ts": 1651923777.1210818}]}, "version": 23}
{"obj": {"type": "LogStrings", "path": ["monitoring", "stdout"], "values": [{"value": "Resumed optimizer with start lr", "step": null, "ts": 1651923777.2017052}]}, "version": 24}
{"obj": {"type": "LogStrings", "path": ["monitoring", "stdout"], "values": [{"value": " ", "step": null, "ts": 1651923777.2018955}]}, "version": 25}
{"obj": {"type": "LogStrings", "path": ["monitoring", "stdout"], "values": [{"value": "3e-06", "step": null, "ts": 1651923777.201975}]}, "version": 26}
{"obj": {"type": "LogStrings", "path": ["monitoring", "stdout"], "values": [{"value": "\n", "step": null, "ts": 1651923777.2020686}]}, "version": 27}
{"obj": {"type": "LogStrings", "path": ["monitoring", "stdout"], "values": [{"value": "Setting up data...", "step": null, "ts": 1651923778.6940305}]}, "version": 28}
{"obj": {"type": "LogStrings", "path": ["monitoring", "stdout"], "values": [{"value": "\n", "step": null, "ts": 1651923778.694249}]}, "version": 29}
{"obj": {"type": "LogStrings", "path": ["monitoring", "stdout"], "values": [{"value": "==> initializing theodore valid data.", "step": null, "ts": 1651923778.6947324}]}, "version": 30}
{"obj": {"type": "LogStrings", "path": ["monitoring", "stdout"], "values": [{"value": "\n", "step": null, "ts": 1651923778.6948116}]}, "version": 31}
{"obj": {"type": "LogStrings", "path": ["monitoring", "stdout"], "values": [{"value": "loading annotations into memory...", "step": null, "ts": 1651923778.6948972}]}, "version": 32}
{"obj": {"type": "LogStrings", "path": ["monitoring", "stdout"], "values": [{"value": "\n", "step": null, "ts": 1651923778.694964}]}, "version": 33}
{"obj": {"type": "LogStrings", "path": ["monitoring", "stdout"], "values": [{"value": "Done (t=0.25s)", "step": null, "ts": 1651923778.9447806}]}, "version": 34}
{"obj": {"type": "LogStrings", "path": ["monitoring", "stdout"], "values": [{"value": "\n", "step": null, "ts": 1651923778.9450026}]}, "version": 35}
{"obj": {"type": "LogStrings", "path": ["monitoring", "stdout"], "values": [{"value": "creating index...", "step": null, "ts": 1651923778.9450765}]}, "version": 36}
{"obj": {"type": "LogStrings", "path": ["monitoring", "stdout"], "values": [{"value": "\n", "step": null, "ts": 1651923778.9451418}]}, "version": 37}
{"obj": {"type": "LogStrings", "path": ["monitoring", "stdout"], "values": [{"value": "index created!", "step": null, "ts": 1651923778.9555585}]}, "version": 38}
{"obj": {"type": "LogStrings", "path": ["monitoring", "stdout"], "values": [{"value": "\n", "step": null, "ts": 1651923778.9557698}]}, "version": 39}
{"obj": {"type": "LogStrings", "path": ["monitoring", "stdout"], "values": [{"value": "Loaded valid 6250 samples", "step": null, "ts": 1651923778.9559848}]}, "version": 40}
{"obj": {"type": "LogStrings", "path": ["monitoring", "stdout"], "values": [{"value": "\n", "step": null, "ts": 1651923778.956053}]}, "version": 41}
{"obj": {"type": "LogStrings", "path": ["monitoring", "stdout"], "values": [{"value": "==> initializing theodore train data.", "step": null, "ts": 1651923778.9564357}]}, "version": 42}
{"obj": {"type": "LogStrings", "path": ["monitoring", "stdout"], "values": [{"value": "\n", "step": null, "ts": 1651923778.9565084}]}, "version": 43}
{"obj": {"type": "LogStrings", "path": ["monitoring", "stdout"], "values": [{"value": "loading annotations into memory...", "step": null, "ts": 1651923778.956574}]}, "version": 44}
{"obj": {"type": "LogStrings", "path": ["monitoring", "stdout"], "values": [{"value": "\n", "step": null, "ts": 1651923778.956639}]}, "version": 45}
{"obj": {"type": "LogStrings", "path": ["monitoring", "stdout"], "values": [{"value": "Done (t=1.96s)", "step": null, "ts": 1651923780.916678}]}, "version": 46}
{"obj": {"type": "LogStrings", "path": ["monitoring", "stdout"], "values": [{"value": "\n", "step": null, "ts": 1651923780.9168928}]}, "version": 47}
{"obj": {"type": "LogStrings", "path": ["monitoring", "stdout"], "values": [{"value": "creating index...", "step": null, "ts": 1651923780.9171262}]}, "version": 48}
{"obj": {"type": "LogStrings", "path": ["monitoring", "stdout"], "values": [{"value": "\n", "step": null, "ts": 1651923780.917199}]}, "version": 49}
{"obj": {"type": "LogStrings", "path": ["monitoring", "stdout"], "values": [{"value": "index created!", "step": null, "ts": 1651923780.9899473}]}, "version": 50}
{"obj": {"type": "LogStrings", "path": ["monitoring", "stdout"], "values": [{"value": "\n", "step": null, "ts": 1651923780.9901628}]}, "version": 51}
{"obj": {"type": "LogStrings", "path": ["monitoring", "stdout"], "values": [{"value": "Loaded train 49917 samples", "step": null, "ts": 1651923781.1068122}]}, "version": 52}
{"obj": {"type": "LogStrings", "path": ["monitoring", "stdout"], "values": [{"value": "\n", "step": null, "ts": 1651923781.107015}]}, "version": 53}
{"obj": {"type": "AssignFloat", "path": ["parameters", "learning_rate"], "value": 3e-06}, "version": 54}
{"obj": {"type": "AssignString", "path": ["parameters", "optimizer"], "value": "Adam (\nParameter Group 0\n    amsgrad: False\n    betas: (0.9, 0.999)\n    eps: 1e-08\n    lr: 3e-06\n    weight_decay: 0\n)"}, "version": 55}
{"obj": {"type": "LogStrings", "path": ["monitoring", "stdout"], "values": [{"value": "Starting training...", "step": null, "ts": 1651923781.10832}]}, "version": 56}
{"obj": {"type": "LogStrings", "path": ["monitoring", "stdout"], "values": [{"value": "\n", "step": null, "ts": 1651923781.1083949}]}, "version": 57}
{"obj": {"type": "LogFloats", "path": ["loss"], "values": [{"value": 0.016423203268260675, "step": null, "ts": 1651923781.108474}]}, "version": 58}
{"obj": {"type": "LogStrings", "path": ["monitoring", "stderr"], "values": [{"value": "Process Process-4:\n", "step": null, "ts": 1651923803.7708313}]}, "version": 59}
{"obj": {"type": "LogStrings", "path": ["monitoring", "stderr"], "values": [{"value": "Traceback (most recent call last):\n", "step": null, "ts": 1651923803.7717519}]}, "version": 60}
{"obj": {"type": "LogStrings", "path": ["monitoring", "stderr"], "values": [{"value": "", "step": null, "ts": 1651923803.7718344}]}, "version": 61}
{"obj": {"type": "LogStrings", "path": ["monitoring", "stderr"], "values": [{"value": "  File \"/home/ndip/miniconda3/envs/CenterNet/lib/python3.6/multiprocessing/process.py\", line 258, in _bootstrap\n    self.run()\n", "step": null, "ts": 1651923803.7719312}]}, "version": 62}
{"obj": {"type": "ConfigFloatSeries", "path": ["monitoring", "cpu"], "min": 0.0, "max": 100.0, "unit": "%"}, "version": 9}
{"obj": {"type": "ClearFloatLog", "path": ["monitoring", "cpu"]}, "version": 10}
{"obj": {"type": "ConfigFloatSeries", "path": ["monitoring", "memory"], "min": 0.0, "max": 62.64727783203125, "unit": "GB"}, "version": 11}
{"obj": {"type": "ClearFloatLog", "path": ["monitoring", "memory"]}, "version": 12}
{"obj": {"type": "ConfigFloatSeries", "path": ["monitoring", "gpu"], "min": 0.0, "max": 100.0, "unit": "%"}, "version": 13}
{"obj": {"type": "ClearFloatLog", "path": ["monitoring", "gpu"]}, "version": 14}
{"obj": {"type": "ConfigFloatSeries", "path": ["monitoring", "gpu_memory"], "min": 0.0, "max": 24.0, "unit": "GB"}, "version": 15}
{"obj": {"type": "ClearFloatLog", "path": ["monitoring", "gpu_memory"]}, "version": 16}
{"obj": {"type": "LogStrings", "path": ["monitoring", "stdout"], "values": [{"value": "Creating model...", "step": null, "ts": 1651923776.7860656}]}, "version": 17}
{"obj": {"type": "LogFloats", "path": ["monitoring", "cpu"], "values": [{"value": 2.9, "step": null, "ts": 1651923776.779892}]}, "version": 18}
{"obj": {"type": "LogStrings", "path": ["monitoring", "stdout"], "values": [{"value": "\n", "step": null, "ts": 1651923776.7872808}]}, "version": 19}
{"obj": {"type": "LogFloats", "path": ["monitoring", "memory"], "values": [{"value": 3.224742889404297, "step": null, "ts": 1651923776.779892}]}, "version": 20}
{"obj": {"type": "LogFloats", "path": ["monitoring", "gpu_memory"], "values": [{"value": 1.36846923828125, "step": null, "ts": 1651923776.779892}]}, "version": 21}
{"obj": {"type": "LogStrings", "path": ["monitoring", "stdout"], "values": [{"value": "loaded /home/ndip/CenterNet/src/lib/../../exp/multi_pose/dla_1x/model_last.pth, epoch 38", "step": null, "ts": 1651923777.1207907}]}, "version": 22}
{"obj": {"type": "LogStrings", "path": ["monitoring", "stdout"], "values": [{"value": "\n", "step": null, "ts": 1651923777.1210818}]}, "version": 23}
{"obj": {"type": "LogStrings", "path": ["monitoring", "stdout"], "values": [{"value": "Resumed optimizer with start lr", "step": null, "ts": 1651923777.2017052}]}, "version": 24}
{"obj": {"type": "LogStrings", "path": ["monitoring", "stdout"], "values": [{"value": " ", "step": null, "ts": 1651923777.2018955}]}, "version": 25}
{"obj": {"type": "LogStrings", "path": ["monitoring", "stdout"], "values": [{"value": "3e-06", "step": null, "ts": 1651923777.201975}]}, "version": 26}
{"obj": {"type": "LogStrings", "path": ["monitoring", "stdout"], "values": [{"value": "\n", "step": null, "ts": 1651923777.2020686}]}, "version": 27}
{"obj": {"type": "LogStrings", "path": ["monitoring", "stdout"], "values": [{"value": "Setting up data...", "step": null, "ts": 1651923778.6940305}]}, "version": 28}
{"obj": {"type": "LogStrings", "path": ["monitoring", "stdout"], "values": [{"value": "\n", "step": null, "ts": 1651923778.694249}]}, "version": 29}
{"obj": {"type": "LogStrings", "path": ["monitoring", "stdout"], "values": [{"value": "==> initializing theodore valid data.", "step": null, "ts": 1651923778.6947324}]}, "version": 30}
{"obj": {"type": "LogStrings", "path": ["monitoring", "stdout"], "values": [{"value": "\n", "step": null, "ts": 1651923778.6948116}]}, "version": 31}
{"obj": {"type": "LogStrings", "path": ["monitoring", "stdout"], "values": [{"value": "loading annotations into memory...", "step": null, "ts": 1651923778.6948972}]}, "version": 32}
{"obj": {"type": "LogStrings", "path": ["monitoring", "stdout"], "values": [{"value": "\n", "step": null, "ts": 1651923778.694964}]}, "version": 33}
{"obj": {"type": "LogStrings", "path": ["monitoring", "stdout"], "values": [{"value": "Done (t=0.25s)", "step": null, "ts": 1651923778.9447806}]}, "version": 34}
{"obj": {"type": "LogStrings", "path": ["monitoring", "stdout"], "values": [{"value": "\n", "step": null, "ts": 1651923778.9450026}]}, "version": 35}
{"obj": {"type": "LogStrings", "path": ["monitoring", "stdout"], "values": [{"value": "creating index...", "step": null, "ts": 1651923778.9450765}]}, "version": 36}
{"obj": {"type": "LogStrings", "path": ["monitoring", "stdout"], "values": [{"value": "\n", "step": null, "ts": 1651923778.9451418}]}, "version": 37}
{"obj": {"type": "LogStrings", "path": ["monitoring", "stdout"], "values": [{"value": "index created!", "step": null, "ts": 1651923778.9555585}]}, "version": 38}
{"obj": {"type": "LogStrings", "path": ["monitoring", "stdout"], "values": [{"value": "\n", "step": null, "ts": 1651923778.9557698}]}, "version": 39}
{"obj": {"type": "LogStrings", "path": ["monitoring", "stdout"], "values": [{"value": "Loaded valid 6250 samples", "step": null, "ts": 1651923778.9559848}]}, "version": 40}
{"obj": {"type": "LogStrings", "path": ["monitoring", "stdout"], "values": [{"value": "\n", "step": null, "ts": 1651923778.956053}]}, "version": 41}
{"obj": {"type": "LogStrings", "path": ["monitoring", "stdout"], "values": [{"value": "==> initializing theodore train data.", "step": null, "ts": 1651923778.9564357}]}, "version": 42}
{"obj": {"type": "LogStrings", "path": ["monitoring", "stdout"], "values": [{"value": "\n", "step": null, "ts": 1651923778.9565084}]}, "version": 43}
{"obj": {"type": "LogStrings", "path": ["monitoring", "stdout"], "values": [{"value": "loading annotations into memory...", "step": null, "ts": 1651923778.956574}]}, "version": 44}
{"obj": {"type": "LogStrings", "path": ["monitoring", "stdout"], "values": [{"value": "\n", "step": null, "ts": 1651923778.956639}]}, "version": 45}
{"obj": {"type": "LogStrings", "path": ["monitoring", "stdout"], "values": [{"value": "Done (t=1.96s)", "step": null, "ts": 1651923780.916678}]}, "version": 46}
{"obj": {"type": "LogStrings", "path": ["monitoring", "stdout"], "values": [{"value": "\n", "step": null, "ts": 1651923780.9168928}]}, "version": 47}
{"obj": {"type": "LogStrings", "path": ["monitoring", "stdout"], "values": [{"value": "creating index...", "step": null, "ts": 1651923780.9171262}]}, "version": 48}
{"obj": {"type": "LogStrings", "path": ["monitoring", "stdout"], "values": [{"value": "\n", "step": null, "ts": 1651923780.917199}]}, "version": 49}
{"obj": {"type": "LogStrings", "path": ["monitoring", "stdout"], "values": [{"value": "index created!", "step": null, "ts": 1651923780.9899473}]}, "version": 50}
{"obj": {"type": "LogStrings", "path": ["monitoring", "stdout"], "values": [{"value": "\n", "step": null, "ts": 1651923780.9901628}]}, "version": 51}
{"obj": {"type": "LogStrings", "path": ["monitoring", "stdout"], "values": [{"value": "Loaded train 49917 samples", "step": null, "ts": 1651923781.1068122}]}, "version": 52}
{"obj": {"type": "LogStrings", "path": ["monitoring", "stdout"], "values": [{"value": "\n", "step": null, "ts": 1651923781.107015}]}, "version": 53}
{"obj": {"type": "AssignFloat", "path": ["parameters", "learning_rate"], "value": 3e-06}, "version": 54}
{"obj": {"type": "AssignString", "path": ["parameters", "optimizer"], "value": "Adam (\nParameter Group 0\n    amsgrad: False\n    betas: (0.9, 0.999)\n    eps: 1e-08\n    lr: 3e-06\n    weight_decay: 0\n)"}, "version": 55}
{"obj": {"type": "LogStrings", "path": ["monitoring", "stdout"], "values": [{"value": "Starting training...", "step": null, "ts": 1651923781.10832}]}, "version": 56}
{"obj": {"type": "LogStrings", "path": ["monitoring", "stdout"], "values": [{"value": "\n", "step": null, "ts": 1651923781.1083949}]}, "version": 57}
{"obj": {"type": "LogFloats", "path": ["loss"], "values": [{"value": 0.016423203268260675, "step": null, "ts": 1651923781.108474}]}, "version": 58}
{"obj": {"type": "LogStrings", "path": ["monitoring", "stderr"], "values": [{"value": "Process Process-2:\n", "step": null, "ts": 1651923803.8133867}]}, "version": 59}
{"obj": {"type": "LogStrings", "path": ["monitoring", "stderr"], "values": [{"value": "Traceback (most recent call last):\n", "step": null, "ts": 1651923803.8143287}]}, "version": 60}
{"obj": {"type": "LogStrings", "path": ["monitoring", "stderr"], "values": [{"value": "", "step": null, "ts": 1651923803.8144114}]}, "version": 61}
{"obj": {"type": "LogStrings", "path": ["monitoring", "stderr"], "values": [{"value": "  File \"/home/ndip/miniconda3/envs/CenterNet/lib/python3.6/multiprocessing/process.py\", line 258, in _bootstrap\n    self.run()\n", "step": null, "ts": 1651923803.814511}]}, "version": 62}
{"obj": {"type": "ConfigFloatSeries", "path": ["monitoring", "cpu"], "min": 0.0, "max": 100.0, "unit": "%"}, "version": 9}
{"obj": {"type": "ClearFloatLog", "path": ["monitoring", "cpu"]}, "version": 10}
{"obj": {"type": "ConfigFloatSeries", "path": ["monitoring", "memory"], "min": 0.0, "max": 62.64727783203125, "unit": "GB"}, "version": 11}
{"obj": {"type": "ClearFloatLog", "path": ["monitoring", "memory"]}, "version": 12}
{"obj": {"type": "ConfigFloatSeries", "path": ["monitoring", "gpu"], "min": 0.0, "max": 100.0, "unit": "%"}, "version": 13}
{"obj": {"type": "ClearFloatLog", "path": ["monitoring", "gpu"]}, "version": 14}
{"obj": {"type": "ConfigFloatSeries", "path": ["monitoring", "gpu_memory"], "min": 0.0, "max": 24.0, "unit": "GB"}, "version": 15}
{"obj": {"type": "ClearFloatLog", "path": ["monitoring", "gpu_memory"]}, "version": 16}
{"obj": {"type": "LogStrings", "path": ["monitoring", "stdout"], "values": [{"value": "Creating model...", "step": null, "ts": 1651923776.7860656}]}, "version": 17}
{"obj": {"type": "LogFloats", "path": ["monitoring", "cpu"], "values": [{"value": 2.9, "step": null, "ts": 1651923776.779892}]}, "version": 18}
{"obj": {"type": "LogStrings", "path": ["monitoring", "stdout"], "values": [{"value": "\n", "step": null, "ts": 1651923776.7872808}]}, "version": 19}
{"obj": {"type": "LogFloats", "path": ["monitoring", "memory"], "values": [{"value": 3.224742889404297, "step": null, "ts": 1651923776.779892}]}, "version": 20}
{"obj": {"type": "LogFloats", "path": ["monitoring", "gpu_memory"], "values": [{"value": 1.36846923828125, "step": null, "ts": 1651923776.779892}]}, "version": 21}
{"obj": {"type": "LogStrings", "path": ["monitoring", "stdout"], "values": [{"value": "loaded /home/ndip/CenterNet/src/lib/../../exp/multi_pose/dla_1x/model_last.pth, epoch 38", "step": null, "ts": 1651923777.1207907}]}, "version": 22}
{"obj": {"type": "LogStrings", "path": ["monitoring", "stdout"], "values": [{"value": "\n", "step": null, "ts": 1651923777.1210818}]}, "version": 23}
{"obj": {"type": "LogStrings", "path": ["monitoring", "stdout"], "values": [{"value": "Resumed optimizer with start lr", "step": null, "ts": 1651923777.2017052}]}, "version": 24}
{"obj": {"type": "LogStrings", "path": ["monitoring", "stdout"], "values": [{"value": " ", "step": null, "ts": 1651923777.2018955}]}, "version": 25}
{"obj": {"type": "LogStrings", "path": ["monitoring", "stdout"], "values": [{"value": "3e-06", "step": null, "ts": 1651923777.201975}]}, "version": 26}
{"obj": {"type": "LogStrings", "path": ["monitoring", "stdout"], "values": [{"value": "\n", "step": null, "ts": 1651923777.2020686}]}, "version": 27}
{"obj": {"type": "LogStrings", "path": ["monitoring", "stdout"], "values": [{"value": "Setting up data...", "step": null, "ts": 1651923778.6940305}]}, "version": 28}
{"obj": {"type": "LogStrings", "path": ["monitoring", "stdout"], "values": [{"value": "\n", "step": null, "ts": 1651923778.694249}]}, "version": 29}
{"obj": {"type": "LogStrings", "path": ["monitoring", "stdout"], "values": [{"value": "==> initializing theodore valid data.", "step": null, "ts": 1651923778.6947324}]}, "version": 30}
{"obj": {"type": "LogStrings", "path": ["monitoring", "stdout"], "values": [{"value": "\n", "step": null, "ts": 1651923778.6948116}]}, "version": 31}
{"obj": {"type": "LogStrings", "path": ["monitoring", "stdout"], "values": [{"value": "loading annotations into memory...", "step": null, "ts": 1651923778.6948972}]}, "version": 32}
{"obj": {"type": "LogStrings", "path": ["monitoring", "stdout"], "values": [{"value": "\n", "step": null, "ts": 1651923778.694964}]}, "version": 33}
{"obj": {"type": "LogStrings", "path": ["monitoring", "stdout"], "values": [{"value": "Done (t=0.25s)", "step": null, "ts": 1651923778.9447806}]}, "version": 34}
{"obj": {"type": "LogStrings", "path": ["monitoring", "stdout"], "values": [{"value": "\n", "step": null, "ts": 1651923778.9450026}]}, "version": 35}
{"obj": {"type": "LogStrings", "path": ["monitoring", "stdout"], "values": [{"value": "creating index...", "step": null, "ts": 1651923778.9450765}]}, "version": 36}
{"obj": {"type": "LogStrings", "path": ["monitoring", "stdout"], "values": [{"value": "\n", "step": null, "ts": 1651923778.9451418}]}, "version": 37}
{"obj": {"type": "LogStrings", "path": ["monitoring", "stdout"], "values": [{"value": "index created!", "step": null, "ts": 1651923778.9555585}]}, "version": 38}
{"obj": {"type": "LogStrings", "path": ["monitoring", "stdout"], "values": [{"value": "\n", "step": null, "ts": 1651923778.9557698}]}, "version": 39}
{"obj": {"type": "LogStrings", "path": ["monitoring", "stdout"], "values": [{"value": "Loaded valid 6250 samples", "step": null, "ts": 1651923778.9559848}]}, "version": 40}
{"obj": {"type": "LogStrings", "path": ["monitoring", "stdout"], "values": [{"value": "\n", "step": null, "ts": 1651923778.956053}]}, "version": 41}
{"obj": {"type": "LogStrings", "path": ["monitoring", "stdout"], "values": [{"value": "==> initializing theodore train data.", "step": null, "ts": 1651923778.9564357}]}, "version": 42}
{"obj": {"type": "LogStrings", "path": ["monitoring", "stdout"], "values": [{"value": "\n", "step": null, "ts": 1651923778.9565084}]}, "version": 43}
{"obj": {"type": "LogStrings", "path": ["monitoring", "stdout"], "values": [{"value": "loading annotations into memory...", "step": null, "ts": 1651923778.956574}]}, "version": 44}
{"obj": {"type": "LogStrings", "path": ["monitoring", "stdout"], "values": [{"value": "\n", "step": null, "ts": 1651923778.956639}]}, "version": 45}
{"obj": {"type": "LogStrings", "path": ["monitoring", "stdout"], "values": [{"value": "Done (t=1.96s)", "step": null, "ts": 1651923780.916678}]}, "version": 46}
{"obj": {"type": "LogStrings", "path": ["monitoring", "stdout"], "values": [{"value": "\n", "step": null, "ts": 1651923780.9168928}]}, "version": 47}
{"obj": {"type": "LogStrings", "path": ["monitoring", "stdout"], "values": [{"value": "creating index...", "step": null, "ts": 1651923780.9171262}]}, "version": 48}
{"obj": {"type": "LogStrings", "path": ["monitoring", "stdout"], "values": [{"value": "\n", "step": null, "ts": 1651923780.917199}]}, "version": 49}
{"obj": {"type": "LogStrings", "path": ["monitoring", "stdout"], "values": [{"value": "index created!", "step": null, "ts": 1651923780.9899473}]}, "version": 50}
{"obj": {"type": "LogStrings", "path": ["monitoring", "stdout"], "values": [{"value": "\n", "step": null, "ts": 1651923780.9901628}]}, "version": 51}
{"obj": {"type": "LogStrings", "path": ["monitoring", "stdout"], "values": [{"value": "Loaded train 49917 samples", "step": null, "ts": 1651923781.1068122}]}, "version": 52}
{"obj": {"type": "LogStrings", "path": ["monitoring", "stdout"], "values": [{"value": "\n", "step": null, "ts": 1651923781.107015}]}, "version": 53}
{"obj": {"type": "AssignFloat", "path": ["parameters", "learning_rate"], "value": 3e-06}, "version": 54}
{"obj": {"type": "AssignString", "path": ["parameters", "optimizer"], "value": "Adam (\nParameter Group 0\n    amsgrad: False\n    betas: (0.9, 0.999)\n    eps: 1e-08\n    lr: 3e-06\n    weight_decay: 0\n)"}, "version": 55}
{"obj": {"type": "LogStrings", "path": ["monitoring", "stdout"], "values": [{"value": "Starting training...", "step": null, "ts": 1651923781.10832}]}, "version": 56}
{"obj": {"type": "LogStrings", "path": ["monitoring", "stdout"], "values": [{"value": "\n", "step": null, "ts": 1651923781.1083949}]}, "version": 57}
{"obj": {"type": "LogFloats", "path": ["loss"], "values": [{"value": 0.016423203268260675, "step": null, "ts": 1651923781.108474}]}, "version": 58}
{"obj": {"type": "LogStrings", "path": ["monitoring", "stderr"], "values": [{"value": "Process Process-1:\n", "step": null, "ts": 1651923803.8340392}]}, "version": 59}
{"obj": {"type": "LogStrings", "path": ["monitoring", "stderr"], "values": [{"value": "Traceback (most recent call last):\n", "step": null, "ts": 1651923803.8347297}]}, "version": 60}
{"obj": {"type": "LogStrings", "path": ["monitoring", "stderr"], "values": [{"value": "", "step": null, "ts": 1651923803.8348124}]}, "version": 61}
{"obj": {"type": "LogStrings", "path": ["monitoring", "stderr"], "values": [{"value": "  File \"/home/ndip/miniconda3/envs/CenterNet/lib/python3.6/multiprocessing/process.py\", line 258, in _bootstrap\n    self.run()\n", "step": null, "ts": 1651923803.8349059}]}, "version": 62}
