{"obj": {"type": "AssignString", "path": ["sys", "name"], "value": "Untitled"}, "version": 1}
{"obj": {"type": "AssignString", "path": ["sys", "description"], "value": ""}, "version": 2}
{"obj": {"type": "AssignString", "path": ["sys", "hostname"], "value": "dst-mikrowelle"}, "version": 3}
{"obj": {"type": "AssignBool", "path": ["sys", "failed"], "value": false}, "version": 4}
{"obj": {"type": "ClearStringLog", "path": ["monitoring", "stdout"]}, "version": 5}
{"obj": {"type": "ClearStringLog", "path": ["monitoring", "stderr"]}, "version": 6}
{"obj": {"type": "AssignString", "path": ["source_code", "entrypoint"], "value": "main.py"}, "version": 7}
{"obj": {"type": "UploadFileSet", "path": ["source_code", "files"], "file_globs": ["/home/ndip/CenterNet/src/main.py"], "reset": "False"}, "version": 8}
{"obj": {"type": "ConfigFloatSeries", "path": ["monitoring", "cpu"], "min": 0.0, "max": 100.0, "unit": "%"}, "version": 9}
{"obj": {"type": "ClearFloatLog", "path": ["monitoring", "cpu"]}, "version": 10}
{"obj": {"type": "ConfigFloatSeries", "path": ["monitoring", "memory"], "min": 0.0, "max": 62.64727783203125, "unit": "GB"}, "version": 11}
{"obj": {"type": "ClearFloatLog", "path": ["monitoring", "memory"]}, "version": 12}
{"obj": {"type": "ConfigFloatSeries", "path": ["monitoring", "gpu"], "min": 0.0, "max": 100.0, "unit": "%"}, "version": 13}
{"obj": {"type": "ClearFloatLog", "path": ["monitoring", "gpu"]}, "version": 14}
{"obj": {"type": "ConfigFloatSeries", "path": ["monitoring", "gpu_memory"], "min": 0.0, "max": 24.0, "unit": "GB"}, "version": 15}
{"obj": {"type": "ClearFloatLog", "path": ["monitoring", "gpu_memory"]}, "version": 16}
{"obj": {"type": "LogStrings", "path": ["monitoring", "stdout"], "values": [{"value": "Creating model...", "step": null, "ts": 1651615096.4234002}]}, "version": 17}
{"obj": {"type": "LogStrings", "path": ["monitoring", "stdout"], "values": [{"value": "\n", "step": null, "ts": 1651615096.423856}]}, "version": 18}
{"obj": {"type": "LogFloats", "path": ["monitoring", "cpu"], "values": [{"value": 2.9, "step": null, "ts": 1651615096.417454}]}, "version": 19}
{"obj": {"type": "LogFloats", "path": ["monitoring", "memory"], "values": [{"value": 1.7170219421386719, "step": null, "ts": 1651615096.417454}]}, "version": 20}
{"obj": {"type": "LogFloats", "path": ["monitoring", "gpu_memory"], "values": [{"value": 0.47027587890625, "step": null, "ts": 1651615096.417454}]}, "version": 21}
{"obj": {"type": "LogStrings", "path": ["monitoring", "stdout"], "values": [{"value": "loaded /home/ndip/CenterNet/src/lib/../../exp/multi_pose/hg_1x/model_last.pth, epoch 7", "step": null, "ts": 1651615098.6830668}]}, "version": 22}
{"obj": {"type": "LogStrings", "path": ["monitoring", "stdout"], "values": [{"value": "\n", "step": null, "ts": 1651615098.683292}]}, "version": 23}
{"obj": {"type": "LogStrings", "path": ["monitoring", "stdout"], "values": [{"value": "Resumed optimizer with start lr", "step": null, "ts": 1651615099.365953}]}, "version": 24}
{"obj": {"type": "LogStrings", "path": ["monitoring", "stdout"], "values": [{"value": " ", "step": null, "ts": 1651615099.366143}]}, "version": 25}
{"obj": {"type": "LogStrings", "path": ["monitoring", "stdout"], "values": [{"value": "0.005", "step": null, "ts": 1651615099.3662112}]}, "version": 26}
{"obj": {"type": "LogStrings", "path": ["monitoring", "stdout"], "values": [{"value": "\n", "step": null, "ts": 1651615099.3662956}]}, "version": 27}
{"obj": {"type": "LogStrings", "path": ["monitoring", "stdout"], "values": [{"value": "Setting up data...", "step": null, "ts": 1651615101.396484}]}, "version": 28}
{"obj": {"type": "LogStrings", "path": ["monitoring", "stdout"], "values": [{"value": "\n", "step": null, "ts": 1651615101.3967042}]}, "version": 29}
{"obj": {"type": "LogStrings", "path": ["monitoring", "stdout"], "values": [{"value": "==> initializing theodore valid data.", "step": null, "ts": 1651615101.3972163}]}, "version": 30}
{"obj": {"type": "LogStrings", "path": ["monitoring", "stdout"], "values": [{"value": "\n", "step": null, "ts": 1651615101.3972979}]}, "version": 31}
{"obj": {"type": "LogStrings", "path": ["monitoring", "stdout"], "values": [{"value": "loading annotations into memory...", "step": null, "ts": 1651615101.3973808}]}, "version": 32}
{"obj": {"type": "LogStrings", "path": ["monitoring", "stdout"], "values": [{"value": "\n", "step": null, "ts": 1651615101.3974502}]}, "version": 33}
{"obj": {"type": "LogStrings", "path": ["monitoring", "stdout"], "values": [{"value": "Done (t=0.25s)", "step": null, "ts": 1651615101.6457355}]}, "version": 34}
{"obj": {"type": "LogStrings", "path": ["monitoring", "stdout"], "values": [{"value": "\n", "step": null, "ts": 1651615101.6459403}]}, "version": 35}
{"obj": {"type": "LogStrings", "path": ["monitoring", "stdout"], "values": [{"value": "creating index...", "step": null, "ts": 1651615101.646018}]}, "version": 36}
{"obj": {"type": "LogStrings", "path": ["monitoring", "stdout"], "values": [{"value": "\n", "step": null, "ts": 1651615101.6460874}]}, "version": 37}
{"obj": {"type": "LogStrings", "path": ["monitoring", "stdout"], "values": [{"value": "index created!", "step": null, "ts": 1651615101.6543777}]}, "version": 38}
{"obj": {"type": "LogStrings", "path": ["monitoring", "stdout"], "values": [{"value": "\n", "step": null, "ts": 1651615101.654599}]}, "version": 39}
{"obj": {"type": "LogStrings", "path": ["monitoring", "stdout"], "values": [{"value": "Loaded valid 6250 samples", "step": null, "ts": 1651615101.6548154}]}, "version": 40}
{"obj": {"type": "LogStrings", "path": ["monitoring", "stdout"], "values": [{"value": "\n", "step": null, "ts": 1651615101.6548846}]}, "version": 41}
{"obj": {"type": "LogStrings", "path": ["monitoring", "stdout"], "values": [{"value": "==> initializing theodore train data.", "step": null, "ts": 1651615101.6552649}]}, "version": 42}
{"obj": {"type": "LogStrings", "path": ["monitoring", "stdout"], "values": [{"value": "\n", "step": null, "ts": 1651615101.6553388}]}, "version": 43}
{"obj": {"type": "LogStrings", "path": ["monitoring", "stdout"], "values": [{"value": "loading annotations into memory...", "step": null, "ts": 1651615101.6554055}]}, "version": 44}
{"obj": {"type": "LogStrings", "path": ["monitoring", "stdout"], "values": [{"value": "\n", "step": null, "ts": 1651615101.6554708}]}, "version": 45}
{"obj": {"type": "LogStrings", "path": ["monitoring", "stdout"], "values": [{"value": "Done (t=1.98s)", "step": null, "ts": 1651615103.6307676}]}, "version": 46}
{"obj": {"type": "LogStrings", "path": ["monitoring", "stdout"], "values": [{"value": "\n", "step": null, "ts": 1651615103.631586}]}, "version": 47}
{"obj": {"type": "LogStrings", "path": ["monitoring", "stdout"], "values": [{"value": "creating index...", "step": null, "ts": 1651615103.6317239}]}, "version": 48}
{"obj": {"type": "LogStrings", "path": ["monitoring", "stdout"], "values": [{"value": "\n", "step": null, "ts": 1651615103.631833}]}, "version": 49}
{"obj": {"type": "LogStrings", "path": ["monitoring", "stdout"], "values": [{"value": "index created!", "step": null, "ts": 1651615103.703234}]}, "version": 50}
{"obj": {"type": "LogStrings", "path": ["monitoring", "stdout"], "values": [{"value": "\n", "step": null, "ts": 1651615103.7034657}]}, "version": 51}
{"obj": {"type": "LogStrings", "path": ["monitoring", "stdout"], "values": [{"value": "Loaded train 49917 samples", "step": null, "ts": 1651615103.8221867}]}, "version": 52}
{"obj": {"type": "LogStrings", "path": ["monitoring", "stdout"], "values": [{"value": "\n", "step": null, "ts": 1651615103.82239}]}, "version": 53}
{"obj": {"type": "AssignFloat", "path": ["parameters", "learning_rate"], "value": 0.005}, "version": 54}
{"obj": {"type": "AssignString", "path": ["parameters", "optimizer"], "value": "Adam (\nParameter Group 0\n    amsgrad: False\n    betas: (0.9, 0.999)\n    eps: 1e-08\n    lr: 0.005\n    weight_decay: 0\n)"}, "version": 55}
{"obj": {"type": "LogStrings", "path": ["monitoring", "stdout"], "values": [{"value": "Starting training...", "step": null, "ts": 1651615103.8237307}]}, "version": 56}
{"obj": {"type": "LogStrings", "path": ["monitoring", "stdout"], "values": [{"value": "\n", "step": null, "ts": 1651615103.8238096}]}, "version": 57}
{"obj": {"type": "LogFloats", "path": ["train", "loss"], "values": [{"value": 0.4304672100000001, "step": null, "ts": 1651615103.8239026}]}, "version": 58}
{"obj": {"type": "LogStrings", "path": ["monitoring", "stderr"], "values": [{"value": "/home/ndip/miniconda3/envs/CenterNet/lib/python3.6/site-packages/torch/nn/modules/upsampling.py:122: UserWarning: nn.Upsampling is deprecated. Use nn.functional.interpolate instead.\n  warnings.warn(\"nn.Upsampling is deprecated. Use nn.functional.interpolate instead.\")\n", "step": null, "ts": 1651615104.968123}]}, "version": 59}
{"obj": {"type": "LogStrings", "path": ["monitoring", "stderr"], "values": [{"value": "/home/ndip/miniconda3/envs/CenterNet/lib/python3.6/site-packages/torch/nn/functional.py:52: UserWarning: size_average and reduce args will be deprecated, please use reduction='sum' instead.\n  warnings.warn(warning.format(ret))\n", "step": null, "ts": 1651615105.3914897}]}, "version": 60}
{"obj": {"type": "LogFloats", "path": ["monitoring", "cpu"], "values": [{"value": 5.3, "step": null, "ts": 1651615106.427989}]}, "version": 61}
{"obj": {"type": "LogFloats", "path": ["monitoring", "memory"], "values": [{"value": 4.003841400146484, "step": null, "ts": 1651615106.427989}]}, "version": 62}
{"obj": {"type": "LogFloats", "path": ["monitoring", "gpu"], "values": [{"value": 89.0, "step": null, "ts": 1651615106.427989}]}, "version": 63}
{"obj": {"type": "LogFloats", "path": ["monitoring", "gpu_memory"], "values": [{"value": 8.03057861328125, "step": null, "ts": 1651615106.427989}]}, "version": 64}
{"obj": {"type": "LogFloats", "path": ["monitoring", "cpu"], "values": [{"value": 6.7, "step": null, "ts": 1651615116.4313579}]}, "version": 65}
{"obj": {"type": "LogFloats", "path": ["monitoring", "memory"], "values": [{"value": 4.017360687255859, "step": null, "ts": 1651615116.4313579}]}, "version": 66}
{"obj": {"type": "LogFloats", "path": ["monitoring", "gpu"], "values": [{"value": 99.0, "step": null, "ts": 1651615116.4313579}]}, "version": 67}
{"obj": {"type": "LogFloats", "path": ["monitoring", "gpu_memory"], "values": [{"value": 9.98956298828125, "step": null, "ts": 1651615116.4313579}]}, "version": 68}
{"obj": {"type": "LogFloats", "path": ["monitoring", "cpu"], "values": [{"value": 7.0, "step": null, "ts": 1651615126.4333124}]}, "version": 69}
{"obj": {"type": "LogFloats", "path": ["monitoring", "memory"], "values": [{"value": 4.021434783935547, "step": null, "ts": 1651615126.4333124}]}, "version": 70}
{"obj": {"type": "LogFloats", "path": ["monitoring", "gpu"], "values": [{"value": 99.0, "step": null, "ts": 1651615126.4333124}]}, "version": 71}
{"obj": {"type": "LogFloats", "path": ["monitoring", "gpu_memory"], "values": [{"value": 9.98956298828125, "step": null, "ts": 1651615126.4333124}]}, "version": 72}
{"obj": {"type": "LogFloats", "path": ["monitoring", "cpu"], "values": [{"value": 6.8, "step": null, "ts": 1651615136.4351032}]}, "version": 73}
{"obj": {"type": "LogFloats", "path": ["monitoring", "memory"], "values": [{"value": 4.032253265380859, "step": null, "ts": 1651615136.4351032}]}, "version": 74}
{"obj": {"type": "LogFloats", "path": ["monitoring", "gpu"], "values": [{"value": 99.0, "step": null, "ts": 1651615136.4351032}]}, "version": 75}
{"obj": {"type": "LogFloats", "path": ["monitoring", "gpu_memory"], "values": [{"value": 9.98956298828125, "step": null, "ts": 1651615136.4351032}]}, "version": 76}
{"obj": {"type": "LogFloats", "path": ["monitoring", "cpu"], "values": [{"value": 7.1, "step": null, "ts": 1651615146.4373808}]}, "version": 77}
{"obj": {"type": "LogFloats", "path": ["monitoring", "memory"], "values": [{"value": 4.047573089599609, "step": null, "ts": 1651615146.4373808}]}, "version": 78}
{"obj": {"type": "LogFloats", "path": ["monitoring", "gpu"], "values": [{"value": 99.0, "step": null, "ts": 1651615146.4373808}]}, "version": 79}
{"obj": {"type": "LogFloats", "path": ["monitoring", "gpu_memory"], "values": [{"value": 9.98956298828125, "step": null, "ts": 1651615146.4373808}]}, "version": 80}
{"obj": {"type": "LogFloats", "path": ["monitoring", "cpu"], "values": [{"value": 6.9, "step": null, "ts": 1651615156.4393363}]}, "version": 81}
{"obj": {"type": "LogFloats", "path": ["monitoring", "memory"], "values": [{"value": 4.0513458251953125, "step": null, "ts": 1651615156.4393363}]}, "version": 82}
{"obj": {"type": "LogFloats", "path": ["monitoring", "gpu"], "values": [{"value": 99.0, "step": null, "ts": 1651615156.4393363}]}, "version": 83}
{"obj": {"type": "LogFloats", "path": ["monitoring", "gpu_memory"], "values": [{"value": 9.98956298828125, "step": null, "ts": 1651615156.4393363}]}, "version": 84}
{"obj": {"type": "LogFloats", "path": ["monitoring", "cpu"], "values": [{"value": 7.1, "step": null, "ts": 1651615166.4412868}]}, "version": 85}
{"obj": {"type": "LogFloats", "path": ["monitoring", "memory"], "values": [{"value": 4.054718017578125, "step": null, "ts": 1651615166.4412868}]}, "version": 86}
{"obj": {"type": "LogFloats", "path": ["monitoring", "gpu"], "values": [{"value": 99.0, "step": null, "ts": 1651615166.4412868}]}, "version": 87}
{"obj": {"type": "LogFloats", "path": ["monitoring", "gpu_memory"], "values": [{"value": 9.98956298828125, "step": null, "ts": 1651615166.4412868}]}, "version": 88}
{"obj": {"type": "LogFloats", "path": ["monitoring", "cpu"], "values": [{"value": 7.0, "step": null, "ts": 1651615176.4433692}]}, "version": 89}
{"obj": {"type": "LogFloats", "path": ["monitoring", "memory"], "values": [{"value": 4.0560760498046875, "step": null, "ts": 1651615176.4433692}]}, "version": 90}
{"obj": {"type": "LogFloats", "path": ["monitoring", "gpu"], "values": [{"value": 99.0, "step": null, "ts": 1651615176.4433692}]}, "version": 91}
{"obj": {"type": "LogFloats", "path": ["monitoring", "gpu_memory"], "values": [{"value": 9.98956298828125, "step": null, "ts": 1651615176.4433692}]}, "version": 92}
{"obj": {"type": "LogFloats", "path": ["monitoring", "cpu"], "values": [{"value": 7.0, "step": null, "ts": 1651615186.4453263}]}, "version": 93}
{"obj": {"type": "LogFloats", "path": ["monitoring", "memory"], "values": [{"value": 4.055904388427734, "step": null, "ts": 1651615186.4453263}]}, "version": 94}
{"obj": {"type": "LogFloats", "path": ["monitoring", "gpu"], "values": [{"value": 99.0, "step": null, "ts": 1651615186.4453263}]}, "version": 95}
{"obj": {"type": "LogFloats", "path": ["monitoring", "gpu_memory"], "values": [{"value": 9.98956298828125, "step": null, "ts": 1651615186.4453263}]}, "version": 96}
{"obj": {"type": "LogStrings", "path": ["monitoring", "stderr"], "values": [{"value": "Exception ignored in: ", "step": null, "ts": 1651615188.7302997}]}, "version": 97}
{"obj": {"type": "LogStrings", "path": ["monitoring", "stderr"], "values": [{"value": "<bound method _DataLoaderIter.__del__ of <torch.utils.data.dataloader._DataLoaderIter object at 0x7ff55ada1c88>>", "step": null, "ts": 1651615188.7306068}]}, "version": 98}
{"obj": {"type": "LogStrings", "path": ["monitoring", "stderr"], "values": [{"value": "\n", "step": null, "ts": 1651615188.730775}]}, "version": 99}
{"obj": {"type": "LogStrings", "path": ["monitoring", "stderr"], "values": [{"value": "Traceback (most recent call last):\n", "step": null, "ts": 1651615188.7309165}]}, "version": 100}
{"obj": {"type": "LogStrings", "path": ["monitoring", "stderr"], "values": [{"value": "  File \"/home/ndip/miniconda3/envs/CenterNet/lib/python3.6/site-packages/torch/utils/data/dataloader.py\", line 397, in __del__\n", "step": null, "ts": 1651615188.7310598}]}, "version": 101}
{"obj": {"type": "LogStrings", "path": ["monitoring", "stderr"], "values": [{"value": "    ", "step": null, "ts": 1651615188.7315097}]}, "version": 102}
{"obj": {"type": "LogStrings", "path": ["monitoring", "stderr"], "values": [{"value": "def __del__(self):", "step": null, "ts": 1651615188.7316456}]}, "version": 103}
{"obj": {"type": "LogStrings", "path": ["monitoring", "stderr"], "values": [{"value": "\n", "step": null, "ts": 1651615188.731782}]}, "version": 104}
{"obj": {"type": "LogStrings", "path": ["monitoring", "stderr"], "values": [{"value": "  File \"/home/ndip/miniconda3/envs/CenterNet/lib/python3.6/site-packages/torch/utils/data/dataloader.py\", line 227, in handler\n", "step": null, "ts": 1651615188.7319193}]}, "version": 105}
{"obj": {"type": "LogStrings", "path": ["monitoring", "stderr"], "values": [{"value": "    ", "step": null, "ts": 1651615188.732168}]}, "version": 106}
{"obj": {"type": "LogStrings", "path": ["monitoring", "stderr"], "values": [{"value": "_error_if_any_worker_fails()", "step": null, "ts": 1651615188.7323139}]}, "version": 107}
{"obj": {"type": "LogStrings", "path": ["monitoring", "stderr"], "values": [{"value": "\n", "step": null, "ts": 1651615188.732446}]}, "version": 108}
{"obj": {"type": "LogStrings", "path": ["monitoring", "stderr"], "values": [{"value": "RuntimeError", "step": null, "ts": 1651615188.7325706}]}, "version": 109}
{"obj": {"type": "LogStrings", "path": ["monitoring", "stderr"], "values": [{"value": ": ", "step": null, "ts": 1651615188.7326906}]}, "version": 110}
{"obj": {"type": "LogStrings", "path": ["monitoring", "stderr"], "values": [{"value": "DataLoader worker (pid 2305985) exited unexpectedly with exit code 1. Details are lost due to multiprocessing. Rerunning with num_workers=0 may give better error trace.", "step": null, "ts": 1651615188.7328105}]}, "version": 111}
{"obj": {"type": "LogStrings", "path": ["monitoring", "stderr"], "values": [{"value": "\n", "step": null, "ts": 1651615188.7329483}]}, "version": 112}
{"obj": {"type": "LogStrings", "path": ["monitoring", "traceback"], "values": [{"value": "An uncaught exception occurred while run was active on worker dst-mikrowelle.", "step": null, "ts": 1651615188.7358181}, {"value": "Marking run as failed", "step": null, "ts": 1651615188.7358181}, {"value": "Traceback:", "step": null, "ts": 1651615188.7358181}, {"value": "  File \"main.py\", line 113, in <module>\n    main(opt)\n", "step": null, "ts": 1651615188.7358181}, {"value": "  File \"main.py\", line 81, in main\n    log_dict_train, _ = trainer.train(epoch, train_loader)\n", "step": null, "ts": 1651615188.7358181}, {"value": "  File \"/home/ndip/CenterNet/src/lib/trains/base_trainer.py\", line 119, in train\n    return self.run_epoch('train', epoch, data_loader)\n", "step": null, "ts": 1651615188.7358181}, {"value": "  File \"/home/ndip/CenterNet/src/lib/trains/base_trainer.py\", line 73, in run_epoch\n    loss.backward()\n", "step": null, "ts": 1651615188.7358181}, {"value": "  File \"/home/ndip/miniconda3/envs/CenterNet/lib/python3.6/site-packages/torch/tensor.py\", line 93, in backward\n    torch.autograd.backward(self, gradient, retain_graph, create_graph)\n", "step": null, "ts": 1651615188.7358181}, {"value": "  File \"/home/ndip/miniconda3/envs/CenterNet/lib/python3.6/site-packages/torch/autograd/__init__.py\", line 90, in backward\n    allow_unreachable=True)  # allow_unreachable flag\n", "step": null, "ts": 1651615188.7358181}, {"value": "", "step": null, "ts": 1651615188.7358181}]}, "version": 113}
{"obj": {"type": "AssignBool", "path": ["sys", "failed"], "value": true}, "version": 114}
{"obj": {"type": "LogStrings", "path": ["monitoring", "stderr"], "values": [{"value": "Traceback (most recent call last):\n", "step": null, "ts": 1651615188.7362082}]}, "version": 115}
{"obj": {"type": "LogStrings", "path": ["monitoring", "stderr"], "values": [{"value": "  File \"main.py\", line 113, in <module>\n", "step": null, "ts": 1651615188.736352}]}, "version": 116}
{"obj": {"type": "LogStrings", "path": ["monitoring", "stderr"], "values": [{"value": "    ", "step": null, "ts": 1651615188.7365816}]}, "version": 117}
{"obj": {"type": "LogStrings", "path": ["monitoring", "stderr"], "values": [{"value": "main(opt)", "step": null, "ts": 1651615188.7367132}]}, "version": 118}
{"obj": {"type": "LogStrings", "path": ["monitoring", "stderr"], "values": [{"value": "\n", "step": null, "ts": 1651615188.736847}]}, "version": 119}
{"obj": {"type": "LogStrings", "path": ["monitoring", "stderr"], "values": [{"value": "  File \"main.py\", line 81, in main\n", "step": null, "ts": 1651615188.736995}]}, "version": 120}
{"obj": {"type": "LogStrings", "path": ["monitoring", "stderr"], "values": [{"value": "    ", "step": null, "ts": 1651615188.7372022}]}, "version": 121}
{"obj": {"type": "LogStrings", "path": ["monitoring", "stderr"], "values": [{"value": "log_dict_train, _ = trainer.train(epoch, train_loader)", "step": null, "ts": 1651615188.737331}]}, "version": 122}
{"obj": {"type": "LogStrings", "path": ["monitoring", "stderr"], "values": [{"value": "\n", "step": null, "ts": 1651615188.7374623}]}, "version": 123}
{"obj": {"type": "LogStrings", "path": ["monitoring", "stderr"], "values": [{"value": "  File \"/home/ndip/CenterNet/src/lib/trains/base_trainer.py\", line 119, in train\n", "step": null, "ts": 1651615188.7375965}]}, "version": 124}
{"obj": {"type": "LogStrings", "path": ["monitoring", "stderr"], "values": [{"value": "    ", "step": null, "ts": 1651615188.7378173}]}, "version": 125}
{"obj": {"type": "LogStrings", "path": ["monitoring", "stderr"], "values": [{"value": "return self.run_epoch('train', epoch, data_loader)", "step": null, "ts": 1651615188.7379456}]}, "version": 126}
{"obj": {"type": "LogStrings", "path": ["monitoring", "stderr"], "values": [{"value": "\n", "step": null, "ts": 1651615188.7380772}]}, "version": 127}
{"obj": {"type": "LogStrings", "path": ["monitoring", "stderr"], "values": [{"value": "  File \"/home/ndip/CenterNet/src/lib/trains/base_trainer.py\", line 73, in run_epoch\n", "step": null, "ts": 1651615188.7382119}]}, "version": 128}
{"obj": {"type": "LogStrings", "path": ["monitoring", "stderr"], "values": [{"value": "    ", "step": null, "ts": 1651615188.7384114}]}, "version": 129}
{"obj": {"type": "LogStrings", "path": ["monitoring", "stderr"], "values": [{"value": "loss.backward()", "step": null, "ts": 1651615188.7385397}]}, "version": 130}
{"obj": {"type": "LogStrings", "path": ["monitoring", "stderr"], "values": [{"value": "\n", "step": null, "ts": 1651615188.738677}]}, "version": 131}
{"obj": {"type": "LogStrings", "path": ["monitoring", "stderr"], "values": [{"value": "  File \"/home/ndip/miniconda3/envs/CenterNet/lib/python3.6/site-packages/torch/tensor.py\", line 93, in backward\n", "step": null, "ts": 1651615188.738852}]}, "version": 132}
{"obj": {"type": "LogStrings", "path": ["monitoring", "stderr"], "values": [{"value": "    ", "step": null, "ts": 1651615188.7390518}]}, "version": 133}
{"obj": {"type": "LogStrings", "path": ["monitoring", "stderr"], "values": [{"value": "torch.autograd.backward(self, gradient, retain_graph, create_graph)", "step": null, "ts": 1651615188.7391725}]}, "version": 134}
{"obj": {"type": "LogStrings", "path": ["monitoring", "stderr"], "values": [{"value": "\n", "step": null, "ts": 1651615188.7392962}]}, "version": 135}
{"obj": {"type": "LogStrings", "path": ["monitoring", "stderr"], "values": [{"value": "  File \"/home/ndip/miniconda3/envs/CenterNet/lib/python3.6/site-packages/torch/autograd/__init__.py\", line 90, in backward\n", "step": null, "ts": 1651615188.739423}]}, "version": 136}
{"obj": {"type": "LogStrings", "path": ["monitoring", "stderr"], "values": [{"value": "    ", "step": null, "ts": 1651615188.7396245}]}, "version": 137}
{"obj": {"type": "LogStrings", "path": ["monitoring", "stderr"], "values": [{"value": "allow_unreachable=True)  # allow_unreachable flag", "step": null, "ts": 1651615188.7397456}]}, "version": 138}
{"obj": {"type": "LogStrings", "path": ["monitoring", "stderr"], "values": [{"value": "\n", "step": null, "ts": 1651615188.7398684}]}, "version": 139}
{"obj": {"type": "LogStrings", "path": ["monitoring", "stderr"], "values": [{"value": "KeyboardInterrupt", "step": null, "ts": 1651615188.7399912}]}, "version": 140}
{"obj": {"type": "LogStrings", "path": ["monitoring", "stderr"], "values": [{"value": "", "step": null, "ts": 1651615188.740107}]}, "version": 141}
{"obj": {"type": "LogStrings", "path": ["monitoring", "stderr"], "values": [{"value": "\n", "step": null, "ts": 1651615188.74023}]}, "version": 142}
{"obj": {"type": "LogStrings", "path": ["monitoring", "stdout"], "values": [{"value": "", "step": null, "ts": 1651615188.7404618}]}, "version": 143}
{"obj": {"type": "LogStrings", "path": ["monitoring", "stdout"], "values": [{"value": "Shutting down background jobs, please wait a moment...\n", "step": null, "ts": 1651615188.740652}]}, "version": 144}
