{"obj": {"type": "AssignString", "path": ["sys", "name"], "value": "Untitled"}, "version": 1}
{"obj": {"type": "AssignString", "path": ["sys", "description"], "value": ""}, "version": 2}
{"obj": {"type": "AssignString", "path": ["sys", "hostname"], "value": "dst-mikrowelle"}, "version": 3}
{"obj": {"type": "AssignBool", "path": ["sys", "failed"], "value": false}, "version": 4}
{"obj": {"type": "ClearStringLog", "path": ["monitoring", "stdout"]}, "version": 5}
{"obj": {"type": "ClearStringLog", "path": ["monitoring", "stderr"]}, "version": 6}
{"obj": {"type": "AssignString", "path": ["source_code", "entrypoint"], "value": "main.py"}, "version": 7}
{"obj": {"type": "UploadFileSet", "path": ["source_code", "files"], "file_globs": ["/home/ndip/CenterNet/src/main.py"], "reset": "False"}, "version": 8}
{"obj": {"type": "ConfigFloatSeries", "path": ["monitoring", "cpu"], "min": 0.0, "max": 100.0, "unit": "%"}, "version": 9}
{"obj": {"type": "ClearFloatLog", "path": ["monitoring", "cpu"]}, "version": 10}
{"obj": {"type": "ConfigFloatSeries", "path": ["monitoring", "memory"], "min": 0.0, "max": 62.64727783203125, "unit": "GB"}, "version": 11}
{"obj": {"type": "ClearFloatLog", "path": ["monitoring", "memory"]}, "version": 12}
{"obj": {"type": "ConfigFloatSeries", "path": ["monitoring", "gpu"], "min": 0.0, "max": 100.0, "unit": "%"}, "version": 13}
{"obj": {"type": "ClearFloatLog", "path": ["monitoring", "gpu"]}, "version": 14}
{"obj": {"type": "ConfigFloatSeries", "path": ["monitoring", "gpu_memory"], "min": 0.0, "max": 24.0, "unit": "GB"}, "version": 15}
{"obj": {"type": "ClearFloatLog", "path": ["monitoring", "gpu_memory"]}, "version": 16}
{"obj": {"type": "LogStrings", "path": ["monitoring", "stdout"], "values": [{"value": "Creating model...", "step": null, "ts": 1651791601.7611365}]}, "version": 17}
{"obj": {"type": "LogStrings", "path": ["monitoring", "stdout"], "values": [{"value": "\n", "step": null, "ts": 1651791601.7613697}]}, "version": 18}
{"obj": {"type": "LogFloats", "path": ["monitoring", "cpu"], "values": [{"value": 2.8, "step": null, "ts": 1651791601.7549493}]}, "version": 19}
{"obj": {"type": "LogFloats", "path": ["monitoring", "memory"], "values": [{"value": 1.7337265014648438, "step": null, "ts": 1651791601.7549493}]}, "version": 20}
{"obj": {"type": "LogFloats", "path": ["monitoring", "gpu_memory"], "values": [{"value": 0.35302734375, "step": null, "ts": 1651791601.7549493}]}, "version": 21}
{"obj": {"type": "LogStrings", "path": ["monitoring", "stdout"], "values": [{"value": "loaded /home/ndip/CenterNet/src/lib/../../exp/multi_pose/dla_1x/model_last.pth, epoch 21", "step": null, "ts": 1651791602.0984273}]}, "version": 22}
{"obj": {"type": "LogStrings", "path": ["monitoring", "stdout"], "values": [{"value": "\n", "step": null, "ts": 1651791602.098656}]}, "version": 23}
{"obj": {"type": "LogStrings", "path": ["monitoring", "stdout"], "values": [{"value": "Resumed optimizer with start lr", "step": null, "ts": 1651791602.1793773}]}, "version": 24}
{"obj": {"type": "LogStrings", "path": ["monitoring", "stdout"], "values": [{"value": " ", "step": null, "ts": 1651791602.1795647}]}, "version": 25}
{"obj": {"type": "LogStrings", "path": ["monitoring", "stdout"], "values": [{"value": "0.00025", "step": null, "ts": 1651791602.1796305}]}, "version": 26}
{"obj": {"type": "LogStrings", "path": ["monitoring", "stdout"], "values": [{"value": "\n", "step": null, "ts": 1651791602.1797104}]}, "version": 27}
{"obj": {"type": "LogStrings", "path": ["monitoring", "stdout"], "values": [{"value": "Setting up data...", "step": null, "ts": 1651791603.7170877}]}, "version": 28}
{"obj": {"type": "LogStrings", "path": ["monitoring", "stdout"], "values": [{"value": "\n", "step": null, "ts": 1651791603.7173028}]}, "version": 29}
{"obj": {"type": "LogStrings", "path": ["monitoring", "stdout"], "values": [{"value": "==> initializing theodore valid data.", "step": null, "ts": 1651791603.7177892}]}, "version": 30}
{"obj": {"type": "LogStrings", "path": ["monitoring", "stdout"], "values": [{"value": "\n", "step": null, "ts": 1651791603.7178688}]}, "version": 31}
{"obj": {"type": "LogStrings", "path": ["monitoring", "stdout"], "values": [{"value": "loading annotations into memory...", "step": null, "ts": 1651791603.7179537}]}, "version": 32}
{"obj": {"type": "LogStrings", "path": ["monitoring", "stdout"], "values": [{"value": "\n", "step": null, "ts": 1651791603.7180214}]}, "version": 33}
{"obj": {"type": "LogStrings", "path": ["monitoring", "stdout"], "values": [{"value": "Done (t=0.26s)", "step": null, "ts": 1651791603.9732246}]}, "version": 34}
{"obj": {"type": "LogStrings", "path": ["monitoring", "stdout"], "values": [{"value": "\n", "step": null, "ts": 1651791603.9734297}]}, "version": 35}
{"obj": {"type": "LogStrings", "path": ["monitoring", "stdout"], "values": [{"value": "creating index...", "step": null, "ts": 1651791603.9735036}]}, "version": 36}
{"obj": {"type": "LogStrings", "path": ["monitoring", "stdout"], "values": [{"value": "\n", "step": null, "ts": 1651791603.9735715}]}, "version": 37}
{"obj": {"type": "LogStrings", "path": ["monitoring", "stdout"], "values": [{"value": "index created!", "step": null, "ts": 1651791603.984264}]}, "version": 38}
{"obj": {"type": "LogStrings", "path": ["monitoring", "stdout"], "values": [{"value": "\n", "step": null, "ts": 1651791603.984471}]}, "version": 39}
{"obj": {"type": "LogStrings", "path": ["monitoring", "stdout"], "values": [{"value": "Loaded valid 6250 samples", "step": null, "ts": 1651791603.9846826}]}, "version": 40}
{"obj": {"type": "LogStrings", "path": ["monitoring", "stdout"], "values": [{"value": "\n", "step": null, "ts": 1651791603.9847505}]}, "version": 41}
{"obj": {"type": "LogStrings", "path": ["monitoring", "stdout"], "values": [{"value": "==> initializing theodore train data.", "step": null, "ts": 1651791603.985143}]}, "version": 42}
{"obj": {"type": "LogStrings", "path": ["monitoring", "stdout"], "values": [{"value": "\n", "step": null, "ts": 1651791603.985218}]}, "version": 43}
{"obj": {"type": "LogStrings", "path": ["monitoring", "stdout"], "values": [{"value": "loading annotations into memory...", "step": null, "ts": 1651791603.985281}]}, "version": 44}
{"obj": {"type": "LogStrings", "path": ["monitoring", "stdout"], "values": [{"value": "\n", "step": null, "ts": 1651791603.9853456}]}, "version": 45}
{"obj": {"type": "LogStrings", "path": ["monitoring", "stdout"], "values": [{"value": "Done (t=1.96s)", "step": null, "ts": 1651791605.9464743}]}, "version": 46}
{"obj": {"type": "LogStrings", "path": ["monitoring", "stdout"], "values": [{"value": "\n", "step": null, "ts": 1651791605.94668}]}, "version": 47}
{"obj": {"type": "LogStrings", "path": ["monitoring", "stdout"], "values": [{"value": "creating index...", "step": null, "ts": 1651791605.9467506}]}, "version": 48}
{"obj": {"type": "LogStrings", "path": ["monitoring", "stdout"], "values": [{"value": "\n", "step": null, "ts": 1651791605.9468188}]}, "version": 49}
{"obj": {"type": "LogStrings", "path": ["monitoring", "stdout"], "values": [{"value": "index created!", "step": null, "ts": 1651791606.0244055}]}, "version": 50}
{"obj": {"type": "LogStrings", "path": ["monitoring", "stdout"], "values": [{"value": "\n", "step": null, "ts": 1651791606.024671}]}, "version": 51}
{"obj": {"type": "LogStrings", "path": ["monitoring", "stdout"], "values": [{"value": "Loaded train 49917 samples", "step": null, "ts": 1651791606.1477747}]}, "version": 52}
{"obj": {"type": "LogStrings", "path": ["monitoring", "stdout"], "values": [{"value": "\n", "step": null, "ts": 1651791606.1479888}]}, "version": 53}
{"obj": {"type": "AssignFloat", "path": ["parameters", "learning_rate"], "value": 0.00025}, "version": 54}
{"obj": {"type": "AssignString", "path": ["parameters", "optimizer"], "value": "Adam (\nParameter Group 0\n    amsgrad: False\n    betas: (0.9, 0.999)\n    eps: 1e-08\n    lr: 0.00025\n    weight_decay: 0\n)"}, "version": 55}
{"obj": {"type": "LogStrings", "path": ["monitoring", "stdout"], "values": [{"value": "Starting training...", "step": null, "ts": 1651791606.1493208}]}, "version": 56}
{"obj": {"type": "LogStrings", "path": ["monitoring", "stdout"], "values": [{"value": "\n", "step": null, "ts": 1651791606.1493995}]}, "version": 57}
{"obj": {"type": "LogFloats", "path": ["loss"], "values": [{"value": 0.09847709021836118, "step": null, "ts": 1651791606.149478}]}, "version": 58}
{"obj": {"type": "LogStrings", "path": ["monitoring", "stderr"], "values": [{"value": "/home/ndip/miniconda3/envs/CenterNet/lib/python3.6/site-packages/torch/nn/functional.py:52: UserWarning: size_average and reduce args will be deprecated, please use reduction='sum' instead.\n  warnings.warn(warning.format(ret))\n", "step": null, "ts": 1651791608.213916}]}, "version": 59}
{"obj": {"type": "LogFloats", "path": ["monitoring", "cpu"], "values": [{"value": 9.1, "step": null, "ts": 1651791611.766564}]}, "version": 60}
{"obj": {"type": "LogFloats", "path": ["monitoring", "memory"], "values": [{"value": 4.600669860839844, "step": null, "ts": 1651791611.766564}]}, "version": 61}
{"obj": {"type": "LogFloats", "path": ["monitoring", "gpu"], "values": [{"value": 99.0, "step": null, "ts": 1651791611.766564}]}, "version": 62}
{"obj": {"type": "LogFloats", "path": ["monitoring", "gpu_memory"], "values": [{"value": 7.16729736328125, "step": null, "ts": 1651791611.766564}]}, "version": 63}
{"obj": {"type": "LogFloats", "path": ["monitoring", "cpu"], "values": [{"value": 13.4, "step": null, "ts": 1651791621.7692003}]}, "version": 64}
{"obj": {"type": "LogFloats", "path": ["monitoring", "memory"], "values": [{"value": 4.611454010009766, "step": null, "ts": 1651791621.7692003}]}, "version": 65}
{"obj": {"type": "LogFloats", "path": ["monitoring", "gpu"], "values": [{"value": 99.0, "step": null, "ts": 1651791621.7692003}]}, "version": 66}
{"obj": {"type": "LogFloats", "path": ["monitoring", "gpu_memory"], "values": [{"value": 7.16729736328125, "step": null, "ts": 1651791621.7692003}]}, "version": 67}
{"obj": {"type": "LogFloats", "path": ["monitoring", "cpu"], "values": [{"value": 13.3, "step": null, "ts": 1651791631.77175}]}, "version": 68}
{"obj": {"type": "LogFloats", "path": ["monitoring", "memory"], "values": [{"value": 4.597434997558594, "step": null, "ts": 1651791631.77175}]}, "version": 69}
{"obj": {"type": "LogFloats", "path": ["monitoring", "gpu"], "values": [{"value": 99.0, "step": null, "ts": 1651791631.77175}]}, "version": 70}
{"obj": {"type": "LogFloats", "path": ["monitoring", "gpu_memory"], "values": [{"value": 7.16729736328125, "step": null, "ts": 1651791631.77175}]}, "version": 71}
{"obj": {"type": "LogFloats", "path": ["monitoring", "cpu"], "values": [{"value": 13.0, "step": null, "ts": 1651791641.774114}]}, "version": 72}
{"obj": {"type": "LogFloats", "path": ["monitoring", "memory"], "values": [{"value": 4.639808654785156, "step": null, "ts": 1651791641.774114}]}, "version": 73}
{"obj": {"type": "LogFloats", "path": ["monitoring", "gpu"], "values": [{"value": 100.0, "step": null, "ts": 1651791641.774114}]}, "version": 74}
{"obj": {"type": "LogFloats", "path": ["monitoring", "gpu_memory"], "values": [{"value": 7.16729736328125, "step": null, "ts": 1651791641.774114}]}, "version": 75}
{"obj": {"type": "LogFloats", "path": ["monitoring", "cpu"], "values": [{"value": 12.8, "step": null, "ts": 1651791651.7761204}]}, "version": 76}
{"obj": {"type": "LogFloats", "path": ["monitoring", "memory"], "values": [{"value": 4.641948699951172, "step": null, "ts": 1651791651.7761204}]}, "version": 77}
{"obj": {"type": "LogFloats", "path": ["monitoring", "gpu"], "values": [{"value": 100.0, "step": null, "ts": 1651791651.7761204}]}, "version": 78}
{"obj": {"type": "LogFloats", "path": ["monitoring", "gpu_memory"], "values": [{"value": 7.16729736328125, "step": null, "ts": 1651791651.7761204}]}, "version": 79}
{"obj": {"type": "LogFloats", "path": ["monitoring", "cpu"], "values": [{"value": 12.9, "step": null, "ts": 1651791661.778141}]}, "version": 80}
{"obj": {"type": "LogFloats", "path": ["monitoring", "memory"], "values": [{"value": 4.684242248535156, "step": null, "ts": 1651791661.778141}]}, "version": 81}
{"obj": {"type": "LogFloats", "path": ["monitoring", "gpu"], "values": [{"value": 99.0, "step": null, "ts": 1651791661.778141}]}, "version": 82}
{"obj": {"type": "LogFloats", "path": ["monitoring", "gpu_memory"], "values": [{"value": 7.16729736328125, "step": null, "ts": 1651791661.778141}]}, "version": 83}
{"obj": {"type": "LogFloats", "path": ["monitoring", "cpu"], "values": [{"value": 12.9, "step": null, "ts": 1651791671.7801373}]}, "version": 84}
{"obj": {"type": "LogFloats", "path": ["monitoring", "memory"], "values": [{"value": 4.701526641845703, "step": null, "ts": 1651791671.7801373}]}, "version": 85}
{"obj": {"type": "LogFloats", "path": ["monitoring", "gpu"], "values": [{"value": 99.0, "step": null, "ts": 1651791671.7801373}]}, "version": 86}
{"obj": {"type": "LogFloats", "path": ["monitoring", "gpu_memory"], "values": [{"value": 7.16729736328125, "step": null, "ts": 1651791671.7801373}]}, "version": 87}
{"obj": {"type": "LogFloats", "path": ["monitoring", "cpu"], "values": [{"value": 12.8, "step": null, "ts": 1651791681.7822459}]}, "version": 88}
{"obj": {"type": "LogFloats", "path": ["monitoring", "memory"], "values": [{"value": 4.694362640380859, "step": null, "ts": 1651791681.7822459}]}, "version": 89}
{"obj": {"type": "LogFloats", "path": ["monitoring", "gpu"], "values": [{"value": 100.0, "step": null, "ts": 1651791681.7822459}]}, "version": 90}
{"obj": {"type": "LogFloats", "path": ["monitoring", "gpu_memory"], "values": [{"value": 7.16729736328125, "step": null, "ts": 1651791681.7822459}]}, "version": 91}
{"obj": {"type": "LogFloats", "path": ["monitoring", "cpu"], "values": [{"value": 12.6, "step": null, "ts": 1651791691.7861469}]}, "version": 92}
{"obj": {"type": "LogFloats", "path": ["monitoring", "memory"], "values": [{"value": 4.6988525390625, "step": null, "ts": 1651791691.7861469}]}, "version": 93}
{"obj": {"type": "LogFloats", "path": ["monitoring", "gpu"], "values": [{"value": 99.0, "step": null, "ts": 1651791691.7861469}]}, "version": 94}
{"obj": {"type": "LogFloats", "path": ["monitoring", "gpu_memory"], "values": [{"value": 7.16729736328125, "step": null, "ts": 1651791691.7861469}]}, "version": 95}
{"obj": {"type": "LogFloats", "path": ["monitoring", "cpu"], "values": [{"value": 12.8, "step": null, "ts": 1651791701.7881649}]}, "version": 96}
{"obj": {"type": "LogFloats", "path": ["monitoring", "memory"], "values": [{"value": 4.685138702392578, "step": null, "ts": 1651791701.7881649}]}, "version": 97}
{"obj": {"type": "LogFloats", "path": ["monitoring", "gpu"], "values": [{"value": 100.0, "step": null, "ts": 1651791701.7881649}]}, "version": 98}
{"obj": {"type": "LogFloats", "path": ["monitoring", "gpu_memory"], "values": [{"value": 7.16729736328125, "step": null, "ts": 1651791701.7881649}]}, "version": 99}
{"obj": {"type": "LogFloats", "path": ["monitoring", "cpu"], "values": [{"value": 12.5, "step": null, "ts": 1651791711.79013}]}, "version": 100}
{"obj": {"type": "LogFloats", "path": ["monitoring", "memory"], "values": [{"value": 4.667728424072266, "step": null, "ts": 1651791711.79013}]}, "version": 101}
{"obj": {"type": "LogFloats", "path": ["monitoring", "gpu"], "values": [{"value": 99.0, "step": null, "ts": 1651791711.79013}]}, "version": 102}
{"obj": {"type": "LogFloats", "path": ["monitoring", "gpu_memory"], "values": [{"value": 7.16729736328125, "step": null, "ts": 1651791711.79013}]}, "version": 103}
{"obj": {"type": "LogFloats", "path": ["monitoring", "cpu"], "values": [{"value": 12.3, "step": null, "ts": 1651791721.7920578}]}, "version": 104}
{"obj": {"type": "LogFloats", "path": ["monitoring", "memory"], "values": [{"value": 4.6305694580078125, "step": null, "ts": 1651791721.7920578}]}, "version": 105}
{"obj": {"type": "LogFloats", "path": ["monitoring", "gpu"], "values": [{"value": 100.0, "step": null, "ts": 1651791721.7920578}]}, "version": 106}
{"obj": {"type": "LogFloats", "path": ["monitoring", "gpu_memory"], "values": [{"value": 7.16729736328125, "step": null, "ts": 1651791721.7920578}]}, "version": 107}
{"obj": {"type": "LogFloats", "path": ["monitoring", "cpu"], "values": [{"value": 12.7, "step": null, "ts": 1651791731.7940557}]}, "version": 108}
{"obj": {"type": "LogFloats", "path": ["monitoring", "memory"], "values": [{"value": 4.700962066650391, "step": null, "ts": 1651791731.7940557}]}, "version": 109}
{"obj": {"type": "LogFloats", "path": ["monitoring", "gpu"], "values": [{"value": 99.0, "step": null, "ts": 1651791731.7940557}]}, "version": 110}
{"obj": {"type": "LogFloats", "path": ["monitoring", "gpu_memory"], "values": [{"value": 7.16729736328125, "step": null, "ts": 1651791731.7940557}]}, "version": 111}
{"obj": {"type": "LogFloats", "path": ["monitoring", "cpu"], "values": [{"value": 12.9, "step": null, "ts": 1651791741.7965598}]}, "version": 112}
{"obj": {"type": "LogFloats", "path": ["monitoring", "memory"], "values": [{"value": 4.719287872314453, "step": null, "ts": 1651791741.7965598}]}, "version": 113}
{"obj": {"type": "LogFloats", "path": ["monitoring", "gpu"], "values": [{"value": 100.0, "step": null, "ts": 1651791741.7965598}]}, "version": 114}
{"obj": {"type": "LogFloats", "path": ["monitoring", "gpu_memory"], "values": [{"value": 7.16729736328125, "step": null, "ts": 1651791741.7965598}]}, "version": 115}
{"obj": {"type": "LogFloats", "path": ["monitoring", "cpu"], "values": [{"value": 11.6, "step": null, "ts": 1651791751.7992623}]}, "version": 116}
{"obj": {"type": "LogFloats", "path": ["monitoring", "memory"], "values": [{"value": 4.757133483886719, "step": null, "ts": 1651791751.7992623}]}, "version": 117}
{"obj": {"type": "LogFloats", "path": ["monitoring", "gpu"], "values": [{"value": 99.0, "step": null, "ts": 1651791751.7992623}]}, "version": 118}
{"obj": {"type": "LogFloats", "path": ["monitoring", "gpu_memory"], "values": [{"value": 7.16729736328125, "step": null, "ts": 1651791751.7992623}]}, "version": 119}
{"obj": {"type": "LogFloats", "path": ["monitoring", "cpu"], "values": [{"value": 8.4, "step": null, "ts": 1651791761.8013964}]}, "version": 120}
{"obj": {"type": "LogFloats", "path": ["monitoring", "memory"], "values": [{"value": 4.70068359375, "step": null, "ts": 1651791761.8013964}]}, "version": 121}
{"obj": {"type": "LogFloats", "path": ["monitoring", "gpu"], "values": [{"value": 60.0, "step": null, "ts": 1651791761.8013964}]}, "version": 122}
{"obj": {"type": "LogFloats", "path": ["monitoring", "gpu_memory"], "values": [{"value": 7.16925048828125, "step": null, "ts": 1651791761.8013964}]}, "version": 123}
{"obj": {"type": "LogFloats", "path": ["monitoring", "cpu"], "values": [{"value": 8.7, "step": null, "ts": 1651791771.8031242}]}, "version": 124}
{"obj": {"type": "LogFloats", "path": ["monitoring", "memory"], "values": [{"value": 4.7016143798828125, "step": null, "ts": 1651791771.8031242}]}, "version": 125}
{"obj": {"type": "LogFloats", "path": ["monitoring", "gpu"], "values": [{"value": 99.0, "step": null, "ts": 1651791771.8031242}]}, "version": 126}
{"obj": {"type": "LogFloats", "path": ["monitoring", "gpu_memory"], "values": [{"value": 7.16925048828125, "step": null, "ts": 1651791771.8031242}]}, "version": 127}
{"obj": {"type": "LogFloats", "path": ["monitoring", "cpu"], "values": [{"value": 8.2, "step": null, "ts": 1651791781.8054438}]}, "version": 128}
{"obj": {"type": "LogFloats", "path": ["monitoring", "memory"], "values": [{"value": 4.708747863769531, "step": null, "ts": 1651791781.8054438}]}, "version": 129}
{"obj": {"type": "LogFloats", "path": ["monitoring", "gpu"], "values": [{"value": 99.0, "step": null, "ts": 1651791781.8054438}]}, "version": 130}
{"obj": {"type": "LogFloats", "path": ["monitoring", "gpu_memory"], "values": [{"value": 7.16925048828125, "step": null, "ts": 1651791781.8054438}]}, "version": 131}
{"obj": {"type": "LogFloats", "path": ["monitoring", "cpu"], "values": [{"value": 8.0, "step": null, "ts": 1651791791.8075018}]}, "version": 132}
{"obj": {"type": "LogFloats", "path": ["monitoring", "memory"], "values": [{"value": 4.724609375, "step": null, "ts": 1651791791.8075018}]}, "version": 133}
{"obj": {"type": "LogFloats", "path": ["monitoring", "gpu_memory"], "values": [{"value": 7.16925048828125, "step": null, "ts": 1651791791.8075018}]}, "version": 134}
{"obj": {"type": "LogFloats", "path": ["monitoring", "cpu"], "values": [{"value": 9.3, "step": null, "ts": 1651791801.8094025}]}, "version": 135}
{"obj": {"type": "LogFloats", "path": ["monitoring", "memory"], "values": [{"value": 4.694465637207031, "step": null, "ts": 1651791801.8094025}]}, "version": 136}
{"obj": {"type": "LogFloats", "path": ["monitoring", "gpu"], "values": [{"value": 99.0, "step": null, "ts": 1651791801.8094025}]}, "version": 137}
{"obj": {"type": "LogFloats", "path": ["monitoring", "gpu_memory"], "values": [{"value": 7.16925048828125, "step": null, "ts": 1651791801.8094025}]}, "version": 138}
{"obj": {"type": "LogFloats", "path": ["monitoring", "cpu"], "values": [{"value": 8.6, "step": null, "ts": 1651791811.8122177}]}, "version": 139}
{"obj": {"type": "LogFloats", "path": ["monitoring", "memory"], "values": [{"value": 4.733776092529297, "step": null, "ts": 1651791811.8122177}]}, "version": 140}
{"obj": {"type": "LogFloats", "path": ["monitoring", "gpu"], "values": [{"value": 2.0, "step": null, "ts": 1651791811.8122177}]}, "version": 141}
{"obj": {"type": "LogFloats", "path": ["monitoring", "gpu_memory"], "values": [{"value": 7.16925048828125, "step": null, "ts": 1651791811.8122177}]}, "version": 142}
{"obj": {"type": "LogFloats", "path": ["monitoring", "cpu"], "values": [{"value": 9.1, "step": null, "ts": 1651791821.8141394}]}, "version": 143}
{"obj": {"type": "LogFloats", "path": ["monitoring", "memory"], "values": [{"value": 4.754478454589844, "step": null, "ts": 1651791821.8141394}]}, "version": 144}
{"obj": {"type": "LogFloats", "path": ["monitoring", "gpu"], "values": [{"value": 99.0, "step": null, "ts": 1651791821.8141394}]}, "version": 145}
{"obj": {"type": "LogFloats", "path": ["monitoring", "gpu_memory"], "values": [{"value": 7.16925048828125, "step": null, "ts": 1651791821.8141394}]}, "version": 146}
{"obj": {"type": "LogFloats", "path": ["monitoring", "cpu"], "values": [{"value": 8.0, "step": null, "ts": 1651791831.8175786}]}, "version": 147}
{"obj": {"type": "LogFloats", "path": ["monitoring", "memory"], "values": [{"value": 4.739021301269531, "step": null, "ts": 1651791831.8175786}]}, "version": 148}
{"obj": {"type": "LogFloats", "path": ["monitoring", "gpu"], "values": [{"value": 29.0, "step": null, "ts": 1651791831.8175786}]}, "version": 149}
{"obj": {"type": "LogFloats", "path": ["monitoring", "gpu_memory"], "values": [{"value": 7.16925048828125, "step": null, "ts": 1651791831.8175786}]}, "version": 150}
{"obj": {"type": "LogFloats", "path": ["monitoring", "cpu"], "values": [{"value": 10.2, "step": null, "ts": 1651791841.8194861}]}, "version": 151}
{"obj": {"type": "LogFloats", "path": ["monitoring", "memory"], "values": [{"value": 4.741615295410156, "step": null, "ts": 1651791841.8194861}]}, "version": 152}
{"obj": {"type": "LogFloats", "path": ["monitoring", "gpu"], "values": [{"value": 99.0, "step": null, "ts": 1651791841.8194861}]}, "version": 153}
{"obj": {"type": "LogFloats", "path": ["monitoring", "gpu_memory"], "values": [{"value": 7.16925048828125, "step": null, "ts": 1651791841.8194861}]}, "version": 154}
{"obj": {"type": "LogFloats", "path": ["monitoring", "cpu"], "values": [{"value": 11.6, "step": null, "ts": 1651791851.8213751}]}, "version": 155}
{"obj": {"type": "LogFloats", "path": ["monitoring", "memory"], "values": [{"value": 4.743442535400391, "step": null, "ts": 1651791851.8213751}]}, "version": 156}
{"obj": {"type": "LogFloats", "path": ["monitoring", "gpu"], "values": [{"value": 23.0, "step": null, "ts": 1651791851.8213751}]}, "version": 157}
{"obj": {"type": "LogFloats", "path": ["monitoring", "gpu_memory"], "values": [{"value": 7.16925048828125, "step": null, "ts": 1651791851.8213751}]}, "version": 158}
{"obj": {"type": "LogFloats", "path": ["monitoring", "cpu"], "values": [{"value": 11.4, "step": null, "ts": 1651791861.823402}]}, "version": 159}
{"obj": {"type": "LogFloats", "path": ["monitoring", "memory"], "values": [{"value": 4.74456787109375, "step": null, "ts": 1651791861.823402}]}, "version": 160}
{"obj": {"type": "LogFloats", "path": ["monitoring", "gpu"], "values": [{"value": 90.0, "step": null, "ts": 1651791861.823402}]}, "version": 161}
{"obj": {"type": "LogFloats", "path": ["monitoring", "gpu_memory"], "values": [{"value": 7.16925048828125, "step": null, "ts": 1651791861.823402}]}, "version": 162}
{"obj": {"type": "LogFloats", "path": ["monitoring", "cpu"], "values": [{"value": 11.5, "step": null, "ts": 1651791871.8256361}]}, "version": 163}
{"obj": {"type": "LogFloats", "path": ["monitoring", "memory"], "values": [{"value": 4.7949981689453125, "step": null, "ts": 1651791871.8256361}]}, "version": 164}
{"obj": {"type": "LogFloats", "path": ["monitoring", "gpu"], "values": [{"value": 77.0, "step": null, "ts": 1651791871.8256361}]}, "version": 165}
{"obj": {"type": "LogFloats", "path": ["monitoring", "gpu_memory"], "values": [{"value": 7.16925048828125, "step": null, "ts": 1651791871.8256361}]}, "version": 166}
{"obj": {"type": "LogFloats", "path": ["monitoring", "cpu"], "values": [{"value": 11.2, "step": null, "ts": 1651791881.827543}]}, "version": 167}
{"obj": {"type": "LogFloats", "path": ["monitoring", "memory"], "values": [{"value": 4.755485534667969, "step": null, "ts": 1651791881.827543}]}, "version": 168}
{"obj": {"type": "LogFloats", "path": ["monitoring", "gpu"], "values": [{"value": 19.0, "step": null, "ts": 1651791881.827543}]}, "version": 169}
{"obj": {"type": "LogFloats", "path": ["monitoring", "gpu_memory"], "values": [{"value": 7.16925048828125, "step": null, "ts": 1651791881.827543}]}, "version": 170}
{"obj": {"type": "LogFloats", "path": ["monitoring", "cpu"], "values": [{"value": 12.5, "step": null, "ts": 1651791891.8293524}]}, "version": 171}
{"obj": {"type": "LogFloats", "path": ["monitoring", "memory"], "values": [{"value": 4.753120422363281, "step": null, "ts": 1651791891.8293524}]}, "version": 172}
{"obj": {"type": "LogFloats", "path": ["monitoring", "gpu"], "values": [{"value": 99.0, "step": null, "ts": 1651791891.8293524}]}, "version": 173}
{"obj": {"type": "LogFloats", "path": ["monitoring", "gpu_memory"], "values": [{"value": 7.16925048828125, "step": null, "ts": 1651791891.8293524}]}, "version": 174}
{"obj": {"type": "LogFloats", "path": ["monitoring", "cpu"], "values": [{"value": 12.8, "step": null, "ts": 1651791901.8314767}]}, "version": 175}
{"obj": {"type": "LogFloats", "path": ["monitoring", "memory"], "values": [{"value": 4.799610137939453, "step": null, "ts": 1651791901.8314767}]}, "version": 176}
{"obj": {"type": "LogFloats", "path": ["monitoring", "gpu"], "values": [{"value": 48.0, "step": null, "ts": 1651791901.8314767}]}, "version": 177}
{"obj": {"type": "LogFloats", "path": ["monitoring", "gpu_memory"], "values": [{"value": 7.16925048828125, "step": null, "ts": 1651791901.8314767}]}, "version": 178}
{"obj": {"type": "LogFloats", "path": ["monitoring", "cpu"], "values": [{"value": 12.3, "step": null, "ts": 1651791911.8336358}]}, "version": 179}
{"obj": {"type": "LogFloats", "path": ["monitoring", "memory"], "values": [{"value": 4.743511199951172, "step": null, "ts": 1651791911.8336358}]}, "version": 180}
{"obj": {"type": "LogFloats", "path": ["monitoring", "gpu"], "values": [{"value": 99.0, "step": null, "ts": 1651791911.8336358}]}, "version": 181}
{"obj": {"type": "LogFloats", "path": ["monitoring", "gpu_memory"], "values": [{"value": 7.16925048828125, "step": null, "ts": 1651791911.8336358}]}, "version": 182}
{"obj": {"type": "LogFloats", "path": ["monitoring", "cpu"], "values": [{"value": 11.8, "step": null, "ts": 1651791921.8388565}]}, "version": 183}
{"obj": {"type": "LogFloats", "path": ["monitoring", "memory"], "values": [{"value": 4.7655181884765625, "step": null, "ts": 1651791921.8388565}]}, "version": 184}
{"obj": {"type": "LogFloats", "path": ["monitoring", "gpu"], "values": [{"value": 99.0, "step": null, "ts": 1651791921.8388565}]}, "version": 185}
{"obj": {"type": "LogFloats", "path": ["monitoring", "gpu_memory"], "values": [{"value": 7.16925048828125, "step": null, "ts": 1651791921.8388565}]}, "version": 186}
{"obj": {"type": "LogFloats", "path": ["monitoring", "cpu"], "values": [{"value": 12.2, "step": null, "ts": 1651791931.8410492}]}, "version": 187}
{"obj": {"type": "LogFloats", "path": ["monitoring", "memory"], "values": [{"value": 4.766834259033203, "step": null, "ts": 1651791931.8410492}]}, "version": 188}
{"obj": {"type": "LogFloats", "path": ["monitoring", "gpu"], "values": [{"value": 99.0, "step": null, "ts": 1651791931.8410492}]}, "version": 189}
{"obj": {"type": "LogFloats", "path": ["monitoring", "gpu_memory"], "values": [{"value": 7.16925048828125, "step": null, "ts": 1651791931.8410492}]}, "version": 190}
{"obj": {"type": "LogFloats", "path": ["monitoring", "cpu"], "values": [{"value": 11.6, "step": null, "ts": 1651791941.843032}]}, "version": 191}
{"obj": {"type": "LogFloats", "path": ["monitoring", "memory"], "values": [{"value": 4.7744293212890625, "step": null, "ts": 1651791941.843032}]}, "version": 192}
{"obj": {"type": "LogFloats", "path": ["monitoring", "gpu"], "values": [{"value": 35.0, "step": null, "ts": 1651791941.843032}]}, "version": 193}
{"obj": {"type": "LogFloats", "path": ["monitoring", "gpu_memory"], "values": [{"value": 7.16925048828125, "step": null, "ts": 1651791941.843032}]}, "version": 194}
{"obj": {"type": "LogFloats", "path": ["monitoring", "cpu"], "values": [{"value": 12.2, "step": null, "ts": 1651791951.845057}]}, "version": 195}
{"obj": {"type": "LogFloats", "path": ["monitoring", "memory"], "values": [{"value": 4.775531768798828, "step": null, "ts": 1651791951.845057}]}, "version": 196}
{"obj": {"type": "LogFloats", "path": ["monitoring", "gpu"], "values": [{"value": 99.0, "step": null, "ts": 1651791951.845057}]}, "version": 197}
{"obj": {"type": "LogFloats", "path": ["monitoring", "gpu_memory"], "values": [{"value": 7.16925048828125, "step": null, "ts": 1651791951.845057}]}, "version": 198}
{"obj": {"type": "LogStrings", "path": ["monitoring", "traceback"], "values": [{"value": "An uncaught exception occurred while run was active on worker dst-mikrowelle.", "step": null, "ts": 1651791959.580823}, {"value": "Marking run as failed", "step": null, "ts": 1651791959.580823}, {"value": "Traceback:", "step": null, "ts": 1651791959.580823}, {"value": "  File \"main.py\", line 115, in <module>\n    main(opt)\n", "step": null, "ts": 1651791959.580823}, {"value": "  File \"main.py\", line 81, in main\n    log_dict_train, _ = trainer.train(epoch, train_loader)\n", "step": null, "ts": 1651791959.580823}, {"value": "  File \"/home/ndip/CenterNet/src/lib/trains/base_trainer.py\", line 119, in train\n    return self.run_epoch('train', epoch, data_loader)\n", "step": null, "ts": 1651791959.580823}, {"value": "  File \"/home/ndip/CenterNet/src/lib/trains/base_trainer.py\", line 61, in run_epoch\n    for iter_id, batch in enumerate(data_loader):\n", "step": null, "ts": 1651791959.580823}, {"value": "  File \"/home/ndip/miniconda3/envs/CenterNet/lib/python3.6/site-packages/torch/utils/data/dataloader.py\", line 330, in __next__\n    idx, batch = self._get_batch()\n", "step": null, "ts": 1651791959.580823}, {"value": "  File \"/home/ndip/miniconda3/envs/CenterNet/lib/python3.6/site-packages/torch/utils/data/dataloader.py\", line 309, in _get_batch\n    return self.data_queue.get()\n", "step": null, "ts": 1651791959.580823}, {"value": "  File \"/home/ndip/miniconda3/envs/CenterNet/lib/python3.6/queue.py\", line 164, in get\n    self.not_empty.wait()\n", "step": null, "ts": 1651791959.580823}]}, "version": 199}
{"obj": {"type": "LogStrings", "path": ["monitoring", "traceback"], "values": [{"value": "  File \"/home/ndip/miniconda3/envs/CenterNet/lib/python3.6/threading.py\", line 295, in wait\n    waiter.acquire()\n", "step": null, "ts": 1651791959.580823}, {"value": "", "step": null, "ts": 1651791959.580823}]}, "version": 200}
{"obj": {"type": "AssignBool", "path": ["sys", "failed"], "value": true}, "version": 201}
{"obj": {"type": "LogStrings", "path": ["monitoring", "stderr"], "values": [{"value": "Traceback (most recent call last):\n", "step": null, "ts": 1651791959.5813015}]}, "version": 202}
{"obj": {"type": "LogStrings", "path": ["monitoring", "stderr"], "values": [{"value": "  File \"main.py\", line 115, in <module>\n", "step": null, "ts": 1651791959.5813973}]}, "version": 203}
{"obj": {"type": "LogStrings", "path": ["monitoring", "stderr"], "values": [{"value": "    ", "step": null, "ts": 1651791959.5815592}]}, "version": 204}
{"obj": {"type": "LogStrings", "path": ["monitoring", "stderr"], "values": [{"value": "main(opt)", "step": null, "ts": 1651791959.5816433}]}, "version": 205}
{"obj": {"type": "LogStrings", "path": ["monitoring", "stderr"], "values": [{"value": "\n", "step": null, "ts": 1651791959.5817301}]}, "version": 206}
{"obj": {"type": "LogStrings", "path": ["monitoring", "stderr"], "values": [{"value": "  File \"main.py\", line 81, in main\n", "step": null, "ts": 1651791959.5818174}]}, "version": 207}
{"obj": {"type": "LogStrings", "path": ["monitoring", "stderr"], "values": [{"value": "    ", "step": null, "ts": 1651791959.5819478}]}, "version": 208}
{"obj": {"type": "LogStrings", "path": ["monitoring", "stderr"], "values": [{"value": "log_dict_train, _ = trainer.train(epoch, train_loader)", "step": null, "ts": 1651791959.5820282}]}, "version": 209}
{"obj": {"type": "LogStrings", "path": ["monitoring", "stderr"], "values": [{"value": "\n", "step": null, "ts": 1651791959.5821135}]}, "version": 210}
{"obj": {"type": "LogStrings", "path": ["monitoring", "stderr"], "values": [{"value": "  File \"/home/ndip/CenterNet/src/lib/trains/base_trainer.py\", line 119, in train\n", "step": null, "ts": 1651791959.5822043}]}, "version": 211}
{"obj": {"type": "LogStrings", "path": ["monitoring", "stderr"], "values": [{"value": "    ", "step": null, "ts": 1651791959.5823462}]}, "version": 212}
{"obj": {"type": "LogStrings", "path": ["monitoring", "stderr"], "values": [{"value": "return self.run_epoch('train', epoch, data_loader)", "step": null, "ts": 1651791959.5824277}]}, "version": 213}
{"obj": {"type": "LogStrings", "path": ["monitoring", "stderr"], "values": [{"value": "\n", "step": null, "ts": 1651791959.5825107}]}, "version": 214}
{"obj": {"type": "LogStrings", "path": ["monitoring", "stderr"], "values": [{"value": "  File \"/home/ndip/CenterNet/src/lib/trains/base_trainer.py\", line 61, in run_epoch\n", "step": null, "ts": 1651791959.5825987}]}, "version": 215}
{"obj": {"type": "LogStrings", "path": ["monitoring", "stderr"], "values": [{"value": "    ", "step": null, "ts": 1651791959.582722}]}, "version": 216}
{"obj": {"type": "LogStrings", "path": ["monitoring", "stderr"], "values": [{"value": "for iter_id, batch in enumerate(data_loader):", "step": null, "ts": 1651791959.5828016}]}, "version": 217}
{"obj": {"type": "LogStrings", "path": ["monitoring", "stderr"], "values": [{"value": "\n", "step": null, "ts": 1651791959.5828915}]}, "version": 218}
{"obj": {"type": "LogStrings", "path": ["monitoring", "stderr"], "values": [{"value": "  File \"/home/ndip/miniconda3/envs/CenterNet/lib/python3.6/site-packages/torch/utils/data/dataloader.py\", line 330, in __next__\n", "step": null, "ts": 1651791959.582977}]}, "version": 219}
{"obj": {"type": "LogStrings", "path": ["monitoring", "stderr"], "values": [{"value": "    ", "step": null, "ts": 1651791959.583162}]}, "version": 220}
{"obj": {"type": "LogStrings", "path": ["monitoring", "stderr"], "values": [{"value": "idx, batch = self._get_batch()", "step": null, "ts": 1651791959.5832415}]}, "version": 221}
{"obj": {"type": "LogStrings", "path": ["monitoring", "stderr"], "values": [{"value": "\n", "step": null, "ts": 1651791959.5833259}]}, "version": 222}
{"obj": {"type": "LogStrings", "path": ["monitoring", "stderr"], "values": [{"value": "  File \"/home/ndip/miniconda3/envs/CenterNet/lib/python3.6/site-packages/torch/utils/data/dataloader.py\", line 309, in _get_batch\n", "step": null, "ts": 1651791959.5834105}]}, "version": 223}
{"obj": {"type": "LogStrings", "path": ["monitoring", "stderr"], "values": [{"value": "    ", "step": null, "ts": 1651791959.5835857}]}, "version": 224}
{"obj": {"type": "LogStrings", "path": ["monitoring", "stderr"], "values": [{"value": "return self.data_queue.get()", "step": null, "ts": 1651791959.5836654}]}, "version": 225}
{"obj": {"type": "LogStrings", "path": ["monitoring", "stderr"], "values": [{"value": "\n", "step": null, "ts": 1651791959.5837479}]}, "version": 226}
{"obj": {"type": "LogStrings", "path": ["monitoring", "stderr"], "values": [{"value": "  File \"/home/ndip/miniconda3/envs/CenterNet/lib/python3.6/queue.py\", line 164, in get\n", "step": null, "ts": 1651791959.583832}]}, "version": 227}
{"obj": {"type": "LogStrings", "path": ["monitoring", "stderr"], "values": [{"value": "    ", "step": null, "ts": 1651791959.5839715}]}, "version": 228}
{"obj": {"type": "LogStrings", "path": ["monitoring", "stderr"], "values": [{"value": "self.not_empty.wait()", "step": null, "ts": 1651791959.584051}]}, "version": 229}
{"obj": {"type": "LogStrings", "path": ["monitoring", "stderr"], "values": [{"value": "\n", "step": null, "ts": 1651791959.584134}]}, "version": 230}
{"obj": {"type": "LogStrings", "path": ["monitoring", "stderr"], "values": [{"value": "  File \"/home/ndip/miniconda3/envs/CenterNet/lib/python3.6/threading.py\", line 295, in wait\n", "step": null, "ts": 1651791959.584219}]}, "version": 231}
{"obj": {"type": "LogStrings", "path": ["monitoring", "stderr"], "values": [{"value": "    ", "step": null, "ts": 1651791959.584388}]}, "version": 232}
{"obj": {"type": "LogStrings", "path": ["monitoring", "stderr"], "values": [{"value": "waiter.acquire()", "step": null, "ts": 1651791959.5844698}]}, "version": 233}
{"obj": {"type": "LogStrings", "path": ["monitoring", "stderr"], "values": [{"value": "\n", "step": null, "ts": 1651791959.5845516}]}, "version": 234}
{"obj": {"type": "LogStrings", "path": ["monitoring", "stderr"], "values": [{"value": "KeyboardInterrupt", "step": null, "ts": 1651791959.5846379}]}, "version": 235}
{"obj": {"type": "LogStrings", "path": ["monitoring", "stderr"], "values": [{"value": "", "step": null, "ts": 1651791959.5847144}]}, "version": 236}
{"obj": {"type": "ConfigFloatSeries", "path": ["monitoring", "cpu"], "min": 0.0, "max": 100.0, "unit": "%"}, "version": 9}
{"obj": {"type": "ClearFloatLog", "path": ["monitoring", "cpu"]}, "version": 10}
{"obj": {"type": "ConfigFloatSeries", "path": ["monitoring", "memory"], "min": 0.0, "max": 62.64727783203125, "unit": "GB"}, "version": 11}
{"obj": {"type": "ClearFloatLog", "path": ["monitoring", "memory"]}, "version": 12}
{"obj": {"type": "ConfigFloatSeries", "path": ["monitoring", "gpu"], "min": 0.0, "max": 100.0, "unit": "%"}, "version": 13}
{"obj": {"type": "ClearFloatLog", "path": ["monitoring", "gpu"]}, "version": 14}
{"obj": {"type": "ConfigFloatSeries", "path": ["monitoring", "gpu_memory"], "min": 0.0, "max": 24.0, "unit": "GB"}, "version": 15}
{"obj": {"type": "ClearFloatLog", "path": ["monitoring", "gpu_memory"]}, "version": 16}
{"obj": {"type": "LogStrings", "path": ["monitoring", "stdout"], "values": [{"value": "Creating model...", "step": null, "ts": 1651791601.7611365}]}, "version": 17}
{"obj": {"type": "LogStrings", "path": ["monitoring", "stdout"], "values": [{"value": "\n", "step": null, "ts": 1651791601.7613697}]}, "version": 18}
{"obj": {"type": "LogFloats", "path": ["monitoring", "cpu"], "values": [{"value": 2.8, "step": null, "ts": 1651791601.7549493}]}, "version": 19}
{"obj": {"type": "LogFloats", "path": ["monitoring", "memory"], "values": [{"value": 1.7337265014648438, "step": null, "ts": 1651791601.7549493}]}, "version": 20}
{"obj": {"type": "LogFloats", "path": ["monitoring", "gpu_memory"], "values": [{"value": 0.35302734375, "step": null, "ts": 1651791601.7549493}]}, "version": 21}
{"obj": {"type": "LogStrings", "path": ["monitoring", "stdout"], "values": [{"value": "loaded /home/ndip/CenterNet/src/lib/../../exp/multi_pose/dla_1x/model_last.pth, epoch 21", "step": null, "ts": 1651791602.0984273}]}, "version": 22}
{"obj": {"type": "LogStrings", "path": ["monitoring", "stdout"], "values": [{"value": "\n", "step": null, "ts": 1651791602.098656}]}, "version": 23}
{"obj": {"type": "LogStrings", "path": ["monitoring", "stdout"], "values": [{"value": "Resumed optimizer with start lr", "step": null, "ts": 1651791602.1793773}]}, "version": 24}
{"obj": {"type": "LogStrings", "path": ["monitoring", "stdout"], "values": [{"value": " ", "step": null, "ts": 1651791602.1795647}]}, "version": 25}
{"obj": {"type": "LogStrings", "path": ["monitoring", "stdout"], "values": [{"value": "0.00025", "step": null, "ts": 1651791602.1796305}]}, "version": 26}
{"obj": {"type": "LogStrings", "path": ["monitoring", "stdout"], "values": [{"value": "\n", "step": null, "ts": 1651791602.1797104}]}, "version": 27}
{"obj": {"type": "LogStrings", "path": ["monitoring", "stdout"], "values": [{"value": "Setting up data...", "step": null, "ts": 1651791603.7170877}]}, "version": 28}
{"obj": {"type": "LogStrings", "path": ["monitoring", "stdout"], "values": [{"value": "\n", "step": null, "ts": 1651791603.7173028}]}, "version": 29}
{"obj": {"type": "LogStrings", "path": ["monitoring", "stdout"], "values": [{"value": "==> initializing theodore valid data.", "step": null, "ts": 1651791603.7177892}]}, "version": 30}
{"obj": {"type": "LogStrings", "path": ["monitoring", "stdout"], "values": [{"value": "\n", "step": null, "ts": 1651791603.7178688}]}, "version": 31}
{"obj": {"type": "LogStrings", "path": ["monitoring", "stdout"], "values": [{"value": "loading annotations into memory...", "step": null, "ts": 1651791603.7179537}]}, "version": 32}
{"obj": {"type": "LogStrings", "path": ["monitoring", "stdout"], "values": [{"value": "\n", "step": null, "ts": 1651791603.7180214}]}, "version": 33}
{"obj": {"type": "LogStrings", "path": ["monitoring", "stdout"], "values": [{"value": "Done (t=0.26s)", "step": null, "ts": 1651791603.9732246}]}, "version": 34}
{"obj": {"type": "LogStrings", "path": ["monitoring", "stdout"], "values": [{"value": "\n", "step": null, "ts": 1651791603.9734297}]}, "version": 35}
{"obj": {"type": "LogStrings", "path": ["monitoring", "stdout"], "values": [{"value": "creating index...", "step": null, "ts": 1651791603.9735036}]}, "version": 36}
{"obj": {"type": "LogStrings", "path": ["monitoring", "stdout"], "values": [{"value": "\n", "step": null, "ts": 1651791603.9735715}]}, "version": 37}
{"obj": {"type": "LogStrings", "path": ["monitoring", "stdout"], "values": [{"value": "index created!", "step": null, "ts": 1651791603.984264}]}, "version": 38}
{"obj": {"type": "LogStrings", "path": ["monitoring", "stdout"], "values": [{"value": "\n", "step": null, "ts": 1651791603.984471}]}, "version": 39}
{"obj": {"type": "LogStrings", "path": ["monitoring", "stdout"], "values": [{"value": "Loaded valid 6250 samples", "step": null, "ts": 1651791603.9846826}]}, "version": 40}
{"obj": {"type": "LogStrings", "path": ["monitoring", "stdout"], "values": [{"value": "\n", "step": null, "ts": 1651791603.9847505}]}, "version": 41}
{"obj": {"type": "LogStrings", "path": ["monitoring", "stdout"], "values": [{"value": "==> initializing theodore train data.", "step": null, "ts": 1651791603.985143}]}, "version": 42}
{"obj": {"type": "LogStrings", "path": ["monitoring", "stdout"], "values": [{"value": "\n", "step": null, "ts": 1651791603.985218}]}, "version": 43}
{"obj": {"type": "LogStrings", "path": ["monitoring", "stdout"], "values": [{"value": "loading annotations into memory...", "step": null, "ts": 1651791603.985281}]}, "version": 44}
{"obj": {"type": "LogStrings", "path": ["monitoring", "stdout"], "values": [{"value": "\n", "step": null, "ts": 1651791603.9853456}]}, "version": 45}
{"obj": {"type": "LogStrings", "path": ["monitoring", "stdout"], "values": [{"value": "Done (t=1.96s)", "step": null, "ts": 1651791605.9464743}]}, "version": 46}
{"obj": {"type": "LogStrings", "path": ["monitoring", "stdout"], "values": [{"value": "\n", "step": null, "ts": 1651791605.94668}]}, "version": 47}
{"obj": {"type": "LogStrings", "path": ["monitoring", "stdout"], "values": [{"value": "creating index...", "step": null, "ts": 1651791605.9467506}]}, "version": 48}
{"obj": {"type": "LogStrings", "path": ["monitoring", "stdout"], "values": [{"value": "\n", "step": null, "ts": 1651791605.9468188}]}, "version": 49}
{"obj": {"type": "LogStrings", "path": ["monitoring", "stdout"], "values": [{"value": "index created!", "step": null, "ts": 1651791606.0244055}]}, "version": 50}
{"obj": {"type": "LogStrings", "path": ["monitoring", "stdout"], "values": [{"value": "\n", "step": null, "ts": 1651791606.024671}]}, "version": 51}
{"obj": {"type": "LogStrings", "path": ["monitoring", "stdout"], "values": [{"value": "Loaded train 49917 samples", "step": null, "ts": 1651791606.1477747}]}, "version": 52}
{"obj": {"type": "LogStrings", "path": ["monitoring", "stdout"], "values": [{"value": "\n", "step": null, "ts": 1651791606.1479888}]}, "version": 53}
{"obj": {"type": "AssignFloat", "path": ["parameters", "learning_rate"], "value": 0.00025}, "version": 54}
{"obj": {"type": "AssignString", "path": ["parameters", "optimizer"], "value": "Adam (\nParameter Group 0\n    amsgrad: False\n    betas: (0.9, 0.999)\n    eps: 1e-08\n    lr: 0.00025\n    weight_decay: 0\n)"}, "version": 55}
{"obj": {"type": "LogStrings", "path": ["monitoring", "stdout"], "values": [{"value": "Starting training...", "step": null, "ts": 1651791606.1493208}]}, "version": 56}
{"obj": {"type": "LogStrings", "path": ["monitoring", "stdout"], "values": [{"value": "\n", "step": null, "ts": 1651791606.1493995}]}, "version": 57}
{"obj": {"type": "LogFloats", "path": ["loss"], "values": [{"value": 0.09847709021836118, "step": null, "ts": 1651791606.149478}]}, "version": 58}
{"obj": {"type": "LogStrings", "path": ["monitoring", "stderr"], "values": [{"value": "Process Process-1:\n", "step": null, "ts": 1651791959.5920618}]}, "version": 59}
{"obj": {"type": "LogStrings", "path": ["monitoring", "stderr"], "values": [{"value": "Traceback (most recent call last):\n", "step": null, "ts": 1651791959.593496}]}, "version": 60}
{"obj": {"type": "LogStrings", "path": ["monitoring", "stderr"], "values": [{"value": "", "step": null, "ts": 1651791959.5935705}]}, "version": 61}
{"obj": {"type": "LogStrings", "path": ["monitoring", "stderr"], "values": [{"value": "  File \"/home/ndip/miniconda3/envs/CenterNet/lib/python3.6/multiprocessing/process.py\", line 258, in _bootstrap\n    self.run()\n", "step": null, "ts": 1651791959.593665}]}, "version": 62}
{"obj": {"type": "ConfigFloatSeries", "path": ["monitoring", "cpu"], "min": 0.0, "max": 100.0, "unit": "%"}, "version": 9}
{"obj": {"type": "ClearFloatLog", "path": ["monitoring", "cpu"]}, "version": 10}
{"obj": {"type": "ConfigFloatSeries", "path": ["monitoring", "memory"], "min": 0.0, "max": 62.64727783203125, "unit": "GB"}, "version": 11}
{"obj": {"type": "ClearFloatLog", "path": ["monitoring", "memory"]}, "version": 12}
{"obj": {"type": "ConfigFloatSeries", "path": ["monitoring", "gpu"], "min": 0.0, "max": 100.0, "unit": "%"}, "version": 13}
{"obj": {"type": "ClearFloatLog", "path": ["monitoring", "gpu"]}, "version": 14}
{"obj": {"type": "ConfigFloatSeries", "path": ["monitoring", "gpu_memory"], "min": 0.0, "max": 24.0, "unit": "GB"}, "version": 15}
{"obj": {"type": "ClearFloatLog", "path": ["monitoring", "gpu_memory"]}, "version": 16}
{"obj": {"type": "LogStrings", "path": ["monitoring", "stdout"], "values": [{"value": "Creating model...", "step": null, "ts": 1651791601.7611365}]}, "version": 17}
{"obj": {"type": "LogStrings", "path": ["monitoring", "stdout"], "values": [{"value": "\n", "step": null, "ts": 1651791601.7613697}]}, "version": 18}
{"obj": {"type": "LogFloats", "path": ["monitoring", "cpu"], "values": [{"value": 2.8, "step": null, "ts": 1651791601.7549493}]}, "version": 19}
{"obj": {"type": "LogFloats", "path": ["monitoring", "memory"], "values": [{"value": 1.7337265014648438, "step": null, "ts": 1651791601.7549493}]}, "version": 20}
{"obj": {"type": "LogFloats", "path": ["monitoring", "gpu_memory"], "values": [{"value": 0.35302734375, "step": null, "ts": 1651791601.7549493}]}, "version": 21}
{"obj": {"type": "LogStrings", "path": ["monitoring", "stdout"], "values": [{"value": "loaded /home/ndip/CenterNet/src/lib/../../exp/multi_pose/dla_1x/model_last.pth, epoch 21", "step": null, "ts": 1651791602.0984273}]}, "version": 22}
{"obj": {"type": "LogStrings", "path": ["monitoring", "stdout"], "values": [{"value": "\n", "step": null, "ts": 1651791602.098656}]}, "version": 23}
{"obj": {"type": "LogStrings", "path": ["monitoring", "stdout"], "values": [{"value": "Resumed optimizer with start lr", "step": null, "ts": 1651791602.1793773}]}, "version": 24}
{"obj": {"type": "LogStrings", "path": ["monitoring", "stdout"], "values": [{"value": " ", "step": null, "ts": 1651791602.1795647}]}, "version": 25}
{"obj": {"type": "LogStrings", "path": ["monitoring", "stdout"], "values": [{"value": "0.00025", "step": null, "ts": 1651791602.1796305}]}, "version": 26}
{"obj": {"type": "LogStrings", "path": ["monitoring", "stdout"], "values": [{"value": "\n", "step": null, "ts": 1651791602.1797104}]}, "version": 27}
{"obj": {"type": "LogStrings", "path": ["monitoring", "stdout"], "values": [{"value": "Setting up data...", "step": null, "ts": 1651791603.7170877}]}, "version": 28}
{"obj": {"type": "LogStrings", "path": ["monitoring", "stdout"], "values": [{"value": "\n", "step": null, "ts": 1651791603.7173028}]}, "version": 29}
{"obj": {"type": "LogStrings", "path": ["monitoring", "stdout"], "values": [{"value": "==> initializing theodore valid data.", "step": null, "ts": 1651791603.7177892}]}, "version": 30}
{"obj": {"type": "LogStrings", "path": ["monitoring", "stdout"], "values": [{"value": "\n", "step": null, "ts": 1651791603.7178688}]}, "version": 31}
{"obj": {"type": "LogStrings", "path": ["monitoring", "stdout"], "values": [{"value": "loading annotations into memory...", "step": null, "ts": 1651791603.7179537}]}, "version": 32}
{"obj": {"type": "LogStrings", "path": ["monitoring", "stdout"], "values": [{"value": "\n", "step": null, "ts": 1651791603.7180214}]}, "version": 33}
{"obj": {"type": "LogStrings", "path": ["monitoring", "stdout"], "values": [{"value": "Done (t=0.26s)", "step": null, "ts": 1651791603.9732246}]}, "version": 34}
{"obj": {"type": "LogStrings", "path": ["monitoring", "stdout"], "values": [{"value": "\n", "step": null, "ts": 1651791603.9734297}]}, "version": 35}
{"obj": {"type": "LogStrings", "path": ["monitoring", "stdout"], "values": [{"value": "creating index...", "step": null, "ts": 1651791603.9735036}]}, "version": 36}
{"obj": {"type": "LogStrings", "path": ["monitoring", "stdout"], "values": [{"value": "\n", "step": null, "ts": 1651791603.9735715}]}, "version": 37}
{"obj": {"type": "LogStrings", "path": ["monitoring", "stdout"], "values": [{"value": "index created!", "step": null, "ts": 1651791603.984264}]}, "version": 38}
{"obj": {"type": "LogStrings", "path": ["monitoring", "stdout"], "values": [{"value": "\n", "step": null, "ts": 1651791603.984471}]}, "version": 39}
{"obj": {"type": "LogStrings", "path": ["monitoring", "stdout"], "values": [{"value": "Loaded valid 6250 samples", "step": null, "ts": 1651791603.9846826}]}, "version": 40}
{"obj": {"type": "LogStrings", "path": ["monitoring", "stdout"], "values": [{"value": "\n", "step": null, "ts": 1651791603.9847505}]}, "version": 41}
{"obj": {"type": "LogStrings", "path": ["monitoring", "stdout"], "values": [{"value": "==> initializing theodore train data.", "step": null, "ts": 1651791603.985143}]}, "version": 42}
{"obj": {"type": "LogStrings", "path": ["monitoring", "stdout"], "values": [{"value": "\n", "step": null, "ts": 1651791603.985218}]}, "version": 43}
{"obj": {"type": "LogStrings", "path": ["monitoring", "stdout"], "values": [{"value": "loading annotations into memory...", "step": null, "ts": 1651791603.985281}]}, "version": 44}
{"obj": {"type": "LogStrings", "path": ["monitoring", "stdout"], "values": [{"value": "\n", "step": null, "ts": 1651791603.9853456}]}, "version": 45}
{"obj": {"type": "LogStrings", "path": ["monitoring", "stdout"], "values": [{"value": "Done (t=1.96s)", "step": null, "ts": 1651791605.9464743}]}, "version": 46}
{"obj": {"type": "LogStrings", "path": ["monitoring", "stdout"], "values": [{"value": "\n", "step": null, "ts": 1651791605.94668}]}, "version": 47}
{"obj": {"type": "LogStrings", "path": ["monitoring", "stdout"], "values": [{"value": "creating index...", "step": null, "ts": 1651791605.9467506}]}, "version": 48}
{"obj": {"type": "LogStrings", "path": ["monitoring", "stdout"], "values": [{"value": "\n", "step": null, "ts": 1651791605.9468188}]}, "version": 49}
{"obj": {"type": "LogStrings", "path": ["monitoring", "stdout"], "values": [{"value": "index created!", "step": null, "ts": 1651791606.0244055}]}, "version": 50}
{"obj": {"type": "LogStrings", "path": ["monitoring", "stdout"], "values": [{"value": "\n", "step": null, "ts": 1651791606.024671}]}, "version": 51}
{"obj": {"type": "LogStrings", "path": ["monitoring", "stdout"], "values": [{"value": "Loaded train 49917 samples", "step": null, "ts": 1651791606.1477747}]}, "version": 52}
{"obj": {"type": "LogStrings", "path": ["monitoring", "stdout"], "values": [{"value": "\n", "step": null, "ts": 1651791606.1479888}]}, "version": 53}
{"obj": {"type": "AssignFloat", "path": ["parameters", "learning_rate"], "value": 0.00025}, "version": 54}
{"obj": {"type": "AssignString", "path": ["parameters", "optimizer"], "value": "Adam (\nParameter Group 0\n    amsgrad: False\n    betas: (0.9, 0.999)\n    eps: 1e-08\n    lr: 0.00025\n    weight_decay: 0\n)"}, "version": 55}
{"obj": {"type": "LogStrings", "path": ["monitoring", "stdout"], "values": [{"value": "Starting training...", "step": null, "ts": 1651791606.1493208}]}, "version": 56}
{"obj": {"type": "LogStrings", "path": ["monitoring", "stdout"], "values": [{"value": "\n", "step": null, "ts": 1651791606.1493995}]}, "version": 57}
{"obj": {"type": "LogFloats", "path": ["loss"], "values": [{"value": 0.09847709021836118, "step": null, "ts": 1651791606.149478}]}, "version": 58}
{"obj": {"type": "LogStrings", "path": ["monitoring", "stderr"], "values": [{"value": "Process Process-3:\n", "step": null, "ts": 1651791959.5947378}]}, "version": 59}
{"obj": {"type": "LogStrings", "path": ["monitoring", "stderr"], "values": [{"value": "Traceback (most recent call last):\n", "step": null, "ts": 1651791959.596233}]}, "version": 60}
{"obj": {"type": "LogStrings", "path": ["monitoring", "stderr"], "values": [{"value": "", "step": null, "ts": 1651791959.5963972}]}, "version": 61}
{"obj": {"type": "LogStrings", "path": ["monitoring", "stderr"], "values": [{"value": "  File \"/home/ndip/miniconda3/envs/CenterNet/lib/python3.6/multiprocessing/process.py\", line 258, in _bootstrap\n    self.run()\n", "step": null, "ts": 1651791959.5966103}]}, "version": 62}
{"obj": {"type": "LogStrings", "path": ["monitoring", "stderr"], "values": [{"value": "\n", "step": null, "ts": 1651791959.584822}]}, "version": 237}
{"obj": {"type": "LogStrings", "path": ["monitoring", "stdout"], "values": [{"value": "", "step": null, "ts": 1651791959.5850797}]}, "version": 238}
{"obj": {"type": "LogStrings", "path": ["monitoring", "stdout"], "values": [{"value": "Shutting down background jobs, please wait a moment...\n", "step": null, "ts": 1651791959.5852365}]}, "version": 239}
